{"C:\\Users\\Alex\\proyecto-comun-2526-futbol\\backend-node\\server.js": {"path":"C:\\Users\\Alex\\proyecto-comun-2526-futbol\\backend-node\\server.js","statementMap":{"0":{"start":{"line":1,"column":16},"end":{"line":1,"column":34}},"1":{"start":{"line":2,"column":13},"end":{"line":2,"column":28}},"2":{"start":{"line":3,"column":0},"end":{"line":3,"column":27}},"3":{"start":{"line":6,"column":0},"end":{"line":6,"column":31}},"4":{"start":{"line":8,"column":18},"end":{"line":8,"column":51}},"5":{"start":{"line":9,"column":18},"end":{"line":9,"column":47}},"6":{"start":{"line":10,"column":20},"end":{"line":10,"column":56}},"7":{"start":{"line":12,"column":12},"end":{"line":12,"column":21}},"8":{"start":{"line":13,"column":13},"end":{"line":13,"column":37}},"9":{"start":{"line":15,"column":0},"end":{"line":15,"column":16}},"10":{"start":{"line":16,"column":0},"end":{"line":16,"column":24}},"11":{"start":{"line":17,"column":0},"end":{"line":17,"column":49}},"12":{"start":{"line":20,"column":26},"end":{"line":20,"column":65}},"13":{"start":{"line":21,"column":0},"end":{"line":21,"column":27}},"14":{"start":{"line":24,"column":0},"end":{"line":24,"column":68}},"15":{"start":{"line":27,"column":0},"end":{"line":27,"column":27}},"16":{"start":{"line":29,"column":0},"end":{"line":34,"column":3}},"17":{"start":{"line":30,"column":2},"end":{"line":33,"column":5}},"18":{"start":{"line":37,"column":26},"end":{"line":37,"column":68}},"19":{"start":{"line":38,"column":0},"end":{"line":40,"column":3}},"20":{"start":{"line":39,"column":2},"end":{"line":39,"column":54}},"21":{"start":{"line":42,"column":0},"end":{"line":46,"column":1}},"22":{"start":{"line":43,"column":2},"end":{"line":45,"column":5}},"23":{"start":{"line":44,"column":4},"end":{"line":44,"column":53}},"24":{"start":{"line":48,"column":0},"end":{"line":48,"column":21}}},"fnMap":{"0":{"name":"(anonymous_0)","decl":{"start":{"line":29,"column":13},"end":{"line":29,"column":14}},"loc":{"start":{"line":29,"column":27},"end":{"line":34,"column":1}},"line":29},"1":{"name":"(anonymous_1)","decl":{"start":{"line":38,"column":8},"end":{"line":38,"column":9}},"loc":{"start":{"line":38,"column":22},"end":{"line":40,"column":1}},"line":38},"2":{"name":"(anonymous_2)","decl":{"start":{"line":43,"column":19},"end":{"line":43,"column":20}},"loc":{"start":{"line":43,"column":25},"end":{"line":45,"column":3}},"line":43}},"branchMap":{"0":{"loc":{"start":{"line":13,"column":13},"end":{"line":13,"column":37}},"type":"binary-expr","locations":[{"start":{"line":13,"column":13},"end":{"line":13,"column":29}},{"start":{"line":13,"column":33},"end":{"line":13,"column":37}}],"line":13},"1":{"loc":{"start":{"line":42,"column":0},"end":{"line":46,"column":1}},"type":"if","locations":[{"start":{"line":42,"column":0},"end":{"line":46,"column":1}},{"start":{},"end":{}}],"line":42}},"s":{"0":3,"1":3,"2":3,"3":3,"4":3,"5":3,"6":3,"7":3,"8":3,"9":3,"10":3,"11":3,"12":3,"13":3,"14":3,"15":3,"16":3,"17":0,"18":3,"19":3,"20":1,"21":3,"22":0,"23":0,"24":3},"f":{"0":0,"1":1,"2":0},"b":{"0":[3,0],"1":[0,3]},"_coverageSchema":"1a1c01bbd47fc00a2c39e90264f33305004495a9","hash":"28b4e121d184b4431d304c5c1d0b99a6d8a9cc77"}
,"C:\\Users\\Alex\\proyecto-comun-2526-futbol\\backend-node\\app_api\\controllers\\ai.js": {"path":"C:\\Users\\Alex\\proyecto-comun-2526-futbol\\backend-node\\app_api\\controllers\\ai.js","statementMap":{"0":{"start":{"line":1,"column":18},"end":{"line":1,"column":51}},"1":{"start":{"line":2,"column":17},"end":{"line":2,"column":36}},"2":{"start":{"line":3,"column":15},"end":{"line":3,"column":39}},"3":{"start":{"line":9,"column":22},"end":{"line":45,"column":1}},"4":{"start":{"line":10,"column":4},"end":{"line":44,"column":5}},"5":{"start":{"line":12,"column":28},"end":{"line":12,"column":40}},"6":{"start":{"line":17,"column":24},"end":{"line":17,"column":67}},"7":{"start":{"line":19,"column":8},"end":{"line":23,"column":9}},"8":{"start":{"line":20,"column":12},"end":{"line":22,"column":15}},"9":{"start":{"line":26,"column":25},"end":{"line":26,"column":64}},"10":{"start":{"line":28,"column":8},"end":{"line":37,"column":11}},"11":{"start":{"line":40,"column":8},"end":{"line":40,"column":54}},"12":{"start":{"line":41,"column":8},"end":{"line":43,"column":11}},"13":{"start":{"line":47,"column":0},"end":{"line":49,"column":2}}},"fnMap":{"0":{"name":"(anonymous_0)","decl":{"start":{"line":9,"column":22},"end":{"line":9,"column":23}},"loc":{"start":{"line":9,"column":42},"end":{"line":45,"column":1}},"line":9}},"branchMap":{"0":{"loc":{"start":{"line":19,"column":8},"end":{"line":23,"column":9}},"type":"if","locations":[{"start":{"line":19,"column":8},"end":{"line":23,"column":9}},{"start":{},"end":{}}],"line":19},"1":{"loc":{"start":{"line":19,"column":12},"end":{"line":19,"column":44}},"type":"binary-expr","locations":[{"start":{"line":19,"column":12},"end":{"line":19,"column":20}},{"start":{"line":19,"column":24},"end":{"line":19,"column":44}}],"line":19}},"s":{"0":3,"1":3,"2":3,"3":3,"4":0,"5":0,"6":0,"7":0,"8":0,"9":0,"10":0,"11":0,"12":0,"13":3},"f":{"0":0},"b":{"0":[0,0],"1":[0,0]},"_coverageSchema":"1a1c01bbd47fc00a2c39e90264f33305004495a9","hash":"23a89b45f1821023dec1fd19fe558b1cf6227f58"}
,"C:\\Users\\Alex\\proyecto-comun-2526-futbol\\backend-node\\app_api\\controllers\\apiResult.js": {"path":"C:\\Users\\Alex\\proyecto-comun-2526-futbol\\backend-node\\app_api\\controllers\\apiResult.js","statementMap":{"0":{"start":{"line":2,"column":15},"end":{"line":2,"column":32}},"1":{"start":{"line":4,"column":22},"end":{"line":15,"column":1}},"2":{"start":{"line":5,"column":4},"end":{"line":14,"column":7}},"3":{"start":{"line":17,"column":0},"end":{"line":17,"column":35}}},"fnMap":{"0":{"name":"(anonymous_0)","decl":{"start":{"line":4,"column":22},"end":{"line":4,"column":23}},"loc":{"start":{"line":4,"column":58},"end":{"line":15,"column":1}},"line":4}},"branchMap":{"0":{"loc":{"start":{"line":4,"column":42},"end":{"line":4,"column":53}},"type":"default-arg","locations":[{"start":{"line":4,"column":49},"end":{"line":4,"column":53}}],"line":4},"1":{"loc":{"start":{"line":9,"column":25},"end":{"line":9,"column":60}},"type":"cond-expr","locations":[{"start":{"line":9,"column":48},"end":{"line":9,"column":52}},{"start":{"line":9,"column":55},"end":{"line":9,"column":60}}],"line":9}},"s":{"0":3,"1":3,"2":13,"3":3},"f":{"0":13},"b":{"0":[5],"1":[10,3]},"_coverageSchema":"1a1c01bbd47fc00a2c39e90264f33305004495a9","hash":"4248076d336eb69d00f62572413619e90015e08f"}
,"C:\\Users\\Alex\\proyecto-comun-2526-futbol\\backend-node\\app_api\\controllers\\auth.js": {"path":"C:\\Users\\Alex\\proyecto-comun-2526-futbol\\backend-node\\app_api\\controllers\\auth.js","statementMap":{"0":{"start":{"line":1,"column":17},"end":{"line":1,"column":36}},"1":{"start":{"line":2,"column":13},"end":{"line":2,"column":35}},"2":{"start":{"line":3,"column":14},"end":{"line":3,"column":43}},"3":{"start":{"line":4,"column":24},"end":{"line":4,"column":52}},"4":{"start":{"line":5,"column":26},"end":{"line":5,"column":48}},"5":{"start":{"line":11,"column":22},"end":{"line":83,"column":1}},"6":{"start":{"line":12,"column":24},"end":{"line":12,"column":32}},"7":{"start":{"line":14,"column":4},"end":{"line":16,"column":5}},"8":{"start":{"line":15,"column":8},"end":{"line":15,"column":71}},"9":{"start":{"line":18,"column":4},"end":{"line":82,"column":5}},"10":{"start":{"line":23,"column":8},"end":{"line":41,"column":9}},"11":{"start":{"line":24,"column":12},"end":{"line":24,"column":70}},"12":{"start":{"line":26,"column":12},"end":{"line":31,"column":14}},"13":{"start":{"line":33,"column":33},"end":{"line":33,"column":74}},"14":{"start":{"line":34,"column":12},"end":{"line":40,"column":14}},"15":{"start":{"line":44,"column":19},"end":{"line":44,"column":72}},"16":{"start":{"line":46,"column":8},"end":{"line":64,"column":9}},"17":{"start":{"line":49,"column":28},"end":{"line":49,"column":48}},"18":{"start":{"line":51,"column":12},"end":{"line":57,"column":15}},"19":{"start":{"line":58,"column":12},"end":{"line":58,"column":84}},"20":{"start":{"line":61,"column":12},"end":{"line":61,"column":42}},"21":{"start":{"line":62,"column":12},"end":{"line":62,"column":48}},"22":{"start":{"line":63,"column":12},"end":{"line":63,"column":30}},"23":{"start":{"line":67,"column":22},"end":{"line":67,"column":62}},"24":{"start":{"line":69,"column":8},"end":{"line":77,"column":11}},"25":{"start":{"line":80,"column":8},"end":{"line":80,"column":56}},"26":{"start":{"line":81,"column":8},"end":{"line":81,"column":96}},"27":{"start":{"line":85,"column":0},"end":{"line":87,"column":2}}},"fnMap":{"0":{"name":"(anonymous_0)","decl":{"start":{"line":11,"column":22},"end":{"line":11,"column":23}},"loc":{"start":{"line":11,"column":42},"end":{"line":83,"column":1}},"line":11}},"branchMap":{"0":{"loc":{"start":{"line":14,"column":4},"end":{"line":16,"column":5}},"type":"if","locations":[{"start":{"line":14,"column":4},"end":{"line":16,"column":5}},{"start":{},"end":{}}],"line":14},"1":{"loc":{"start":{"line":23,"column":8},"end":{"line":41,"column":9}},"type":"if","locations":[{"start":{"line":23,"column":8},"end":{"line":41,"column":9}},{"start":{"line":32,"column":15},"end":{"line":41,"column":9}}],"line":23},"2":{"loc":{"start":{"line":23,"column":12},"end":{"line":23,"column":91}},"type":"binary-expr","locations":[{"start":{"line":23,"column":12},"end":{"line":23,"column":50}},{"start":{"line":23,"column":54},"end":{"line":23,"column":91}}],"line":23},"3":{"loc":{"start":{"line":37,"column":22},"end":{"line":37,"column":75}},"type":"binary-expr","locations":[{"start":{"line":37,"column":22},"end":{"line":37,"column":39}},{"start":{"line":37,"column":43},"end":{"line":37,"column":75}}],"line":37},"4":{"loc":{"start":{"line":38,"column":25},"end":{"line":38,"column":51}},"type":"binary-expr","locations":[{"start":{"line":38,"column":25},"end":{"line":38,"column":45}},{"start":{"line":38,"column":49},"end":{"line":38,"column":51}}],"line":38},"5":{"loc":{"start":{"line":46,"column":8},"end":{"line":64,"column":9}},"type":"if","locations":[{"start":{"line":46,"column":8},"end":{"line":64,"column":9}},{"start":{"line":59,"column":15},"end":{"line":64,"column":9}}],"line":46},"6":{"loc":{"start":{"line":56,"column":22},"end":{"line":56,"column":48}},"type":"cond-expr","locations":[{"start":{"line":56,"column":32},"end":{"line":56,"column":39}},{"start":{"line":56,"column":42},"end":{"line":56,"column":48}}],"line":56}},"s":{"0":3,"1":3,"2":3,"3":3,"4":3,"5":3,"6":0,"7":0,"8":0,"9":0,"10":0,"11":0,"12":0,"13":0,"14":0,"15":0,"16":0,"17":0,"18":0,"19":0,"20":0,"21":0,"22":0,"23":0,"24":0,"25":0,"26":0,"27":3},"f":{"0":0},"b":{"0":[0,0],"1":[0,0],"2":[0,0],"3":[0,0],"4":[0,0],"5":[0,0],"6":[0,0]},"_coverageSchema":"1a1c01bbd47fc00a2c39e90264f33305004495a9","hash":"b4e577e32c6ea1b7ac348484c831a96fdf5f4c6a"}
,"C:\\Users\\Alex\\proyecto-comun-2526-futbol\\backend-node\\app_api\\controllers\\comments.js": {"path":"C:\\Users\\Alex\\proyecto-comun-2526-futbol\\backend-node\\app_api\\controllers\\comments.js","statementMap":{"0":{"start":{"line":1,"column":17},"end":{"line":1,"column":36}},"1":{"start":{"line":2,"column":15},"end":{"line":2,"column":39}},"2":{"start":{"line":3,"column":26},"end":{"line":3,"column":48}},"3":{"start":{"line":6,"column":23},"end":{"line":22,"column":1}},"4":{"start":{"line":7,"column":4},"end":{"line":21,"column":5}},"5":{"start":{"line":8,"column":23},"end":{"line":8,"column":72}},"6":{"start":{"line":9,"column":8},"end":{"line":11,"column":9}},"7":{"start":{"line":10,"column":12},"end":{"line":10,"column":68}},"8":{"start":{"line":13,"column":8},"end":{"line":13,"column":39}},"9":{"start":{"line":14,"column":28},"end":{"line":14,"column":47}},"10":{"start":{"line":15,"column":28},"end":{"line":15,"column":81}},"11":{"start":{"line":17,"column":8},"end":{"line":17,"column":85}},"12":{"start":{"line":20,"column":8},"end":{"line":20,"column":78}},"13":{"start":{"line":25,"column":24},"end":{"line":41,"column":1}},"14":{"start":{"line":26,"column":4},"end":{"line":40,"column":5}},"15":{"start":{"line":27,"column":23},"end":{"line":27,"column":96}},"16":{"start":{"line":28,"column":8},"end":{"line":30,"column":9}},"17":{"start":{"line":29,"column":12},"end":{"line":29,"column":68}},"18":{"start":{"line":32,"column":24},"end":{"line":32,"column":64}},"19":{"start":{"line":33,"column":8},"end":{"line":35,"column":9}},"20":{"start":{"line":34,"column":12},"end":{"line":34,"column":71}},"21":{"start":{"line":37,"column":8},"end":{"line":37,"column":81}},"22":{"start":{"line":39,"column":8},"end":{"line":39,"column":76}},"23":{"start":{"line":44,"column":26},"end":{"line":63,"column":1}},"24":{"start":{"line":45,"column":4},"end":{"line":62,"column":5}},"25":{"start":{"line":46,"column":23},"end":{"line":46,"column":72}},"26":{"start":{"line":47,"column":8},"end":{"line":49,"column":9}},"27":{"start":{"line":48,"column":12},"end":{"line":48,"column":68}},"28":{"start":{"line":51,"column":24},"end":{"line":51,"column":64}},"29":{"start":{"line":52,"column":8},"end":{"line":54,"column":9}},"30":{"start":{"line":53,"column":12},"end":{"line":53,"column":83}},"31":{"start":{"line":56,"column":8},"end":{"line":56,"column":51}},"32":{"start":{"line":57,"column":8},"end":{"line":57,"column":28}},"33":{"start":{"line":59,"column":8},"end":{"line":59,"column":55}},"34":{"start":{"line":61,"column":8},"end":{"line":61,"column":78}},"35":{"start":{"line":66,"column":26},"end":{"line":88,"column":1}},"36":{"start":{"line":67,"column":4},"end":{"line":87,"column":5}},"37":{"start":{"line":68,"column":23},"end":{"line":68,"column":72}},"38":{"start":{"line":69,"column":8},"end":{"line":71,"column":9}},"39":{"start":{"line":70,"column":12},"end":{"line":70,"column":68}},"40":{"start":{"line":73,"column":24},"end":{"line":73,"column":64}},"41":{"start":{"line":74,"column":8},"end":{"line":76,"column":9}},"42":{"start":{"line":75,"column":12},"end":{"line":75,"column":87}},"43":{"start":{"line":79,"column":8},"end":{"line":79,"column":65}},"44":{"start":{"line":79,"column":30},"end":{"line":79,"column":65}},"45":{"start":{"line":80,"column":8},"end":{"line":80,"column":62}},"46":{"start":{"line":80,"column":29},"end":{"line":80,"column":62}},"47":{"start":{"line":81,"column":8},"end":{"line":81,"column":71}},"48":{"start":{"line":81,"column":32},"end":{"line":81,"column":71}},"49":{"start":{"line":83,"column":8},"end":{"line":83,"column":28}},"50":{"start":{"line":84,"column":8},"end":{"line":84,"column":77}},"51":{"start":{"line":86,"column":8},"end":{"line":86,"column":82}},"52":{"start":{"line":90,"column":0},"end":{"line":95,"column":2}}},"fnMap":{"0":{"name":"(anonymous_0)","decl":{"start":{"line":6,"column":23},"end":{"line":6,"column":24}},"loc":{"start":{"line":6,"column":43},"end":{"line":22,"column":1}},"line":6},"1":{"name":"(anonymous_1)","decl":{"start":{"line":25,"column":24},"end":{"line":25,"column":25}},"loc":{"start":{"line":25,"column":44},"end":{"line":41,"column":1}},"line":25},"2":{"name":"(anonymous_2)","decl":{"start":{"line":44,"column":26},"end":{"line":44,"column":27}},"loc":{"start":{"line":44,"column":46},"end":{"line":63,"column":1}},"line":44},"3":{"name":"(anonymous_3)","decl":{"start":{"line":66,"column":26},"end":{"line":66,"column":27}},"loc":{"start":{"line":66,"column":46},"end":{"line":88,"column":1}},"line":66}},"branchMap":{"0":{"loc":{"start":{"line":9,"column":8},"end":{"line":11,"column":9}},"type":"if","locations":[{"start":{"line":9,"column":8},"end":{"line":11,"column":9}},{"start":{},"end":{}}],"line":9},"1":{"loc":{"start":{"line":28,"column":8},"end":{"line":30,"column":9}},"type":"if","locations":[{"start":{"line":28,"column":8},"end":{"line":30,"column":9}},{"start":{},"end":{}}],"line":28},"2":{"loc":{"start":{"line":33,"column":8},"end":{"line":35,"column":9}},"type":"if","locations":[{"start":{"line":33,"column":8},"end":{"line":35,"column":9}},{"start":{},"end":{}}],"line":33},"3":{"loc":{"start":{"line":47,"column":8},"end":{"line":49,"column":9}},"type":"if","locations":[{"start":{"line":47,"column":8},"end":{"line":49,"column":9}},{"start":{},"end":{}}],"line":47},"4":{"loc":{"start":{"line":52,"column":8},"end":{"line":54,"column":9}},"type":"if","locations":[{"start":{"line":52,"column":8},"end":{"line":54,"column":9}},{"start":{},"end":{}}],"line":52},"5":{"loc":{"start":{"line":69,"column":8},"end":{"line":71,"column":9}},"type":"if","locations":[{"start":{"line":69,"column":8},"end":{"line":71,"column":9}},{"start":{},"end":{}}],"line":69},"6":{"loc":{"start":{"line":74,"column":8},"end":{"line":76,"column":9}},"type":"if","locations":[{"start":{"line":74,"column":8},"end":{"line":76,"column":9}},{"start":{},"end":{}}],"line":74},"7":{"loc":{"start":{"line":79,"column":8},"end":{"line":79,"column":65}},"type":"if","locations":[{"start":{"line":79,"column":8},"end":{"line":79,"column":65}},{"start":{},"end":{}}],"line":79},"8":{"loc":{"start":{"line":80,"column":8},"end":{"line":80,"column":62}},"type":"if","locations":[{"start":{"line":80,"column":8},"end":{"line":80,"column":62}},{"start":{},"end":{}}],"line":80},"9":{"loc":{"start":{"line":81,"column":8},"end":{"line":81,"column":71}},"type":"if","locations":[{"start":{"line":81,"column":8},"end":{"line":81,"column":71}},{"start":{},"end":{}}],"line":81}},"s":{"0":3,"1":3,"2":3,"3":3,"4":1,"5":1,"6":1,"7":0,"8":1,"9":1,"10":1,"11":1,"12":0,"13":3,"14":1,"15":1,"16":1,"17":0,"18":1,"19":1,"20":0,"21":1,"22":0,"23":3,"24":1,"25":1,"26":1,"27":0,"28":1,"29":1,"30":0,"31":1,"32":1,"33":1,"34":0,"35":3,"36":1,"37":1,"38":1,"39":0,"40":1,"41":1,"42":0,"43":1,"44":1,"45":1,"46":1,"47":1,"48":0,"49":1,"50":1,"51":0,"52":3},"f":{"0":1,"1":1,"2":1,"3":1},"b":{"0":[0,1],"1":[0,1],"2":[0,1],"3":[0,1],"4":[0,1],"5":[0,1],"6":[0,1],"7":[1,0],"8":[1,0],"9":[0,1]},"_coverageSchema":"1a1c01bbd47fc00a2c39e90264f33305004495a9","hash":"d3270ce207f3bcb83261e2805913e4dda99e5249"}
,"C:\\Users\\Alex\\proyecto-comun-2526-futbol\\backend-node\\app_api\\controllers\\external.controller.js": {"path":"C:\\Users\\Alex\\proyecto-comun-2526-futbol\\backend-node\\app_api\\controllers\\external.controller.js","statementMap":{"0":{"start":{"line":1,"column":24},"end":{"line":1,"column":63}},"1":{"start":{"line":2,"column":26},"end":{"line":2,"column":48}},"2":{"start":{"line":8,"column":30},"end":{"line":25,"column":1}},"3":{"start":{"line":9,"column":4},"end":{"line":24,"column":5}},"4":{"start":{"line":10,"column":25},"end":{"line":10,"column":34}},"5":{"start":{"line":12,"column":8},"end":{"line":14,"column":9}},"6":{"start":{"line":13,"column":12},"end":{"line":13,"column":83}},"7":{"start":{"line":16,"column":24},"end":{"line":16,"column":65}},"8":{"start":{"line":19,"column":8},"end":{"line":19,"column":88}},"9":{"start":{"line":22,"column":8},"end":{"line":22,"column":69}},"10":{"start":{"line":23,"column":8},"end":{"line":23,"column":109}},"11":{"start":{"line":27,"column":0},"end":{"line":29,"column":2}}},"fnMap":{"0":{"name":"(anonymous_0)","decl":{"start":{"line":8,"column":30},"end":{"line":8,"column":31}},"loc":{"start":{"line":8,"column":50},"end":{"line":25,"column":1}},"line":8}},"branchMap":{"0":{"loc":{"start":{"line":12,"column":8},"end":{"line":14,"column":9}},"type":"if","locations":[{"start":{"line":12,"column":8},"end":{"line":14,"column":9}},{"start":{},"end":{}}],"line":12}},"s":{"0":3,"1":3,"2":3,"3":0,"4":0,"5":0,"6":0,"7":0,"8":0,"9":0,"10":0,"11":3},"f":{"0":0},"b":{"0":[0,0]},"_coverageSchema":"1a1c01bbd47fc00a2c39e90264f33305004495a9","hash":"2c474ba05c0beb74833085007fd660a997d1a4dd"}
,"C:\\Users\\Alex\\proyecto-comun-2526-futbol\\backend-node\\app_api\\controllers\\players.js": {"path":"C:\\Users\\Alex\\proyecto-comun-2526-futbol\\backend-node\\app_api\\controllers\\players.js","statementMap":{"0":{"start":{"line":1,"column":17},"end":{"line":1,"column":36}},"1":{"start":{"line":2,"column":15},"end":{"line":2,"column":39}},"2":{"start":{"line":3,"column":26},"end":{"line":3,"column":48}},"3":{"start":{"line":6,"column":26},"end":{"line":17,"column":1}},"4":{"start":{"line":7,"column":4},"end":{"line":16,"column":5}},"5":{"start":{"line":9,"column":24},"end":{"line":12,"column":10}},"6":{"start":{"line":13,"column":8},"end":{"line":13,"column":79}},"7":{"start":{"line":15,"column":8},"end":{"line":15,"column":74}},"8":{"start":{"line":20,"column":20},"end":{"line":38,"column":1}},"9":{"start":{"line":21,"column":4},"end":{"line":37,"column":5}},"10":{"start":{"line":22,"column":39},"end":{"line":22,"column":48}},"11":{"start":{"line":23,"column":20},"end":{"line":23,"column":22}},"12":{"start":{"line":25,"column":8},"end":{"line":31,"column":9}},"13":{"start":{"line":26,"column":12},"end":{"line":26,"column":35}},"14":{"start":{"line":27,"column":15},"end":{"line":31,"column":9}},"15":{"start":{"line":28,"column":12},"end":{"line":28,"column":57}},"16":{"start":{"line":29,"column":15},"end":{"line":31,"column":9}},"17":{"start":{"line":30,"column":12},"end":{"line":30,"column":57}},"18":{"start":{"line":33,"column":24},"end":{"line":33,"column":55}},"19":{"start":{"line":34,"column":8},"end":{"line":34,"column":81}},"20":{"start":{"line":36,"column":8},"end":{"line":36,"column":77}},"21":{"start":{"line":41,"column":22},"end":{"line":48,"column":1}},"22":{"start":{"line":42,"column":4},"end":{"line":47,"column":5}},"23":{"start":{"line":43,"column":26},"end":{"line":43,"column":55}},"24":{"start":{"line":44,"column":8},"end":{"line":44,"column":83}},"25":{"start":{"line":46,"column":8},"end":{"line":46,"column":74}},"26":{"start":{"line":51,"column":23},"end":{"line":61,"column":1}},"27":{"start":{"line":52,"column":4},"end":{"line":60,"column":5}},"28":{"start":{"line":53,"column":23},"end":{"line":53,"column":72}},"29":{"start":{"line":54,"column":8},"end":{"line":56,"column":9}},"30":{"start":{"line":55,"column":12},"end":{"line":55,"column":68}},"31":{"start":{"line":57,"column":8},"end":{"line":57,"column":80}},"32":{"start":{"line":59,"column":8},"end":{"line":59,"column":78}},"33":{"start":{"line":64,"column":25},"end":{"line":79,"column":1}},"34":{"start":{"line":65,"column":4},"end":{"line":78,"column":5}},"35":{"start":{"line":66,"column":23},"end":{"line":70,"column":16}},"36":{"start":{"line":72,"column":8},"end":{"line":74,"column":9}},"37":{"start":{"line":73,"column":12},"end":{"line":73,"column":88}},"38":{"start":{"line":75,"column":8},"end":{"line":75,"column":80}},"39":{"start":{"line":77,"column":8},"end":{"line":77,"column":82}},"40":{"start":{"line":82,"column":25},"end":{"line":92,"column":1}},"41":{"start":{"line":83,"column":4},"end":{"line":91,"column":5}},"42":{"start":{"line":84,"column":23},"end":{"line":84,"column":81}},"43":{"start":{"line":85,"column":8},"end":{"line":87,"column":9}},"44":{"start":{"line":86,"column":12},"end":{"line":86,"column":84}},"45":{"start":{"line":88,"column":8},"end":{"line":88,"column":55}},"46":{"start":{"line":90,"column":8},"end":{"line":90,"column":78}},"47":{"start":{"line":94,"column":0},"end":{"line":101,"column":2}}},"fnMap":{"0":{"name":"(anonymous_0)","decl":{"start":{"line":6,"column":26},"end":{"line":6,"column":27}},"loc":{"start":{"line":6,"column":46},"end":{"line":17,"column":1}},"line":6},"1":{"name":"(anonymous_1)","decl":{"start":{"line":20,"column":20},"end":{"line":20,"column":21}},"loc":{"start":{"line":20,"column":40},"end":{"line":38,"column":1}},"line":20},"2":{"name":"(anonymous_2)","decl":{"start":{"line":41,"column":22},"end":{"line":41,"column":23}},"loc":{"start":{"line":41,"column":42},"end":{"line":48,"column":1}},"line":41},"3":{"name":"(anonymous_3)","decl":{"start":{"line":51,"column":23},"end":{"line":51,"column":24}},"loc":{"start":{"line":51,"column":43},"end":{"line":61,"column":1}},"line":51},"4":{"name":"(anonymous_4)","decl":{"start":{"line":64,"column":25},"end":{"line":64,"column":26}},"loc":{"start":{"line":64,"column":45},"end":{"line":79,"column":1}},"line":64},"5":{"name":"(anonymous_5)","decl":{"start":{"line":82,"column":25},"end":{"line":82,"column":26}},"loc":{"start":{"line":82,"column":45},"end":{"line":92,"column":1}},"line":82}},"branchMap":{"0":{"loc":{"start":{"line":25,"column":8},"end":{"line":31,"column":9}},"type":"if","locations":[{"start":{"line":25,"column":8},"end":{"line":31,"column":9}},{"start":{"line":27,"column":15},"end":{"line":31,"column":9}}],"line":25},"1":{"loc":{"start":{"line":27,"column":15},"end":{"line":31,"column":9}},"type":"if","locations":[{"start":{"line":27,"column":15},"end":{"line":31,"column":9}},{"start":{"line":29,"column":15},"end":{"line":31,"column":9}}],"line":27},"2":{"loc":{"start":{"line":29,"column":15},"end":{"line":31,"column":9}},"type":"if","locations":[{"start":{"line":29,"column":15},"end":{"line":31,"column":9}},{"start":{},"end":{}}],"line":29},"3":{"loc":{"start":{"line":54,"column":8},"end":{"line":56,"column":9}},"type":"if","locations":[{"start":{"line":54,"column":8},"end":{"line":56,"column":9}},{"start":{},"end":{}}],"line":54},"4":{"loc":{"start":{"line":72,"column":8},"end":{"line":74,"column":9}},"type":"if","locations":[{"start":{"line":72,"column":8},"end":{"line":74,"column":9}},{"start":{},"end":{}}],"line":72},"5":{"loc":{"start":{"line":85,"column":8},"end":{"line":87,"column":9}},"type":"if","locations":[{"start":{"line":85,"column":8},"end":{"line":87,"column":9}},{"start":{},"end":{}}],"line":85}},"s":{"0":3,"1":3,"2":3,"3":3,"4":0,"5":0,"6":0,"7":0,"8":3,"9":2,"10":2,"11":2,"12":2,"13":0,"14":2,"15":0,"16":2,"17":0,"18":2,"19":2,"20":0,"21":3,"22":2,"23":2,"24":1,"25":1,"26":3,"27":2,"28":2,"29":2,"30":1,"31":1,"32":0,"33":3,"34":1,"35":1,"36":1,"37":0,"38":1,"39":0,"40":3,"41":1,"42":1,"43":1,"44":0,"45":1,"46":0,"47":3},"f":{"0":0,"1":2,"2":2,"3":2,"4":1,"5":1},"b":{"0":[0,2],"1":[0,2],"2":[0,2],"3":[1,1],"4":[0,1],"5":[0,1]},"_coverageSchema":"1a1c01bbd47fc00a2c39e90264f33305004495a9","hash":"2f3bb400ac13a7129b71eb26ad74979c9510725b"}
,"C:\\Users\\Alex\\proyecto-comun-2526-futbol\\backend-node\\app_api\\middleware\\auth.middleware.js": {"path":"C:\\Users\\Alex\\proyecto-comun-2526-futbol\\backend-node\\app_api\\middleware\\auth.middleware.js","statementMap":{"0":{"start":{"line":1,"column":12},"end":{"line":1,"column":35}},"1":{"start":{"line":2,"column":17},"end":{"line":2,"column":36}},"2":{"start":{"line":3,"column":26},"end":{"line":3,"column":61}},"3":{"start":{"line":9,"column":25},"end":{"line":68,"column":1}},"4":{"start":{"line":11,"column":4},"end":{"line":26,"column":5}},"5":{"start":{"line":12,"column":21},"end":{"line":12,"column":43}},"6":{"start":{"line":14,"column":23},"end":{"line":14,"column":74}},"7":{"start":{"line":15,"column":8},"end":{"line":23,"column":9}},"8":{"start":{"line":16,"column":12},"end":{"line":22,"column":15}},"9":{"start":{"line":24,"column":8},"end":{"line":24,"column":28}},"10":{"start":{"line":25,"column":8},"end":{"line":25,"column":22}},"11":{"start":{"line":29,"column":17},"end":{"line":29,"column":71}},"12":{"start":{"line":32,"column":4},"end":{"line":34,"column":5}},"13":{"start":{"line":33,"column":8},"end":{"line":33,"column":63}},"14":{"start":{"line":36,"column":18},"end":{"line":36,"column":38}},"15":{"start":{"line":38,"column":4},"end":{"line":40,"column":5}},"16":{"start":{"line":39,"column":8},"end":{"line":39,"column":80}},"17":{"start":{"line":42,"column":17},"end":{"line":42,"column":39}},"18":{"start":{"line":45,"column":4},"end":{"line":67,"column":7}},"19":{"start":{"line":46,"column":8},"end":{"line":48,"column":9}},"20":{"start":{"line":47,"column":12},"end":{"line":47,"column":87}},"21":{"start":{"line":50,"column":8},"end":{"line":66,"column":9}},"22":{"start":{"line":51,"column":23},"end":{"line":55,"column":34}},"23":{"start":{"line":57,"column":12},"end":{"line":59,"column":13}},"24":{"start":{"line":58,"column":16},"end":{"line":58,"column":120}},"25":{"start":{"line":61,"column":12},"end":{"line":61,"column":28}},"26":{"start":{"line":62,"column":12},"end":{"line":62,"column":26}},"27":{"start":{"line":64,"column":12},"end":{"line":64,"column":76}},"28":{"start":{"line":65,"column":12},"end":{"line":65,"column":86}},"29":{"start":{"line":73,"column":16},"end":{"line":78,"column":1}},"30":{"start":{"line":74,"column":4},"end":{"line":76,"column":5}},"31":{"start":{"line":75,"column":8},"end":{"line":75,"column":22}},"32":{"start":{"line":77,"column":4},"end":{"line":77,"column":88}},"33":{"start":{"line":80,"column":0},"end":{"line":80,"column":47}}},"fnMap":{"0":{"name":"(anonymous_0)","decl":{"start":{"line":9,"column":25},"end":{"line":9,"column":26}},"loc":{"start":{"line":9,"column":51},"end":{"line":68,"column":1}},"line":9},"1":{"name":"(anonymous_1)","decl":{"start":{"line":45,"column":91},"end":{"line":45,"column":92}},"loc":{"start":{"line":45,"column":115},"end":{"line":67,"column":5}},"line":45},"2":{"name":"(anonymous_2)","decl":{"start":{"line":73,"column":16},"end":{"line":73,"column":17}},"loc":{"start":{"line":73,"column":36},"end":{"line":78,"column":1}},"line":73}},"branchMap":{"0":{"loc":{"start":{"line":11,"column":4},"end":{"line":26,"column":5}},"type":"if","locations":[{"start":{"line":11,"column":4},"end":{"line":26,"column":5}},{"start":{},"end":{}}],"line":11},"1":{"loc":{"start":{"line":15,"column":8},"end":{"line":23,"column":9}},"type":"if","locations":[{"start":{"line":15,"column":8},"end":{"line":23,"column":9}},{"start":{},"end":{}}],"line":15},"2":{"loc":{"start":{"line":29,"column":17},"end":{"line":29,"column":71}},"type":"binary-expr","locations":[{"start":{"line":29,"column":17},"end":{"line":29,"column":42}},{"start":{"line":29,"column":46},"end":{"line":29,"column":71}}],"line":29},"3":{"loc":{"start":{"line":32,"column":4},"end":{"line":34,"column":5}},"type":"if","locations":[{"start":{"line":32,"column":4},"end":{"line":34,"column":5}},{"start":{},"end":{}}],"line":32},"4":{"loc":{"start":{"line":32,"column":8},"end":{"line":32,"column":48}},"type":"binary-expr","locations":[{"start":{"line":32,"column":8},"end":{"line":32,"column":15}},{"start":{"line":32,"column":19},"end":{"line":32,"column":48}}],"line":32},"5":{"loc":{"start":{"line":38,"column":4},"end":{"line":40,"column":5}},"type":"if","locations":[{"start":{"line":38,"column":4},"end":{"line":40,"column":5}},{"start":{},"end":{}}],"line":38},"6":{"loc":{"start":{"line":45,"column":22},"end":{"line":45,"column":89}},"type":"binary-expr","locations":[{"start":{"line":45,"column":22},"end":{"line":45,"column":44}},{"start":{"line":45,"column":48},"end":{"line":45,"column":89}}],"line":45},"7":{"loc":{"start":{"line":46,"column":8},"end":{"line":48,"column":9}},"type":"if","locations":[{"start":{"line":46,"column":8},"end":{"line":48,"column":9}},{"start":{},"end":{}}],"line":46},"8":{"loc":{"start":{"line":57,"column":12},"end":{"line":59,"column":13}},"type":"if","locations":[{"start":{"line":57,"column":12},"end":{"line":59,"column":13}},{"start":{},"end":{}}],"line":57},"9":{"loc":{"start":{"line":74,"column":4},"end":{"line":76,"column":5}},"type":"if","locations":[{"start":{"line":74,"column":4},"end":{"line":76,"column":5}},{"start":{},"end":{}}],"line":74},"10":{"loc":{"start":{"line":74,"column":8},"end":{"line":74,"column":45}},"type":"binary-expr","locations":[{"start":{"line":74,"column":8},"end":{"line":74,"column":16}},{"start":{"line":74,"column":20},"end":{"line":74,"column":45}}],"line":74}},"s":{"0":3,"1":3,"2":3,"3":3,"4":7,"5":7,"6":7,"7":7,"8":7,"9":7,"10":7,"11":0,"12":0,"13":0,"14":0,"15":0,"16":0,"17":0,"18":0,"19":0,"20":0,"21":0,"22":0,"23":0,"24":0,"25":0,"26":0,"27":0,"28":0,"29":3,"30":2,"31":2,"32":0,"33":3},"f":{"0":7,"1":0,"2":2},"b":{"0":[7,0],"1":[7,0],"2":[0,0],"3":[0,0],"4":[0,0],"5":[0,0],"6":[0,0],"7":[0,0],"8":[0,0],"9":[2,0],"10":[2,2]},"_coverageSchema":"1a1c01bbd47fc00a2c39e90264f33305004495a9","hash":"34d06bb3ecaaa4350c3f0cbb8c6ec5dab4a10864"}
,"C:\\Users\\Alex\\proyecto-comun-2526-futbol\\backend-node\\app_api\\middleware\\tracing.js": {"path":"C:\\Users\\Alex\\proyecto-comun-2526-futbol\\backend-node\\app_api\\middleware\\tracing.js","statementMap":{"0":{"start":{"line":1,"column":23},"end":{"line":1,"column":38}},"1":{"start":{"line":7,"column":26},"end":{"line":29,"column":1}},"2":{"start":{"line":8,"column":26},"end":{"line":8,"column":69}},"3":{"start":{"line":11,"column":4},"end":{"line":11,"column":38}},"4":{"start":{"line":14,"column":4},"end":{"line":14,"column":53}},"5":{"start":{"line":18,"column":24},"end":{"line":18,"column":35}},"6":{"start":{"line":19,"column":4},"end":{"line":21,"column":6}},"7":{"start":{"line":20,"column":8},"end":{"line":20,"column":58}},"8":{"start":{"line":24,"column":4},"end":{"line":26,"column":7}},"9":{"start":{"line":25,"column":8},"end":{"line":25,"column":34}},"10":{"start":{"line":28,"column":4},"end":{"line":28,"column":11}},"11":{"start":{"line":31,"column":0},"end":{"line":31,"column":35}}},"fnMap":{"0":{"name":"(anonymous_0)","decl":{"start":{"line":7,"column":26},"end":{"line":7,"column":27}},"loc":{"start":{"line":7,"column":46},"end":{"line":29,"column":1}},"line":7},"1":{"name":"(anonymous_1)","decl":{"start":{"line":19,"column":18},"end":{"line":19,"column":19}},"loc":{"start":{"line":19,"column":31},"end":{"line":21,"column":5}},"line":19},"2":{"name":"(anonymous_2)","decl":{"start":{"line":24,"column":21},"end":{"line":24,"column":22}},"loc":{"start":{"line":24,"column":27},"end":{"line":26,"column":5}},"line":24}},"branchMap":{"0":{"loc":{"start":{"line":8,"column":26},"end":{"line":8,"column":69}},"type":"binary-expr","locations":[{"start":{"line":8,"column":26},"end":{"line":8,"column":57}},{"start":{"line":8,"column":61},"end":{"line":8,"column":69}}],"line":8}},"s":{"0":3,"1":3,"2":13,"3":13,"4":13,"5":13,"6":13,"7":2,"8":13,"9":13,"10":13,"11":3},"f":{"0":13,"1":2,"2":13},"b":{"0":[13,13]},"_coverageSchema":"1a1c01bbd47fc00a2c39e90264f33305004495a9","hash":"4111159a3165221425dbea0748de9965790ca92d"}
,"C:\\Users\\Alex\\proyecto-comun-2526-futbol\\backend-node\\app_api\\models\\db.js": {"path":"C:\\Users\\Alex\\proyecto-comun-2526-futbol\\backend-node\\app_api\\models\\db.js","statementMap":{"0":{"start":{"line":1,"column":17},"end":{"line":1,"column":36}},"1":{"start":{"line":4,"column":12},"end":{"line":4,"column":73}},"2":{"start":{"line":7,"column":0},"end":{"line":12,"column":1}},"3":{"start":{"line":8,"column":4},"end":{"line":8,"column":50}},"4":{"start":{"line":9,"column":4},"end":{"line":11,"column":5}},"5":{"start":{"line":10,"column":8},"end":{"line":10,"column":32}},"6":{"start":{"line":14,"column":0},"end":{"line":14,"column":24}},"7":{"start":{"line":17,"column":0},"end":{"line":19,"column":3}},"8":{"start":{"line":18,"column":4},"end":{"line":18,"column":50}},"9":{"start":{"line":21,"column":0},"end":{"line":23,"column":3}},"10":{"start":{"line":22,"column":4},"end":{"line":22,"column":51}},"11":{"start":{"line":25,"column":0},"end":{"line":27,"column":3}},"12":{"start":{"line":26,"column":4},"end":{"line":26,"column":41}},"13":{"start":{"line":30,"column":25},"end":{"line":35,"column":1}},"14":{"start":{"line":31,"column":4},"end":{"line":34,"column":7}},"15":{"start":{"line":32,"column":8},"end":{"line":32,"column":60}},"16":{"start":{"line":33,"column":8},"end":{"line":33,"column":19}},"17":{"start":{"line":38,"column":0},"end":{"line":42,"column":3}},"18":{"start":{"line":39,"column":4},"end":{"line":41,"column":7}},"19":{"start":{"line":40,"column":8},"end":{"line":40,"column":45}},"20":{"start":{"line":45,"column":0},"end":{"line":49,"column":3}},"21":{"start":{"line":46,"column":4},"end":{"line":48,"column":7}},"22":{"start":{"line":47,"column":8},"end":{"line":47,"column":24}},"23":{"start":{"line":52,"column":0},"end":{"line":56,"column":3}},"24":{"start":{"line":53,"column":4},"end":{"line":55,"column":7}},"25":{"start":{"line":54,"column":8},"end":{"line":54,"column":24}},"26":{"start":{"line":59,"column":0},"end":{"line":59,"column":21}},"27":{"start":{"line":60,"column":0},"end":{"line":60,"column":19}}},"fnMap":{"0":{"name":"(anonymous_0)","decl":{"start":{"line":17,"column":36},"end":{"line":17,"column":37}},"loc":{"start":{"line":17,"column":42},"end":{"line":19,"column":1}},"line":17},"1":{"name":"(anonymous_1)","decl":{"start":{"line":21,"column":32},"end":{"line":21,"column":33}},"loc":{"start":{"line":21,"column":39},"end":{"line":23,"column":1}},"line":21},"2":{"name":"(anonymous_2)","decl":{"start":{"line":25,"column":39},"end":{"line":25,"column":40}},"loc":{"start":{"line":25,"column":45},"end":{"line":27,"column":1}},"line":25},"3":{"name":"(anonymous_3)","decl":{"start":{"line":30,"column":25},"end":{"line":30,"column":26}},"loc":{"start":{"line":30,"column":44},"end":{"line":35,"column":1}},"line":30},"4":{"name":"(anonymous_4)","decl":{"start":{"line":31,"column":37},"end":{"line":31,"column":38}},"loc":{"start":{"line":31,"column":43},"end":{"line":34,"column":5}},"line":31},"5":{"name":"(anonymous_5)","decl":{"start":{"line":38,"column":24},"end":{"line":38,"column":25}},"loc":{"start":{"line":38,"column":30},"end":{"line":42,"column":1}},"line":38},"6":{"name":"(anonymous_6)","decl":{"start":{"line":39,"column":40},"end":{"line":39,"column":41}},"loc":{"start":{"line":39,"column":46},"end":{"line":41,"column":5}},"line":39},"7":{"name":"(anonymous_7)","decl":{"start":{"line":45,"column":21},"end":{"line":45,"column":22}},"loc":{"start":{"line":45,"column":27},"end":{"line":49,"column":1}},"line":45},"8":{"name":"(anonymous_8)","decl":{"start":{"line":46,"column":40},"end":{"line":46,"column":41}},"loc":{"start":{"line":46,"column":46},"end":{"line":48,"column":5}},"line":46},"9":{"name":"(anonymous_9)","decl":{"start":{"line":52,"column":22},"end":{"line":52,"column":23}},"loc":{"start":{"line":52,"column":28},"end":{"line":56,"column":1}},"line":52},"10":{"name":"(anonymous_10)","decl":{"start":{"line":53,"column":47},"end":{"line":53,"column":48}},"loc":{"start":{"line":53,"column":53},"end":{"line":55,"column":5}},"line":53}},"branchMap":{"0":{"loc":{"start":{"line":4,"column":12},"end":{"line":4,"column":73}},"type":"binary-expr","locations":[{"start":{"line":4,"column":12},"end":{"line":4,"column":33}},{"start":{"line":4,"column":37},"end":{"line":4,"column":73}}],"line":4},"1":{"loc":{"start":{"line":7,"column":0},"end":{"line":12,"column":1}},"type":"if","locations":[{"start":{"line":7,"column":0},"end":{"line":12,"column":1}},{"start":{},"end":{}}],"line":7},"2":{"loc":{"start":{"line":9,"column":4},"end":{"line":11,"column":5}},"type":"if","locations":[{"start":{"line":9,"column":4},"end":{"line":11,"column":5}},{"start":{},"end":{}}],"line":9}},"s":{"0":3,"1":3,"2":3,"3":3,"4":3,"5":3,"6":3,"7":3,"8":3,"9":3,"10":0,"11":3,"12":3,"13":3,"14":0,"15":0,"16":0,"17":3,"18":0,"19":0,"20":3,"21":0,"22":0,"23":3,"24":0,"25":0,"26":3,"27":3},"f":{"0":3,"1":0,"2":3,"3":0,"4":0,"5":0,"6":0,"7":0,"8":0,"9":0,"10":0},"b":{"0":[3,0],"1":[3,0],"2":[3,0]},"_coverageSchema":"1a1c01bbd47fc00a2c39e90264f33305004495a9","hash":"634a2fc21235c6af6630da6c9321b4977d92e9a4"}
,"C:\\Users\\Alex\\proyecto-comun-2526-futbol\\backend-node\\app_api\\models\\firebase.js": {"path":"C:\\Users\\Alex\\proyecto-comun-2526-futbol\\backend-node\\app_api\\models\\firebase.js","statementMap":{"0":{"start":{"line":1,"column":14},"end":{"line":1,"column":39}},"1":{"start":{"line":2,"column":11},"end":{"line":2,"column":24}},"2":{"start":{"line":4,"column":21},"end":{"line":4,"column":25}},"3":{"start":{"line":6,"column":0},"end":{"line":14,"column":1}},"4":{"start":{"line":7,"column":31},"end":{"line":7,"column":100}},"5":{"start":{"line":8,"column":4},"end":{"line":11,"column":5}},"6":{"start":{"line":9,"column":28},"end":{"line":9,"column":71}},"7":{"start":{"line":10,"column":8},"end":{"line":10,"column":49}},"8":{"start":{"line":13,"column":4},"end":{"line":13,"column":82}},"9":{"start":{"line":16,"column":0},"end":{"line":23,"column":1}},"10":{"start":{"line":17,"column":4},"end":{"line":19,"column":7}},"11":{"start":{"line":20,"column":4},"end":{"line":20,"column":61}},"12":{"start":{"line":22,"column":4},"end":{"line":22,"column":103}},"13":{"start":{"line":25,"column":0},"end":{"line":25,"column":23}}},"fnMap":{},"branchMap":{"0":{"loc":{"start":{"line":7,"column":31},"end":{"line":7,"column":100}},"type":"binary-expr","locations":[{"start":{"line":7,"column":31},"end":{"line":7,"column":67}},{"start":{"line":7,"column":71},"end":{"line":7,"column":100}}],"line":7},"1":{"loc":{"start":{"line":8,"column":4},"end":{"line":11,"column":5}},"type":"if","locations":[{"start":{"line":8,"column":4},"end":{"line":11,"column":5}},{"start":{},"end":{}}],"line":8},"2":{"loc":{"start":{"line":16,"column":0},"end":{"line":23,"column":1}},"type":"if","locations":[{"start":{"line":16,"column":0},"end":{"line":23,"column":1}},{"start":{"line":21,"column":7},"end":{"line":23,"column":1}}],"line":16}},"s":{"0":3,"1":3,"2":3,"3":3,"4":3,"5":3,"6":0,"7":0,"8":0,"9":3,"10":0,"11":0,"12":3,"13":3},"f":{},"b":{"0":[3,3],"1":[0,3],"2":[0,3]},"_coverageSchema":"1a1c01bbd47fc00a2c39e90264f33305004495a9","hash":"34e6c1c6cff45786a378c9f03ce8ab3d0fa5c9cb"}
,"C:\\Users\\Alex\\proyecto-comun-2526-futbol\\backend-node\\app_api\\models\\players.js": {"path":"C:\\Users\\Alex\\proyecto-comun-2526-futbol\\backend-node\\app_api\\models\\players.js","statementMap":{"0":{"start":{"line":1,"column":17},"end":{"line":1,"column":36}},"1":{"start":{"line":4,"column":22},"end":{"line":14,"column":2}},"2":{"start":{"line":17,"column":21},"end":{"line":30,"column":2}},"3":{"start":{"line":33,"column":0},"end":{"line":33,"column":39}}},"fnMap":{},"branchMap":{},"s":{"0":3,"1":3,"2":3,"3":3},"f":{},"b":{},"_coverageSchema":"1a1c01bbd47fc00a2c39e90264f33305004495a9","hash":"aa930acb325e853c713466dd3bb18ed25c3bfb80"}
,"C:\\Users\\Alex\\proyecto-comun-2526-futbol\\backend-node\\app_api\\models\\users.js": {"path":"C:\\Users\\Alex\\proyecto-comun-2526-futbol\\backend-node\\app_api\\models\\users.js","statementMap":{"0":{"start":{"line":1,"column":17},"end":{"line":1,"column":36}},"1":{"start":{"line":3,"column":19},"end":{"line":36,"column":24}},"2":{"start":{"line":41,"column":0},"end":{"line":41,"column":35}}},"fnMap":{},"branchMap":{},"s":{"0":3,"1":3,"2":3},"f":{},"b":{},"_coverageSchema":"1a1c01bbd47fc00a2c39e90264f33305004495a9","hash":"68316c90f480329f1d4093ada03e835d812f98ef"}
,"C:\\Users\\Alex\\proyecto-comun-2526-futbol\\backend-node\\app_api\\routes\\api-docs.js": {"path":"C:\\Users\\Alex\\proyecto-comun-2526-futbol\\backend-node\\app_api\\routes\\api-docs.js","statementMap":{"0":{"start":{"line":1,"column":21},"end":{"line":1,"column":45}},"1":{"start":{"line":3,"column":23},"end":{"line":54,"column":1}},"2":{"start":{"line":56,"column":20},"end":{"line":56,"column":48}},"3":{"start":{"line":57,"column":0},"end":{"line":57,"column":29}}},"fnMap":{},"branchMap":{},"s":{"0":3,"1":3,"2":3,"3":3},"f":{},"b":{},"_coverageSchema":"1a1c01bbd47fc00a2c39e90264f33305004495a9","hash":"f7763e9235ef7cba7e27fd73e74b1276b5c9ceb0"}
,"C:\\Users\\Alex\\proyecto-comun-2526-futbol\\backend-node\\app_api\\routes\\index.js": {"path":"C:\\Users\\Alex\\proyecto-comun-2526-futbol\\backend-node\\app_api\\routes\\index.js","statementMap":{"0":{"start":{"line":1,"column":16},"end":{"line":1,"column":34}},"1":{"start":{"line":2,"column":15},"end":{"line":2,"column":31}},"2":{"start":{"line":3,"column":20},"end":{"line":3,"column":53}},"3":{"start":{"line":4,"column":21},"end":{"line":4,"column":55}},"4":{"start":{"line":5,"column":17},"end":{"line":5,"column":47}},"5":{"start":{"line":6,"column":15},"end":{"line":6,"column":43}},"6":{"start":{"line":7,"column":21},"end":{"line":7,"column":66}},"7":{"start":{"line":8,"column":38},"end":{"line":8,"column":78}},"8":{"start":{"line":11,"column":0},"end":{"line":11,"column":52}},"9":{"start":{"line":63,"column":0},"end":{"line":63,"column":61}},"10":{"start":{"line":65,"column":0},"end":{"line":68,"column":103}},"11":{"start":{"line":68,"column":32},"end":{"line":68,"column":64}},"12":{"start":{"line":68,"column":65},"end":{"line":68,"column":72}},"13":{"start":{"line":115,"column":0},"end":{"line":118,"column":69}},"14":{"start":{"line":141,"column":0},"end":{"line":142,"column":57}},"15":{"start":{"line":202,"column":0},"end":{"line":205,"column":62}},"16":{"start":{"line":208,"column":0},"end":{"line":208,"column":67}},"17":{"start":{"line":211,"column":0},"end":{"line":211,"column":86}},"18":{"start":{"line":213,"column":0},"end":{"line":213,"column":24}}},"fnMap":{"0":{"name":"(anonymous_0)","decl":{"start":{"line":68,"column":10},"end":{"line":68,"column":11}},"loc":{"start":{"line":68,"column":30},"end":{"line":68,"column":74}},"line":68}},"branchMap":{},"s":{"0":3,"1":3,"2":3,"3":3,"4":3,"5":3,"6":3,"7":3,"8":3,"9":3,"10":3,"11":2,"12":2,"13":3,"14":3,"15":3,"16":3,"17":3,"18":3},"f":{"0":2},"b":{},"_coverageSchema":"1a1c01bbd47fc00a2c39e90264f33305004495a9","hash":"847c8ae8a8e46a889b3f2b56be245db1efcdd563"}
,"C:\\Users\\Alex\\proyecto-comun-2526-futbol\\backend-node\\app_api\\services\\ai.service.js": {"path":"C:\\Users\\Alex\\proyecto-comun-2526-futbol\\backend-node\\app_api\\services\\ai.service.js","statementMap":{"0":{"start":{"line":1,"column":14},"end":{"line":1,"column":28}},"1":{"start":{"line":2,"column":27},"end":{"line":2,"column":61}},"2":{"start":{"line":3,"column":35},"end":{"line":3,"column":76}},"3":{"start":{"line":4,"column":29},"end":{"line":4,"column":65}},"4":{"start":{"line":8,"column":8},"end":{"line":8,"column":54}},"5":{"start":{"line":11,"column":8},"end":{"line":21,"column":9}},"6":{"start":{"line":12,"column":47},"end":{"line":12,"column":81}},"7":{"start":{"line":13,"column":12},"end":{"line":13,"column":192}},"8":{"start":{"line":14,"column":12},"end":{"line":20,"column":15}},"9":{"start":{"line":24,"column":8},"end":{"line":32,"column":10}},"10":{"start":{"line":35,"column":8},"end":{"line":53,"column":9}},"11":{"start":{"line":36,"column":12},"end":{"line":52,"column":15}},"12":{"start":{"line":58,"column":8},"end":{"line":66,"column":9}},"13":{"start":{"line":59,"column":12},"end":{"line":65,"column":14}},"14":{"start":{"line":68,"column":8},"end":{"line":104,"column":9}},"15":{"start":{"line":69,"column":32},"end":{"line":71,"column":24}},"16":{"start":{"line":70,"column":16},"end":{"line":70,"column":93}},"17":{"start":{"line":73,"column":12},"end":{"line":73,"column":94}},"18":{"start":{"line":75,"column":29},"end":{"line":77,"column":14}},"19":{"start":{"line":80,"column":23},"end":{"line":80,"column":81}},"20":{"start":{"line":81,"column":12},"end":{"line":81,"column":68}},"21":{"start":{"line":85,"column":28},"end":{"line":85,"column":83}},"22":{"start":{"line":88,"column":30},"end":{"line":88,"column":60}},"23":{"start":{"line":89,"column":12},"end":{"line":91,"column":13}},"24":{"start":{"line":90,"column":16},"end":{"line":90,"column":41}},"25":{"start":{"line":94,"column":12},"end":{"line":99,"column":13}},"26":{"start":{"line":95,"column":16},"end":{"line":95,"column":45}},"27":{"start":{"line":97,"column":16},"end":{"line":97,"column":86}},"28":{"start":{"line":98,"column":16},"end":{"line":98,"column":89}},"29":{"start":{"line":102,"column":12},"end":{"line":102,"column":80}},"30":{"start":{"line":103,"column":12},"end":{"line":103,"column":84}},"31":{"start":{"line":108,"column":0},"end":{"line":108,"column":33}}},"fnMap":{"0":{"name":"(anonymous_0)","decl":{"start":{"line":7,"column":4},"end":{"line":7,"column":5}},"loc":{"start":{"line":7,"column":18},"end":{"line":54,"column":5}},"line":7},"1":{"name":"(anonymous_1)","decl":{"start":{"line":56,"column":4},"end":{"line":56,"column":5}},"loc":{"start":{"line":56,"column":34},"end":{"line":105,"column":5}},"line":56},"2":{"name":"(anonymous_2)","decl":{"start":{"line":69,"column":44},"end":{"line":69,"column":45}},"loc":{"start":{"line":70,"column":16},"end":{"line":70,"column":93}},"line":70}},"branchMap":{"0":{"loc":{"start":{"line":11,"column":8},"end":{"line":21,"column":9}},"type":"if","locations":[{"start":{"line":11,"column":8},"end":{"line":21,"column":9}},{"start":{},"end":{}}],"line":11},"1":{"loc":{"start":{"line":13,"column":97},"end":{"line":13,"column":188}},"type":"cond-expr","locations":[{"start":{"line":13,"column":126},"end":{"line":13,"column":176}},{"start":{"line":13,"column":179},"end":{"line":13,"column":188}}],"line":13},"2":{"loc":{"start":{"line":35,"column":8},"end":{"line":53,"column":9}},"type":"if","locations":[{"start":{"line":35,"column":8},"end":{"line":53,"column":9}},{"start":{},"end":{}}],"line":35},"3":{"loc":{"start":{"line":58,"column":8},"end":{"line":66,"column":9}},"type":"if","locations":[{"start":{"line":58,"column":8},"end":{"line":66,"column":9}},{"start":{},"end":{}}],"line":58},"4":{"loc":{"start":{"line":70,"column":41},"end":{"line":70,"column":60}},"type":"binary-expr","locations":[{"start":{"line":70,"column":41},"end":{"line":70,"column":51}},{"start":{"line":70,"column":55},"end":{"line":70,"column":60}}],"line":70},"5":{"loc":{"start":{"line":70,"column":75},"end":{"line":70,"column":91}},"type":"binary-expr","locations":[{"start":{"line":70,"column":75},"end":{"line":70,"column":82}},{"start":{"line":70,"column":86},"end":{"line":70,"column":91}}],"line":70},"6":{"loc":{"start":{"line":80,"column":23},"end":{"line":80,"column":81}},"type":"cond-expr","locations":[{"start":{"line":80,"column":54},"end":{"line":80,"column":62}},{"start":{"line":80,"column":65},"end":{"line":80,"column":81}}],"line":80},"7":{"loc":{"start":{"line":89,"column":12},"end":{"line":91,"column":13}},"type":"if","locations":[{"start":{"line":89,"column":12},"end":{"line":91,"column":13}},{"start":{},"end":{}}],"line":89}},"s":{"0":3,"1":3,"2":3,"3":3,"4":3,"5":3,"6":0,"7":0,"8":0,"9":3,"10":3,"11":0,"12":0,"13":0,"14":0,"15":0,"16":0,"17":0,"18":0,"19":0,"20":0,"21":0,"22":0,"23":0,"24":0,"25":0,"26":0,"27":0,"28":0,"29":0,"30":0,"31":3},"f":{"0":3,"1":0,"2":0},"b":{"0":[0,3],"1":[0,0],"2":[0,3],"3":[0,0],"4":[0,0],"5":[0,0],"6":[0,0],"7":[0,0]},"_coverageSchema":"1a1c01bbd47fc00a2c39e90264f33305004495a9","hash":"cdda95ba3b702061f8bb9a1cdb8a786ed355a9e0"}
,"C:\\Users\\Alex\\proyecto-comun-2526-futbol\\backend-node\\app_api\\services\\football.service.js": {"path":"C:\\Users\\Alex\\proyecto-comun-2526-futbol\\backend-node\\app_api\\services\\football.service.js","statementMap":{"0":{"start":{"line":1,"column":14},"end":{"line":1,"column":30}},"1":{"start":{"line":7,"column":20},"end":{"line":13,"column":2}},"2":{"start":{"line":19,"column":22},"end":{"line":52,"column":1}},"3":{"start":{"line":20,"column":4},"end":{"line":51,"column":5}},"4":{"start":{"line":21,"column":8},"end":{"line":23,"column":9}},"5":{"start":{"line":22,"column":12},"end":{"line":22,"column":22}},"6":{"start":{"line":26,"column":25},"end":{"line":28,"column":10}},"7":{"start":{"line":30,"column":8},"end":{"line":30,"column":68}},"8":{"start":{"line":31,"column":8},"end":{"line":31,"column":66}},"9":{"start":{"line":33,"column":24},"end":{"line":33,"column":52}},"10":{"start":{"line":36,"column":8},"end":{"line":46,"column":12}},"11":{"start":{"line":36,"column":36},"end":{"line":46,"column":9}},"12":{"start":{"line":49,"column":8},"end":{"line":49,"column":80}},"13":{"start":{"line":50,"column":8},"end":{"line":50,"column":78}},"14":{"start":{"line":54,"column":0},"end":{"line":56,"column":2}}},"fnMap":{"0":{"name":"(anonymous_0)","decl":{"start":{"line":19,"column":22},"end":{"line":19,"column":23}},"loc":{"start":{"line":19,"column":38},"end":{"line":52,"column":1}},"line":19},"1":{"name":"(anonymous_1)","decl":{"start":{"line":36,"column":27},"end":{"line":36,"column":28}},"loc":{"start":{"line":36,"column":36},"end":{"line":46,"column":9}},"line":36}},"branchMap":{"0":{"loc":{"start":{"line":21,"column":8},"end":{"line":23,"column":9}},"type":"if","locations":[{"start":{"line":21,"column":8},"end":{"line":23,"column":9}},{"start":{},"end":{}}],"line":21},"1":{"loc":{"start":{"line":21,"column":12},"end":{"line":21,"column":36}},"type":"binary-expr","locations":[{"start":{"line":21,"column":12},"end":{"line":21,"column":17}},{"start":{"line":21,"column":21},"end":{"line":21,"column":36}}],"line":21},"2":{"loc":{"start":{"line":33,"column":24},"end":{"line":33,"column":52}},"type":"binary-expr","locations":[{"start":{"line":33,"column":24},"end":{"line":33,"column":46}},{"start":{"line":33,"column":50},"end":{"line":33,"column":52}}],"line":33}},"s":{"0":3,"1":3,"2":3,"3":0,"4":0,"5":0,"6":0,"7":0,"8":0,"9":0,"10":0,"11":0,"12":0,"13":0,"14":3},"f":{"0":0,"1":0},"b":{"0":[0,0],"1":[0,0],"2":[0,0]},"_coverageSchema":"1a1c01bbd47fc00a2c39e90264f33305004495a9","hash":"4b19a7c53c4a19f20bed7560c05ec593b2c92d45"}
,"C:\\Users\\Alex\\proyecto-comun-2526-futbol\\backend-node\\app_api\\tests\\utils\\testfixtures\\player.test.data.js": {"path":"C:\\Users\\Alex\\proyecto-comun-2526-futbol\\backend-node\\app_api\\tests\\utils\\testfixtures\\player.test.data.js","statementMap":{"0":{"start":{"line":1,"column":21},"end":{"line":11,"column":1}},"1":{"start":{"line":13,"column":24},"end":{"line":18,"column":1}},"2":{"start":{"line":20,"column":22},"end":{"line":29,"column":1}},"3":{"start":{"line":31,"column":25},"end":{"line":34,"column":1}},"4":{"start":{"line":36,"column":0},"end":{"line":41,"column":2}}},"fnMap":{},"branchMap":{},"s":{"0":2,"1":2,"2":2,"3":2,"4":2},"f":{},"b":{},"_coverageSchema":"1a1c01bbd47fc00a2c39e90264f33305004495a9","hash":"8eb94b694e1b5b00a005c6287dfed9c699dceb6c"}
,"C:\\Users\\Alex\\proyecto-comun-2526-futbol\\backend-node\\app_api\\utils\\jwt.util.js": {"path":"C:\\Users\\Alex\\proyecto-comun-2526-futbol\\backend-node\\app_api\\utils\\jwt.util.js","statementMap":{"0":{"start":{"line":1,"column":12},"end":{"line":1,"column":35}},"1":{"start":{"line":7,"column":20},"end":{"line":18,"column":1}},"2":{"start":{"line":8,"column":4},"end":{"line":17,"column":6}},"3":{"start":{"line":20,"column":0},"end":{"line":20,"column":33}}},"fnMap":{"0":{"name":"(anonymous_0)","decl":{"start":{"line":7,"column":20},"end":{"line":7,"column":21}},"loc":{"start":{"line":7,"column":47},"end":{"line":18,"column":1}},"line":7}},"branchMap":{"0":{"loc":{"start":{"line":7,"column":29},"end":{"line":7,"column":42}},"type":"default-arg","locations":[{"start":{"line":7,"column":36},"end":{"line":7,"column":42}}],"line":7},"1":{"loc":{"start":{"line":13,"column":8},"end":{"line":13,"column":75}},"type":"binary-expr","locations":[{"start":{"line":13,"column":8},"end":{"line":13,"column":30}},{"start":{"line":13,"column":34},"end":{"line":13,"column":75}}],"line":13}},"s":{"0":3,"1":3,"2":5,"3":3},"f":{"0":5},"b":{"0":[0],"1":[5,5]},"_coverageSchema":"1a1c01bbd47fc00a2c39e90264f33305004495a9","hash":"3ca120db3d6716ce850980cb9939f3b8f439af05"}
}
