{"C:\\Users\\Alex\\proyecto-comun-2526-futbol\\backend-node\\server.js": {"path":"C:\\Users\\Alex\\proyecto-comun-2526-futbol\\backend-node\\server.js","statementMap":{"0":{"start":{"line":1,"column":16},"end":{"line":1,"column":34}},"1":{"start":{"line":2,"column":13},"end":{"line":2,"column":28}},"2":{"start":{"line":3,"column":0},"end":{"line":3,"column":27}},"3":{"start":{"line":6,"column":0},"end":{"line":6,"column":31}},"4":{"start":{"line":8,"column":18},"end":{"line":8,"column":51}},"5":{"start":{"line":9,"column":18},"end":{"line":9,"column":47}},"6":{"start":{"line":10,"column":20},"end":{"line":10,"column":56}},"7":{"start":{"line":12,"column":12},"end":{"line":12,"column":21}},"8":{"start":{"line":13,"column":13},"end":{"line":13,"column":37}},"9":{"start":{"line":15,"column":0},"end":{"line":22,"column":4}},"10":{"start":{"line":23,"column":0},"end":{"line":23,"column":24}},"11":{"start":{"line":24,"column":0},"end":{"line":24,"column":49}},"12":{"start":{"line":27,"column":26},"end":{"line":27,"column":65}},"13":{"start":{"line":28,"column":0},"end":{"line":28,"column":27}},"14":{"start":{"line":31,"column":0},"end":{"line":31,"column":68}},"15":{"start":{"line":34,"column":0},"end":{"line":34,"column":27}},"16":{"start":{"line":36,"column":13},"end":{"line":36,"column":28}},"17":{"start":{"line":37,"column":17},"end":{"line":37,"column":36}},"18":{"start":{"line":40,"column":0},"end":{"line":40,"column":30}},"19":{"start":{"line":41,"column":0},"end":{"line":41,"column":59}},"20":{"start":{"line":43,"column":0},"end":{"line":90,"column":3}},"21":{"start":{"line":44,"column":2},"end":{"line":89,"column":3}},"22":{"start":{"line":45,"column":19},"end":{"line":45,"column":69}},"23":{"start":{"line":46,"column":17},"end":{"line":46,"column":63}},"24":{"start":{"line":49,"column":23},"end":{"line":49,"column":24}},"25":{"start":{"line":50,"column":24},"end":{"line":50,"column":25}},"26":{"start":{"line":51,"column":21},"end":{"line":51,"column":22}},"27":{"start":{"line":53,"column":4},"end":{"line":60,"column":5}},"28":{"start":{"line":54,"column":6},"end":{"line":54,"column":53}},"29":{"start":{"line":55,"column":6},"end":{"line":55,"column":49}},"30":{"start":{"line":58,"column":22},"end":{"line":58,"column":55}},"31":{"start":{"line":59,"column":6},"end":{"line":59,"column":111}},"32":{"start":{"line":59,"column":54},"end":{"line":59,"column":106}},"33":{"start":{"line":63,"column":26},"end":{"line":63,"column":42}},"34":{"start":{"line":64,"column":18},"end":{"line":64,"column":50}},"35":{"start":{"line":65,"column":20},"end":{"line":65,"column":59}},"36":{"start":{"line":66,"column":20},"end":{"line":66,"column":50}},"37":{"start":{"line":67,"column":22},"end":{"line":67,"column":57}},"38":{"start":{"line":70,"column":19},"end":{"line":70,"column":79}},"39":{"start":{"line":71,"column":20},"end":{"line":71,"column":75}},"40":{"start":{"line":72,"column":19},"end":{"line":72,"column":60}},"41":{"start":{"line":73,"column":19},"end":{"line":73,"column":57}},"42":{"start":{"line":75,"column":4},"end":{"line":85,"column":7}},"43":{"start":{"line":87,"column":4},"end":{"line":87,"column":72}},"44":{"start":{"line":88,"column":4},"end":{"line":88,"column":84}},"45":{"start":{"line":94,"column":26},"end":{"line":94,"column":68}},"46":{"start":{"line":95,"column":0},"end":{"line":97,"column":3}},"47":{"start":{"line":96,"column":2},"end":{"line":96,"column":54}},"48":{"start":{"line":99,"column":0},"end":{"line":115,"column":1}},"49":{"start":{"line":100,"column":2},"end":{"line":102,"column":5}},"50":{"start":{"line":101,"column":4},"end":{"line":101,"column":53}},"51":{"start":{"line":105,"column":2},"end":{"line":108,"column":5}},"52":{"start":{"line":106,"column":4},"end":{"line":106,"column":91}},"53":{"start":{"line":110,"column":2},"end":{"line":114,"column":5}},"54":{"start":{"line":111,"column":4},"end":{"line":111,"column":71}},"55":{"start":{"line":117,"column":0},"end":{"line":117,"column":21}}},"fnMap":{"0":{"name":"(anonymous_0)","decl":{"start":{"line":43,"column":13},"end":{"line":43,"column":14}},"loc":{"start":{"line":43,"column":33},"end":{"line":90,"column":1}},"line":43},"1":{"name":"(anonymous_1)","decl":{"start":{"line":59,"column":37},"end":{"line":59,"column":38}},"loc":{"start":{"line":59,"column":54},"end":{"line":59,"column":106}},"line":59},"2":{"name":"(anonymous_2)","decl":{"start":{"line":95,"column":8},"end":{"line":95,"column":9}},"loc":{"start":{"line":95,"column":22},"end":{"line":97,"column":1}},"line":95},"3":{"name":"(anonymous_3)","decl":{"start":{"line":100,"column":19},"end":{"line":100,"column":20}},"loc":{"start":{"line":100,"column":25},"end":{"line":102,"column":3}},"line":100},"4":{"name":"(anonymous_4)","decl":{"start":{"line":105,"column":35},"end":{"line":105,"column":36}},"loc":{"start":{"line":105,"column":56},"end":{"line":108,"column":3}},"line":105},"5":{"name":"(anonymous_5)","decl":{"start":{"line":110,"column":34},"end":{"line":110,"column":35}},"loc":{"start":{"line":110,"column":43},"end":{"line":114,"column":3}},"line":110}},"branchMap":{"0":{"loc":{"start":{"line":13,"column":13},"end":{"line":13,"column":37}},"type":"binary-expr","locations":[{"start":{"line":13,"column":13},"end":{"line":13,"column":29}},{"start":{"line":13,"column":33},"end":{"line":13,"column":37}}],"line":13},"1":{"loc":{"start":{"line":45,"column":19},"end":{"line":45,"column":69}},"type":"binary-expr","locations":[{"start":{"line":45,"column":19},"end":{"line":45,"column":41}},{"start":{"line":45,"column":45},"end":{"line":45,"column":69}}],"line":45},"2":{"loc":{"start":{"line":46,"column":17},"end":{"line":46,"column":63}},"type":"binary-expr","locations":[{"start":{"line":46,"column":17},"end":{"line":46,"column":37}},{"start":{"line":46,"column":41},"end":{"line":46,"column":63}}],"line":46},"3":{"loc":{"start":{"line":53,"column":4},"end":{"line":60,"column":5}},"type":"if","locations":[{"start":{"line":53,"column":4},"end":{"line":60,"column":5}},{"start":{},"end":{}}],"line":53},"4":{"loc":{"start":{"line":59,"column":61},"end":{"line":59,"column":105}},"type":"cond-expr","locations":[{"start":{"line":59,"column":79},"end":{"line":59,"column":101}},{"start":{"line":59,"column":104},"end":{"line":59,"column":105}}],"line":59},"5":{"loc":{"start":{"line":71,"column":20},"end":{"line":71,"column":75}},"type":"binary-expr","locations":[{"start":{"line":71,"column":20},"end":{"line":71,"column":58}},{"start":{"line":71,"column":62},"end":{"line":71,"column":75}}],"line":71},"6":{"loc":{"start":{"line":72,"column":19},"end":{"line":72,"column":60}},"type":"binary-expr","locations":[{"start":{"line":72,"column":19},"end":{"line":72,"column":43}},{"start":{"line":72,"column":47},"end":{"line":72,"column":60}}],"line":72},"7":{"loc":{"start":{"line":73,"column":19},"end":{"line":73,"column":57}},"type":"binary-expr","locations":[{"start":{"line":73,"column":19},"end":{"line":73,"column":43}},{"start":{"line":73,"column":47},"end":{"line":73,"column":57}}],"line":73},"8":{"loc":{"start":{"line":77,"column":11},"end":{"line":77,"column":48}},"type":"binary-expr","locations":[{"start":{"line":77,"column":11},"end":{"line":77,"column":31}},{"start":{"line":77,"column":35},"end":{"line":77,"column":48}}],"line":77},"9":{"loc":{"start":{"line":99,"column":0},"end":{"line":115,"column":1}},"type":"if","locations":[{"start":{"line":99,"column":0},"end":{"line":115,"column":1}},{"start":{},"end":{}}],"line":99}},"s":{"0":3,"1":3,"2":3,"3":3,"4":3,"5":3,"6":3,"7":3,"8":3,"9":3,"10":3,"11":3,"12":3,"13":3,"14":3,"15":3,"16":3,"17":3,"18":3,"19":3,"20":3,"21":0,"22":0,"23":0,"24":0,"25":0,"26":0,"27":0,"28":0,"29":0,"30":0,"31":0,"32":0,"33":0,"34":0,"35":0,"36":0,"37":0,"38":0,"39":0,"40":0,"41":0,"42":0,"43":0,"44":0,"45":3,"46":3,"47":1,"48":3,"49":0,"50":0,"51":0,"52":0,"53":0,"54":0,"55":3},"f":{"0":0,"1":0,"2":1,"3":0,"4":0,"5":0},"b":{"0":[3,0],"1":[0,0],"2":[0,0],"3":[0,0],"4":[0,0],"5":[0,0],"6":[0,0],"7":[0,0],"8":[0,0],"9":[0,3]},"_coverageSchema":"1a1c01bbd47fc00a2c39e90264f33305004495a9","hash":"f357d8558cbaa5a29fdee3fd84544fdf2b18d905"}
,"C:\\Users\\Alex\\proyecto-comun-2526-futbol\\backend-node\\app_api\\controllers\\ai.js": {"path":"C:\\Users\\Alex\\proyecto-comun-2526-futbol\\backend-node\\app_api\\controllers\\ai.js","statementMap":{"0":{"start":{"line":1,"column":18},"end":{"line":1,"column":51}},"1":{"start":{"line":2,"column":17},"end":{"line":2,"column":36}},"2":{"start":{"line":3,"column":15},"end":{"line":3,"column":39}},"3":{"start":{"line":9,"column":22},"end":{"line":61,"column":1}},"4":{"start":{"line":10,"column":4},"end":{"line":60,"column":5}},"5":{"start":{"line":11,"column":28},"end":{"line":11,"column":48}},"6":{"start":{"line":14,"column":24},"end":{"line":16,"column":46}},"7":{"start":{"line":18,"column":8},"end":{"line":22,"column":9}},"8":{"start":{"line":19,"column":12},"end":{"line":21,"column":15}},"9":{"start":{"line":24,"column":8},"end":{"line":24,"column":103}},"10":{"start":{"line":27,"column":25},"end":{"line":27,"column":64}},"11":{"start":{"line":29,"column":8},"end":{"line":38,"column":11}},"12":{"start":{"line":41,"column":29},"end":{"line":41,"column":46}},"13":{"start":{"line":42,"column":8},"end":{"line":42,"column":63}},"14":{"start":{"line":45,"column":8},"end":{"line":52,"column":9}},"15":{"start":{"line":46,"column":12},"end":{"line":51,"column":15}},"16":{"start":{"line":54,"column":8},"end":{"line":59,"column":11}},"17":{"start":{"line":63,"column":0},"end":{"line":65,"column":2}}},"fnMap":{"0":{"name":"(anonymous_0)","decl":{"start":{"line":9,"column":22},"end":{"line":9,"column":23}},"loc":{"start":{"line":9,"column":42},"end":{"line":61,"column":1}},"line":9}},"branchMap":{"0":{"loc":{"start":{"line":18,"column":8},"end":{"line":22,"column":9}},"type":"if","locations":[{"start":{"line":18,"column":8},"end":{"line":22,"column":9}},{"start":{},"end":{}}],"line":18},"1":{"loc":{"start":{"line":18,"column":12},"end":{"line":18,"column":44}},"type":"binary-expr","locations":[{"start":{"line":18,"column":12},"end":{"line":18,"column":20}},{"start":{"line":18,"column":24},"end":{"line":18,"column":44}}],"line":18},"2":{"loc":{"start":{"line":41,"column":29},"end":{"line":41,"column":46}},"type":"binary-expr","locations":[{"start":{"line":41,"column":29},"end":{"line":41,"column":40}},{"start":{"line":41,"column":44},"end":{"line":41,"column":46}}],"line":41},"3":{"loc":{"start":{"line":45,"column":8},"end":{"line":52,"column":9}},"type":"if","locations":[{"start":{"line":45,"column":8},"end":{"line":52,"column":9}},{"start":{},"end":{}}],"line":45},"4":{"loc":{"start":{"line":45,"column":12},"end":{"line":45,"column":88}},"type":"binary-expr","locations":[{"start":{"line":45,"column":12},"end":{"line":45,"column":40}},{"start":{"line":45,"column":44},"end":{"line":45,"column":88}}],"line":45}},"s":{"0":3,"1":3,"2":3,"3":3,"4":0,"5":0,"6":0,"7":0,"8":0,"9":0,"10":0,"11":0,"12":0,"13":0,"14":0,"15":0,"16":0,"17":3},"f":{"0":0},"b":{"0":[0,0],"1":[0,0],"2":[0,0],"3":[0,0],"4":[0,0]},"_coverageSchema":"1a1c01bbd47fc00a2c39e90264f33305004495a9","hash":"b0a911c272a7c9ed969d639a3719b469757ad911"}
,"C:\\Users\\Alex\\proyecto-comun-2526-futbol\\backend-node\\app_api\\controllers\\apiResult.js": {"path":"C:\\Users\\Alex\\proyecto-comun-2526-futbol\\backend-node\\app_api\\controllers\\apiResult.js","statementMap":{"0":{"start":{"line":2,"column":15},"end":{"line":2,"column":32}},"1":{"start":{"line":4,"column":22},"end":{"line":16,"column":1}},"2":{"start":{"line":5,"column":24},"end":{"line":5,"column":96}},"3":{"start":{"line":6,"column":4},"end":{"line":15,"column":7}},"4":{"start":{"line":18,"column":0},"end":{"line":18,"column":35}}},"fnMap":{"0":{"name":"(anonymous_0)","decl":{"start":{"line":4,"column":22},"end":{"line":4,"column":23}},"loc":{"start":{"line":4,"column":58},"end":{"line":16,"column":1}},"line":4}},"branchMap":{"0":{"loc":{"start":{"line":4,"column":42},"end":{"line":4,"column":53}},"type":"default-arg","locations":[{"start":{"line":4,"column":49},"end":{"line":4,"column":53}}],"line":4},"1":{"loc":{"start":{"line":5,"column":24},"end":{"line":5,"column":96}},"type":"cond-expr","locations":[{"start":{"line":5,"column":49},"end":{"line":5,"column":87}},{"start":{"line":5,"column":90},"end":{"line":5,"column":96}}],"line":5},"2":{"loc":{"start":{"line":10,"column":25},"end":{"line":10,"column":60}},"type":"cond-expr","locations":[{"start":{"line":10,"column":48},"end":{"line":10,"column":52}},{"start":{"line":10,"column":55},"end":{"line":10,"column":60}}],"line":10}},"s":{"0":3,"1":3,"2":14,"3":14,"4":3},"f":{"0":14},"b":{"0":[5],"1":[7,7],"2":[11,3]},"_coverageSchema":"1a1c01bbd47fc00a2c39e90264f33305004495a9","hash":"21b6885ec9cabb337946b05df334a42ba830658c"}
,"C:\\Users\\Alex\\proyecto-comun-2526-futbol\\backend-node\\app_api\\controllers\\auth.js": {"path":"C:\\Users\\Alex\\proyecto-comun-2526-futbol\\backend-node\\app_api\\controllers\\auth.js","statementMap":{"0":{"start":{"line":1,"column":17},"end":{"line":1,"column":36}},"1":{"start":{"line":2,"column":13},"end":{"line":2,"column":35}},"2":{"start":{"line":3,"column":14},"end":{"line":3,"column":43}},"3":{"start":{"line":4,"column":24},"end":{"line":4,"column":52}},"4":{"start":{"line":5,"column":26},"end":{"line":5,"column":48}},"5":{"start":{"line":11,"column":22},"end":{"line":116,"column":1}},"6":{"start":{"line":12,"column":4},"end":{"line":12,"column":57}},"7":{"start":{"line":13,"column":24},"end":{"line":13,"column":32}},"8":{"start":{"line":14,"column":4},"end":{"line":14,"column":35}},"9":{"start":{"line":15,"column":4},"end":{"line":17,"column":5}},"10":{"start":{"line":16,"column":8},"end":{"line":16,"column":71}},"11":{"start":{"line":19,"column":4},"end":{"line":115,"column":5}},"12":{"start":{"line":25,"column":8},"end":{"line":47,"column":9}},"13":{"start":{"line":27,"column":12},"end":{"line":32,"column":13}},"14":{"start":{"line":28,"column":16},"end":{"line":28,"column":73}},"15":{"start":{"line":29,"column":16},"end":{"line":29,"column":53}},"16":{"start":{"line":31,"column":16},"end":{"line":31,"column":66}},"17":{"start":{"line":34,"column":12},"end":{"line":34,"column":48}},"18":{"start":{"line":36,"column":12},"end":{"line":46,"column":13}},"19":{"start":{"line":37,"column":16},"end":{"line":37,"column":57}},"20":{"start":{"line":38,"column":16},"end":{"line":38,"column":79}},"21":{"start":{"line":39,"column":16},"end":{"line":43,"column":18}},"22":{"start":{"line":45,"column":16},"end":{"line":45,"column":28}},"23":{"start":{"line":49,"column":31},"end":{"line":49,"column":85}},"24":{"start":{"line":51,"column":8},"end":{"line":56,"column":10}},"25":{"start":{"line":60,"column":19},"end":{"line":60,"column":72}},"26":{"start":{"line":63,"column":8},"end":{"line":66,"column":9}},"27":{"start":{"line":64,"column":12},"end":{"line":64,"column":99}},"28":{"start":{"line":65,"column":12},"end":{"line":65,"column":69}},"29":{"start":{"line":68,"column":8},"end":{"line":85,"column":9}},"30":{"start":{"line":69,"column":12},"end":{"line":69,"column":69}},"31":{"start":{"line":70,"column":12},"end":{"line":84,"column":13}},"32":{"start":{"line":71,"column":16},"end":{"line":76,"column":19}},"33":{"start":{"line":78,"column":16},"end":{"line":83,"column":17}},"34":{"start":{"line":79,"column":20},"end":{"line":79,"column":112}},"35":{"start":{"line":80,"column":20},"end":{"line":80,"column":77}},"36":{"start":{"line":82,"column":20},"end":{"line":82,"column":30}},"37":{"start":{"line":87,"column":8},"end":{"line":96,"column":9}},"38":{"start":{"line":89,"column":12},"end":{"line":89,"column":48}},"39":{"start":{"line":90,"column":12},"end":{"line":90,"column":42}},"40":{"start":{"line":91,"column":12},"end":{"line":91,"column":64}},"41":{"start":{"line":92,"column":12},"end":{"line":92,"column":30}},"42":{"start":{"line":93,"column":12},"end":{"line":93,"column":90}},"43":{"start":{"line":95,"column":12},"end":{"line":95,"column":94}},"44":{"start":{"line":99,"column":22},"end":{"line":99,"column":78}},"45":{"start":{"line":101,"column":8},"end":{"line":110,"column":11}},"46":{"start":{"line":113,"column":8},"end":{"line":113,"column":56}},"47":{"start":{"line":114,"column":8},"end":{"line":114,"column":96}},"48":{"start":{"line":122,"column":21},"end":{"line":155,"column":1}},"49":{"start":{"line":123,"column":22},"end":{"line":123,"column":30}},"50":{"start":{"line":127,"column":22},"end":{"line":127,"column":30}},"51":{"start":{"line":129,"column":4},"end":{"line":131,"column":5}},"52":{"start":{"line":130,"column":8},"end":{"line":130,"column":80}},"53":{"start":{"line":133,"column":4},"end":{"line":154,"column":5}},"54":{"start":{"line":135,"column":29},"end":{"line":135,"column":69}},"55":{"start":{"line":138,"column":8},"end":{"line":138,"column":82}},"56":{"start":{"line":141,"column":8},"end":{"line":145,"column":10}},"57":{"start":{"line":147,"column":8},"end":{"line":147,"column":79}},"58":{"start":{"line":149,"column":8},"end":{"line":149,"column":123}},"59":{"start":{"line":152,"column":8},"end":{"line":152,"column":59}},"60":{"start":{"line":153,"column":8},"end":{"line":153,"column":91}},"61":{"start":{"line":161,"column":24},"end":{"line":190,"column":1}},"62":{"start":{"line":162,"column":22},"end":{"line":162,"column":30}},"63":{"start":{"line":164,"column":4},"end":{"line":166,"column":5}},"64":{"start":{"line":165,"column":8},"end":{"line":165,"column":80}},"65":{"start":{"line":168,"column":4},"end":{"line":189,"column":5}},"66":{"start":{"line":170,"column":29},"end":{"line":170,"column":69}},"67":{"start":{"line":173,"column":8},"end":{"line":173,"column":83}},"68":{"start":{"line":176,"column":8},"end":{"line":180,"column":10}},"69":{"start":{"line":182,"column":8},"end":{"line":182,"column":78}},"70":{"start":{"line":184,"column":8},"end":{"line":184,"column":83}},"71":{"start":{"line":187,"column":8},"end":{"line":187,"column":59}},"72":{"start":{"line":188,"column":8},"end":{"line":188,"column":91}},"73":{"start":{"line":196,"column":17},"end":{"line":207,"column":1}},"74":{"start":{"line":197,"column":22},"end":{"line":197,"column":31}},"75":{"start":{"line":199,"column":4},"end":{"line":206,"column":5}},"76":{"start":{"line":200,"column":22},"end":{"line":200,"column":78}},"77":{"start":{"line":201,"column":22},"end":{"line":201,"column":90}},"78":{"start":{"line":203,"column":8},"end":{"line":203,"column":70}},"79":{"start":{"line":205,"column":8},"end":{"line":205,"column":85}},"80":{"start":{"line":213,"column":25},"end":{"line":243,"column":1}},"81":{"start":{"line":214,"column":32},"end":{"line":214,"column":40}},"82":{"start":{"line":216,"column":4},"end":{"line":218,"column":5}},"83":{"start":{"line":217,"column":8},"end":{"line":217,"column":69}},"84":{"start":{"line":220,"column":4},"end":{"line":242,"column":5}},"85":{"start":{"line":222,"column":29},"end":{"line":222,"column":69}},"86":{"start":{"line":225,"column":8},"end":{"line":225,"column":80}},"87":{"start":{"line":228,"column":28},"end":{"line":232,"column":9}},"88":{"start":{"line":234,"column":28},"end":{"line":234,"column":68}},"89":{"start":{"line":235,"column":8},"end":{"line":235,"column":84}},"90":{"start":{"line":237,"column":8},"end":{"line":237,"column":92}},"91":{"start":{"line":240,"column":8},"end":{"line":240,"column":69}},"92":{"start":{"line":241,"column":8},"end":{"line":241,"column":91}},"93":{"start":{"line":245,"column":0},"end":{"line":251,"column":2}}},"fnMap":{"0":{"name":"(anonymous_0)","decl":{"start":{"line":11,"column":22},"end":{"line":11,"column":23}},"loc":{"start":{"line":11,"column":42},"end":{"line":116,"column":1}},"line":11},"1":{"name":"(anonymous_1)","decl":{"start":{"line":122,"column":21},"end":{"line":122,"column":22}},"loc":{"start":{"line":122,"column":41},"end":{"line":155,"column":1}},"line":122},"2":{"name":"(anonymous_2)","decl":{"start":{"line":161,"column":24},"end":{"line":161,"column":25}},"loc":{"start":{"line":161,"column":44},"end":{"line":190,"column":1}},"line":161},"3":{"name":"(anonymous_3)","decl":{"start":{"line":196,"column":17},"end":{"line":196,"column":18}},"loc":{"start":{"line":196,"column":37},"end":{"line":207,"column":1}},"line":196},"4":{"name":"(anonymous_4)","decl":{"start":{"line":213,"column":25},"end":{"line":213,"column":26}},"loc":{"start":{"line":213,"column":45},"end":{"line":243,"column":1}},"line":213}},"branchMap":{"0":{"loc":{"start":{"line":15,"column":4},"end":{"line":17,"column":5}},"type":"if","locations":[{"start":{"line":15,"column":4},"end":{"line":17,"column":5}},{"start":{},"end":{}}],"line":15},"1":{"loc":{"start":{"line":27,"column":12},"end":{"line":32,"column":13}},"type":"if","locations":[{"start":{"line":27,"column":12},"end":{"line":32,"column":13}},{"start":{"line":30,"column":19},"end":{"line":32,"column":13}}],"line":27},"2":{"loc":{"start":{"line":36,"column":12},"end":{"line":46,"column":13}},"type":"if","locations":[{"start":{"line":36,"column":12},"end":{"line":46,"column":13}},{"start":{"line":44,"column":19},"end":{"line":46,"column":13}}],"line":36},"3":{"loc":{"start":{"line":54,"column":18},"end":{"line":54,"column":71}},"type":"binary-expr","locations":[{"start":{"line":54,"column":18},"end":{"line":54,"column":35}},{"start":{"line":54,"column":39},"end":{"line":54,"column":71}}],"line":54},"4":{"loc":{"start":{"line":55,"column":21},"end":{"line":55,"column":66}},"type":"binary-expr","locations":[{"start":{"line":55,"column":21},"end":{"line":55,"column":48}},{"start":{"line":55,"column":52},"end":{"line":55,"column":66}}],"line":55},"5":{"loc":{"start":{"line":63,"column":8},"end":{"line":66,"column":9}},"type":"if","locations":[{"start":{"line":63,"column":8},"end":{"line":66,"column":9}},{"start":{},"end":{}}],"line":63},"6":{"loc":{"start":{"line":68,"column":8},"end":{"line":85,"column":9}},"type":"if","locations":[{"start":{"line":68,"column":8},"end":{"line":85,"column":9}},{"start":{},"end":{}}],"line":68},"7":{"loc":{"start":{"line":75,"column":26},"end":{"line":75,"column":65}},"type":"cond-expr","locations":[{"start":{"line":75,"column":49},"end":{"line":75,"column":56}},{"start":{"line":75,"column":59},"end":{"line":75,"column":65}}],"line":75},"8":{"loc":{"start":{"line":78,"column":16},"end":{"line":83,"column":17}},"type":"if","locations":[{"start":{"line":78,"column":16},"end":{"line":83,"column":17}},{"start":{"line":81,"column":23},"end":{"line":83,"column":17}}],"line":78},"9":{"loc":{"start":{"line":87,"column":8},"end":{"line":96,"column":9}},"type":"if","locations":[{"start":{"line":87,"column":8},"end":{"line":96,"column":9}},{"start":{"line":94,"column":15},"end":{"line":96,"column":9}}],"line":87},"10":{"loc":{"start":{"line":91,"column":24},"end":{"line":91,"column":63}},"type":"cond-expr","locations":[{"start":{"line":91,"column":47},"end":{"line":91,"column":54}},{"start":{"line":91,"column":57},"end":{"line":91,"column":63}}],"line":91},"11":{"loc":{"start":{"line":129,"column":4},"end":{"line":131,"column":5}},"type":"if","locations":[{"start":{"line":129,"column":4},"end":{"line":131,"column":5}},{"start":{},"end":{}}],"line":129},"12":{"loc":{"start":{"line":164,"column":4},"end":{"line":166,"column":5}},"type":"if","locations":[{"start":{"line":164,"column":4},"end":{"line":166,"column":5}},{"start":{},"end":{}}],"line":164},"13":{"loc":{"start":{"line":200,"column":22},"end":{"line":200,"column":78}},"type":"cond-expr","locations":[{"start":{"line":200,"column":30},"end":{"line":200,"column":73}},{"start":{"line":200,"column":76},"end":{"line":200,"column":78}}],"line":200},"14":{"loc":{"start":{"line":216,"column":4},"end":{"line":218,"column":5}},"type":"if","locations":[{"start":{"line":216,"column":4},"end":{"line":218,"column":5}},{"start":{},"end":{}}],"line":216},"15":{"loc":{"start":{"line":234,"column":28},"end":{"line":234,"column":68}},"type":"cond-expr","locations":[{"start":{"line":234,"column":39},"end":{"line":234,"column":53}},{"start":{"line":234,"column":56},"end":{"line":234,"column":68}}],"line":234}},"s":{"0":3,"1":3,"2":3,"3":3,"4":3,"5":3,"6":0,"7":0,"8":0,"9":0,"10":0,"11":0,"12":0,"13":0,"14":0,"15":0,"16":0,"17":0,"18":0,"19":0,"20":0,"21":0,"22":0,"23":0,"24":0,"25":0,"26":0,"27":0,"28":0,"29":0,"30":0,"31":0,"32":0,"33":0,"34":0,"35":0,"36":0,"37":0,"38":0,"39":0,"40":0,"41":0,"42":0,"43":0,"44":0,"45":0,"46":0,"47":0,"48":3,"49":0,"50":0,"51":0,"52":0,"53":0,"54":0,"55":0,"56":0,"57":0,"58":0,"59":0,"60":0,"61":3,"62":0,"63":0,"64":0,"65":0,"66":0,"67":0,"68":0,"69":0,"70":0,"71":0,"72":0,"73":3,"74":0,"75":0,"76":0,"77":0,"78":0,"79":0,"80":3,"81":0,"82":0,"83":0,"84":0,"85":0,"86":0,"87":0,"88":0,"89":0,"90":0,"91":0,"92":0,"93":3},"f":{"0":0,"1":0,"2":0,"3":0,"4":0},"b":{"0":[0,0],"1":[0,0],"2":[0,0],"3":[0,0],"4":[0,0],"5":[0,0],"6":[0,0],"7":[0,0],"8":[0,0],"9":[0,0],"10":[0,0],"11":[0,0],"12":[0,0],"13":[0,0],"14":[0,0],"15":[0,0]},"_coverageSchema":"1a1c01bbd47fc00a2c39e90264f33305004495a9","hash":"1677ac1da1fe6a5d151608e3803bcff8c96e52c5"}
,"C:\\Users\\Alex\\proyecto-comun-2526-futbol\\backend-node\\app_api\\controllers\\comments.js": {"path":"C:\\Users\\Alex\\proyecto-comun-2526-futbol\\backend-node\\app_api\\controllers\\comments.js","statementMap":{"0":{"start":{"line":1,"column":17},"end":{"line":1,"column":36}},"1":{"start":{"line":2,"column":15},"end":{"line":2,"column":39}},"2":{"start":{"line":3,"column":26},"end":{"line":3,"column":48}},"3":{"start":{"line":6,"column":23},"end":{"line":23,"column":1}},"4":{"start":{"line":7,"column":4},"end":{"line":22,"column":5}},"5":{"start":{"line":8,"column":23},"end":{"line":8,"column":72}},"6":{"start":{"line":9,"column":8},"end":{"line":11,"column":9}},"7":{"start":{"line":10,"column":12},"end":{"line":10,"column":68}},"8":{"start":{"line":13,"column":8},"end":{"line":13,"column":39}},"9":{"start":{"line":14,"column":28},"end":{"line":14,"column":47}},"10":{"start":{"line":15,"column":28},"end":{"line":15,"column":81}},"11":{"start":{"line":17,"column":8},"end":{"line":17,"column":85}},"12":{"start":{"line":20,"column":8},"end":{"line":20,"column":65}},"13":{"start":{"line":21,"column":8},"end":{"line":21,"column":78}},"14":{"start":{"line":26,"column":24},"end":{"line":42,"column":1}},"15":{"start":{"line":27,"column":4},"end":{"line":41,"column":5}},"16":{"start":{"line":28,"column":23},"end":{"line":28,"column":96}},"17":{"start":{"line":29,"column":8},"end":{"line":31,"column":9}},"18":{"start":{"line":30,"column":12},"end":{"line":30,"column":68}},"19":{"start":{"line":33,"column":24},"end":{"line":33,"column":64}},"20":{"start":{"line":34,"column":8},"end":{"line":36,"column":9}},"21":{"start":{"line":35,"column":12},"end":{"line":35,"column":71}},"22":{"start":{"line":38,"column":8},"end":{"line":38,"column":81}},"23":{"start":{"line":40,"column":8},"end":{"line":40,"column":76}},"24":{"start":{"line":45,"column":26},"end":{"line":64,"column":1}},"25":{"start":{"line":46,"column":4},"end":{"line":63,"column":5}},"26":{"start":{"line":47,"column":23},"end":{"line":47,"column":72}},"27":{"start":{"line":48,"column":8},"end":{"line":50,"column":9}},"28":{"start":{"line":49,"column":12},"end":{"line":49,"column":68}},"29":{"start":{"line":52,"column":24},"end":{"line":52,"column":64}},"30":{"start":{"line":53,"column":8},"end":{"line":55,"column":9}},"31":{"start":{"line":54,"column":12},"end":{"line":54,"column":83}},"32":{"start":{"line":57,"column":8},"end":{"line":57,"column":51}},"33":{"start":{"line":58,"column":8},"end":{"line":58,"column":28}},"34":{"start":{"line":60,"column":8},"end":{"line":60,"column":55}},"35":{"start":{"line":62,"column":8},"end":{"line":62,"column":78}},"36":{"start":{"line":67,"column":26},"end":{"line":89,"column":1}},"37":{"start":{"line":68,"column":4},"end":{"line":88,"column":5}},"38":{"start":{"line":69,"column":23},"end":{"line":69,"column":72}},"39":{"start":{"line":70,"column":8},"end":{"line":72,"column":9}},"40":{"start":{"line":71,"column":12},"end":{"line":71,"column":68}},"41":{"start":{"line":74,"column":24},"end":{"line":74,"column":64}},"42":{"start":{"line":75,"column":8},"end":{"line":77,"column":9}},"43":{"start":{"line":76,"column":12},"end":{"line":76,"column":87}},"44":{"start":{"line":80,"column":8},"end":{"line":80,"column":65}},"45":{"start":{"line":80,"column":30},"end":{"line":80,"column":65}},"46":{"start":{"line":81,"column":8},"end":{"line":81,"column":62}},"47":{"start":{"line":81,"column":29},"end":{"line":81,"column":62}},"48":{"start":{"line":82,"column":8},"end":{"line":82,"column":74}},"49":{"start":{"line":82,"column":33},"end":{"line":82,"column":74}},"50":{"start":{"line":84,"column":8},"end":{"line":84,"column":28}},"51":{"start":{"line":85,"column":8},"end":{"line":85,"column":81}},"52":{"start":{"line":87,"column":8},"end":{"line":87,"column":82}},"53":{"start":{"line":91,"column":0},"end":{"line":96,"column":2}}},"fnMap":{"0":{"name":"(anonymous_0)","decl":{"start":{"line":6,"column":23},"end":{"line":6,"column":24}},"loc":{"start":{"line":6,"column":43},"end":{"line":23,"column":1}},"line":6},"1":{"name":"(anonymous_1)","decl":{"start":{"line":26,"column":24},"end":{"line":26,"column":25}},"loc":{"start":{"line":26,"column":44},"end":{"line":42,"column":1}},"line":26},"2":{"name":"(anonymous_2)","decl":{"start":{"line":45,"column":26},"end":{"line":45,"column":27}},"loc":{"start":{"line":45,"column":46},"end":{"line":64,"column":1}},"line":45},"3":{"name":"(anonymous_3)","decl":{"start":{"line":67,"column":26},"end":{"line":67,"column":27}},"loc":{"start":{"line":67,"column":46},"end":{"line":89,"column":1}},"line":67}},"branchMap":{"0":{"loc":{"start":{"line":9,"column":8},"end":{"line":11,"column":9}},"type":"if","locations":[{"start":{"line":9,"column":8},"end":{"line":11,"column":9}},{"start":{},"end":{}}],"line":9},"1":{"loc":{"start":{"line":29,"column":8},"end":{"line":31,"column":9}},"type":"if","locations":[{"start":{"line":29,"column":8},"end":{"line":31,"column":9}},{"start":{},"end":{}}],"line":29},"2":{"loc":{"start":{"line":34,"column":8},"end":{"line":36,"column":9}},"type":"if","locations":[{"start":{"line":34,"column":8},"end":{"line":36,"column":9}},{"start":{},"end":{}}],"line":34},"3":{"loc":{"start":{"line":48,"column":8},"end":{"line":50,"column":9}},"type":"if","locations":[{"start":{"line":48,"column":8},"end":{"line":50,"column":9}},{"start":{},"end":{}}],"line":48},"4":{"loc":{"start":{"line":53,"column":8},"end":{"line":55,"column":9}},"type":"if","locations":[{"start":{"line":53,"column":8},"end":{"line":55,"column":9}},{"start":{},"end":{}}],"line":53},"5":{"loc":{"start":{"line":70,"column":8},"end":{"line":72,"column":9}},"type":"if","locations":[{"start":{"line":70,"column":8},"end":{"line":72,"column":9}},{"start":{},"end":{}}],"line":70},"6":{"loc":{"start":{"line":75,"column":8},"end":{"line":77,"column":9}},"type":"if","locations":[{"start":{"line":75,"column":8},"end":{"line":77,"column":9}},{"start":{},"end":{}}],"line":75},"7":{"loc":{"start":{"line":80,"column":8},"end":{"line":80,"column":65}},"type":"if","locations":[{"start":{"line":80,"column":8},"end":{"line":80,"column":65}},{"start":{},"end":{}}],"line":80},"8":{"loc":{"start":{"line":81,"column":8},"end":{"line":81,"column":62}},"type":"if","locations":[{"start":{"line":81,"column":8},"end":{"line":81,"column":62}},{"start":{},"end":{}}],"line":81},"9":{"loc":{"start":{"line":82,"column":8},"end":{"line":82,"column":74}},"type":"if","locations":[{"start":{"line":82,"column":8},"end":{"line":82,"column":74}},{"start":{},"end":{}}],"line":82}},"s":{"0":3,"1":3,"2":3,"3":3,"4":1,"5":1,"6":1,"7":0,"8":1,"9":1,"10":1,"11":1,"12":0,"13":0,"14":3,"15":1,"16":1,"17":1,"18":0,"19":1,"20":1,"21":0,"22":1,"23":0,"24":3,"25":1,"26":1,"27":1,"28":0,"29":1,"30":1,"31":0,"32":1,"33":1,"34":1,"35":0,"36":3,"37":1,"38":1,"39":1,"40":0,"41":1,"42":1,"43":0,"44":1,"45":1,"46":1,"47":1,"48":1,"49":0,"50":1,"51":1,"52":0,"53":3},"f":{"0":1,"1":1,"2":1,"3":1},"b":{"0":[0,1],"1":[0,1],"2":[0,1],"3":[0,1],"4":[0,1],"5":[0,1],"6":[0,1],"7":[1,0],"8":[1,0],"9":[0,1]},"_coverageSchema":"1a1c01bbd47fc00a2c39e90264f33305004495a9","hash":"eb9ef60ad97e985fad0f60174c8fb4977fff8759"}
,"C:\\Users\\Alex\\proyecto-comun-2526-futbol\\backend-node\\app_api\\controllers\\external.controller.js": {"path":"C:\\Users\\Alex\\proyecto-comun-2526-futbol\\backend-node\\app_api\\controllers\\external.controller.js","statementMap":{"0":{"start":{"line":1,"column":20},"end":{"line":1,"column":62}},"1":{"start":{"line":2,"column":26},"end":{"line":2,"column":48}},"2":{"start":{"line":8,"column":26},"end":{"line":18,"column":1}},"3":{"start":{"line":9,"column":4},"end":{"line":17,"column":5}},"4":{"start":{"line":10,"column":25},"end":{"line":10,"column":34}},"5":{"start":{"line":11,"column":8},"end":{"line":11,"column":78}},"6":{"start":{"line":11,"column":19},"end":{"line":11,"column":78}},"7":{"start":{"line":13,"column":24},"end":{"line":13,"column":61}},"8":{"start":{"line":14,"column":8},"end":{"line":14,"column":75}},"9":{"start":{"line":16,"column":8},"end":{"line":16,"column":71}},"10":{"start":{"line":20,"column":29},"end":{"line":28,"column":1}},"11":{"start":{"line":21,"column":4},"end":{"line":27,"column":5}},"12":{"start":{"line":22,"column":23},"end":{"line":22,"column":33}},"13":{"start":{"line":23,"column":24},"end":{"line":23,"column":62}},"14":{"start":{"line":24,"column":8},"end":{"line":24,"column":77}},"15":{"start":{"line":26,"column":8},"end":{"line":26,"column":71}},"16":{"start":{"line":30,"column":27},"end":{"line":38,"column":1}},"17":{"start":{"line":31,"column":4},"end":{"line":37,"column":5}},"18":{"start":{"line":32,"column":23},"end":{"line":32,"column":33}},"19":{"start":{"line":33,"column":24},"end":{"line":33,"column":60}},"20":{"start":{"line":34,"column":8},"end":{"line":34,"column":74}},"21":{"start":{"line":36,"column":8},"end":{"line":36,"column":71}},"22":{"start":{"line":40,"column":29},"end":{"line":48,"column":1}},"23":{"start":{"line":41,"column":4},"end":{"line":47,"column":5}},"24":{"start":{"line":42,"column":23},"end":{"line":42,"column":33}},"25":{"start":{"line":43,"column":24},"end":{"line":43,"column":62}},"26":{"start":{"line":44,"column":8},"end":{"line":44,"column":72}},"27":{"start":{"line":46,"column":8},"end":{"line":46,"column":71}},"28":{"start":{"line":50,"column":24},"end":{"line":59,"column":1}},"29":{"start":{"line":51,"column":4},"end":{"line":58,"column":5}},"30":{"start":{"line":52,"column":25},"end":{"line":52,"column":34}},"31":{"start":{"line":53,"column":8},"end":{"line":53,"column":89}},"32":{"start":{"line":53,"column":19},"end":{"line":53,"column":89}},"33":{"start":{"line":54,"column":22},"end":{"line":54,"column":57}},"34":{"start":{"line":55,"column":8},"end":{"line":55,"column":79}},"35":{"start":{"line":57,"column":8},"end":{"line":57,"column":71}},"36":{"start":{"line":61,"column":29},"end":{"line":69,"column":1}},"37":{"start":{"line":62,"column":4},"end":{"line":68,"column":5}},"38":{"start":{"line":63,"column":23},"end":{"line":63,"column":33}},"39":{"start":{"line":64,"column":24},"end":{"line":64,"column":62}},"40":{"start":{"line":65,"column":8},"end":{"line":65,"column":72}},"41":{"start":{"line":67,"column":8},"end":{"line":67,"column":71}},"42":{"start":{"line":71,"column":32},"end":{"line":80,"column":1}},"43":{"start":{"line":72,"column":4},"end":{"line":79,"column":5}},"44":{"start":{"line":73,"column":25},"end":{"line":73,"column":34}},"45":{"start":{"line":74,"column":8},"end":{"line":74,"column":89}},"46":{"start":{"line":74,"column":19},"end":{"line":74,"column":89}},"47":{"start":{"line":75,"column":24},"end":{"line":75,"column":67}},"48":{"start":{"line":76,"column":8},"end":{"line":76,"column":81}},"49":{"start":{"line":78,"column":8},"end":{"line":78,"column":71}},"50":{"start":{"line":82,"column":23},"end":{"line":89,"column":1}},"51":{"start":{"line":83,"column":4},"end":{"line":88,"column":5}},"52":{"start":{"line":84,"column":24},"end":{"line":84,"column":54}},"53":{"start":{"line":85,"column":8},"end":{"line":85,"column":74}},"54":{"start":{"line":87,"column":8},"end":{"line":87,"column":71}},"55":{"start":{"line":91,"column":26},"end":{"line":100,"column":1}},"56":{"start":{"line":92,"column":4},"end":{"line":99,"column":5}},"57":{"start":{"line":93,"column":25},"end":{"line":93,"column":34}},"58":{"start":{"line":94,"column":8},"end":{"line":94,"column":89}},"59":{"start":{"line":94,"column":19},"end":{"line":94,"column":89}},"60":{"start":{"line":95,"column":24},"end":{"line":95,"column":61}},"61":{"start":{"line":96,"column":8},"end":{"line":96,"column":79}},"62":{"start":{"line":98,"column":8},"end":{"line":98,"column":71}},"63":{"start":{"line":103,"column":26},"end":{"line":112,"column":1}},"64":{"start":{"line":104,"column":4},"end":{"line":111,"column":5}},"65":{"start":{"line":105,"column":8},"end":{"line":105,"column":67}},"66":{"start":{"line":106,"column":24},"end":{"line":106,"column":65}},"67":{"start":{"line":107,"column":8},"end":{"line":107,"column":94}},"68":{"start":{"line":108,"column":8},"end":{"line":108,"column":75}},"69":{"start":{"line":110,"column":8},"end":{"line":110,"column":71}},"70":{"start":{"line":114,"column":29},"end":{"line":122,"column":1}},"71":{"start":{"line":115,"column":4},"end":{"line":121,"column":5}},"72":{"start":{"line":116,"column":23},"end":{"line":116,"column":33}},"73":{"start":{"line":117,"column":22},"end":{"line":117,"column":60}},"74":{"start":{"line":118,"column":8},"end":{"line":118,"column":80}},"75":{"start":{"line":120,"column":8},"end":{"line":120,"column":71}},"76":{"start":{"line":124,"column":27},"end":{"line":132,"column":1}},"77":{"start":{"line":125,"column":4},"end":{"line":131,"column":5}},"78":{"start":{"line":126,"column":23},"end":{"line":126,"column":33}},"79":{"start":{"line":127,"column":24},"end":{"line":127,"column":67}},"80":{"start":{"line":128,"column":8},"end":{"line":128,"column":86}},"81":{"start":{"line":130,"column":8},"end":{"line":130,"column":71}},"82":{"start":{"line":134,"column":29},"end":{"line":142,"column":1}},"83":{"start":{"line":135,"column":4},"end":{"line":141,"column":5}},"84":{"start":{"line":136,"column":23},"end":{"line":136,"column":33}},"85":{"start":{"line":137,"column":24},"end":{"line":137,"column":62}},"86":{"start":{"line":138,"column":8},"end":{"line":138,"column":83}},"87":{"start":{"line":140,"column":8},"end":{"line":140,"column":71}},"88":{"start":{"line":144,"column":32},"end":{"line":152,"column":1}},"89":{"start":{"line":145,"column":4},"end":{"line":151,"column":5}},"90":{"start":{"line":146,"column":23},"end":{"line":146,"column":33}},"91":{"start":{"line":147,"column":27},"end":{"line":147,"column":68}},"92":{"start":{"line":148,"column":8},"end":{"line":148,"column":84}},"93":{"start":{"line":150,"column":8},"end":{"line":150,"column":71}},"94":{"start":{"line":154,"column":27},"end":{"line":163,"column":1}},"95":{"start":{"line":155,"column":4},"end":{"line":162,"column":5}},"96":{"start":{"line":156,"column":28},"end":{"line":156,"column":38}},"97":{"start":{"line":157,"column":8},"end":{"line":157,"column":72}},"98":{"start":{"line":158,"column":24},"end":{"line":158,"column":76}},"99":{"start":{"line":159,"column":8},"end":{"line":159,"column":86}},"100":{"start":{"line":161,"column":8},"end":{"line":161,"column":71}},"101":{"start":{"line":165,"column":0},"end":{"line":181,"column":2}}},"fnMap":{"0":{"name":"(anonymous_0)","decl":{"start":{"line":8,"column":26},"end":{"line":8,"column":27}},"loc":{"start":{"line":8,"column":46},"end":{"line":18,"column":1}},"line":8},"1":{"name":"(anonymous_1)","decl":{"start":{"line":20,"column":29},"end":{"line":20,"column":30}},"loc":{"start":{"line":20,"column":49},"end":{"line":28,"column":1}},"line":20},"2":{"name":"(anonymous_2)","decl":{"start":{"line":30,"column":27},"end":{"line":30,"column":28}},"loc":{"start":{"line":30,"column":47},"end":{"line":38,"column":1}},"line":30},"3":{"name":"(anonymous_3)","decl":{"start":{"line":40,"column":29},"end":{"line":40,"column":30}},"loc":{"start":{"line":40,"column":49},"end":{"line":48,"column":1}},"line":40},"4":{"name":"(anonymous_4)","decl":{"start":{"line":50,"column":24},"end":{"line":50,"column":25}},"loc":{"start":{"line":50,"column":44},"end":{"line":59,"column":1}},"line":50},"5":{"name":"(anonymous_5)","decl":{"start":{"line":61,"column":29},"end":{"line":61,"column":30}},"loc":{"start":{"line":61,"column":49},"end":{"line":69,"column":1}},"line":61},"6":{"name":"(anonymous_6)","decl":{"start":{"line":71,"column":32},"end":{"line":71,"column":33}},"loc":{"start":{"line":71,"column":52},"end":{"line":80,"column":1}},"line":71},"7":{"name":"(anonymous_7)","decl":{"start":{"line":82,"column":23},"end":{"line":82,"column":24}},"loc":{"start":{"line":82,"column":43},"end":{"line":89,"column":1}},"line":82},"8":{"name":"(anonymous_8)","decl":{"start":{"line":91,"column":26},"end":{"line":91,"column":27}},"loc":{"start":{"line":91,"column":46},"end":{"line":100,"column":1}},"line":91},"9":{"name":"(anonymous_9)","decl":{"start":{"line":103,"column":26},"end":{"line":103,"column":27}},"loc":{"start":{"line":103,"column":46},"end":{"line":112,"column":1}},"line":103},"10":{"name":"(anonymous_10)","decl":{"start":{"line":114,"column":29},"end":{"line":114,"column":30}},"loc":{"start":{"line":114,"column":49},"end":{"line":122,"column":1}},"line":114},"11":{"name":"(anonymous_11)","decl":{"start":{"line":124,"column":27},"end":{"line":124,"column":28}},"loc":{"start":{"line":124,"column":47},"end":{"line":132,"column":1}},"line":124},"12":{"name":"(anonymous_12)","decl":{"start":{"line":134,"column":29},"end":{"line":134,"column":30}},"loc":{"start":{"line":134,"column":49},"end":{"line":142,"column":1}},"line":134},"13":{"name":"(anonymous_13)","decl":{"start":{"line":144,"column":32},"end":{"line":144,"column":33}},"loc":{"start":{"line":144,"column":52},"end":{"line":152,"column":1}},"line":144},"14":{"name":"(anonymous_14)","decl":{"start":{"line":154,"column":27},"end":{"line":154,"column":28}},"loc":{"start":{"line":154,"column":47},"end":{"line":163,"column":1}},"line":154}},"branchMap":{"0":{"loc":{"start":{"line":11,"column":8},"end":{"line":11,"column":78}},"type":"if","locations":[{"start":{"line":11,"column":8},"end":{"line":11,"column":78}},{"start":{},"end":{}}],"line":11},"1":{"loc":{"start":{"line":53,"column":8},"end":{"line":53,"column":89}},"type":"if","locations":[{"start":{"line":53,"column":8},"end":{"line":53,"column":89}},{"start":{},"end":{}}],"line":53},"2":{"loc":{"start":{"line":74,"column":8},"end":{"line":74,"column":89}},"type":"if","locations":[{"start":{"line":74,"column":8},"end":{"line":74,"column":89}},{"start":{},"end":{}}],"line":74},"3":{"loc":{"start":{"line":94,"column":8},"end":{"line":94,"column":89}},"type":"if","locations":[{"start":{"line":94,"column":8},"end":{"line":94,"column":89}},{"start":{},"end":{}}],"line":94},"4":{"loc":{"start":{"line":107,"column":58},"end":{"line":107,"column":78}},"type":"binary-expr","locations":[{"start":{"line":107,"column":58},"end":{"line":107,"column":73}},{"start":{"line":107,"column":77},"end":{"line":107,"column":78}}],"line":107},"5":{"loc":{"start":{"line":158,"column":57},"end":{"line":158,"column":75}},"type":"binary-expr","locations":[{"start":{"line":158,"column":57},"end":{"line":158,"column":64}},{"start":{"line":158,"column":68},"end":{"line":158,"column":75}}],"line":158}},"s":{"0":3,"1":3,"2":3,"3":0,"4":0,"5":0,"6":0,"7":0,"8":0,"9":0,"10":3,"11":0,"12":0,"13":0,"14":0,"15":0,"16":3,"17":0,"18":0,"19":0,"20":0,"21":0,"22":3,"23":0,"24":0,"25":0,"26":0,"27":0,"28":3,"29":0,"30":0,"31":0,"32":0,"33":0,"34":0,"35":0,"36":3,"37":0,"38":0,"39":0,"40":0,"41":0,"42":3,"43":0,"44":0,"45":0,"46":0,"47":0,"48":0,"49":0,"50":3,"51":0,"52":0,"53":0,"54":0,"55":3,"56":0,"57":0,"58":0,"59":0,"60":0,"61":0,"62":0,"63":3,"64":0,"65":0,"66":0,"67":0,"68":0,"69":0,"70":3,"71":0,"72":0,"73":0,"74":0,"75":0,"76":3,"77":0,"78":0,"79":0,"80":0,"81":0,"82":3,"83":0,"84":0,"85":0,"86":0,"87":0,"88":3,"89":0,"90":0,"91":0,"92":0,"93":0,"94":3,"95":0,"96":0,"97":0,"98":0,"99":0,"100":0,"101":3},"f":{"0":0,"1":0,"2":0,"3":0,"4":0,"5":0,"6":0,"7":0,"8":0,"9":0,"10":0,"11":0,"12":0,"13":0,"14":0},"b":{"0":[0,0],"1":[0,0],"2":[0,0],"3":[0,0],"4":[0,0],"5":[0,0]},"_coverageSchema":"1a1c01bbd47fc00a2c39e90264f33305004495a9","hash":"5461abfc8b2b83f53da670c82ea45c0d4625a94d"}
,"C:\\Users\\Alex\\proyecto-comun-2526-futbol\\backend-node\\app_api\\controllers\\geocoding.js": {"path":"C:\\Users\\Alex\\proyecto-comun-2526-futbol\\backend-node\\app_api\\controllers\\geocoding.js","statementMap":{"0":{"start":{"line":1,"column":14},"end":{"line":1,"column":30}},"1":{"start":{"line":2,"column":26},"end":{"line":2,"column":48}},"2":{"start":{"line":8,"column":23},"end":{"line":59,"column":1}},"3":{"start":{"line":9,"column":25},"end":{"line":9,"column":34}},"4":{"start":{"line":11,"column":4},"end":{"line":13,"column":5}},"5":{"start":{"line":12,"column":8},"end":{"line":12,"column":70}},"6":{"start":{"line":15,"column":4},"end":{"line":58,"column":5}},"7":{"start":{"line":16,"column":20},"end":{"line":16,"column":101}},"8":{"start":{"line":18,"column":25},"end":{"line":23,"column":10}},"9":{"start":{"line":25,"column":8},"end":{"line":52,"column":9}},"10":{"start":{"line":26,"column":25},"end":{"line":26,"column":52}},"11":{"start":{"line":29,"column":27},"end":{"line":29,"column":111}},"12":{"start":{"line":30,"column":32},"end":{"line":30,"column":55}},"13":{"start":{"line":31,"column":29},"end":{"line":31,"column":48}},"14":{"start":{"line":32,"column":26},"end":{"line":32,"column":59}},"15":{"start":{"line":35,"column":24},"end":{"line":35,"column":26}},"16":{"start":{"line":36,"column":12},"end":{"line":36,"column":43}},"17":{"start":{"line":36,"column":24},"end":{"line":36,"column":43}},"18":{"start":{"line":37,"column":12},"end":{"line":37,"column":53}},"19":{"start":{"line":37,"column":29},"end":{"line":37,"column":53}},"20":{"start":{"line":38,"column":12},"end":{"line":38,"column":47}},"21":{"start":{"line":38,"column":26},"end":{"line":38,"column":47}},"22":{"start":{"line":39,"column":12},"end":{"line":39,"column":41}},"23":{"start":{"line":39,"column":23},"end":{"line":39,"column":41}},"24":{"start":{"line":41,"column":30},"end":{"line":41,"column":46}},"25":{"start":{"line":44,"column":12},"end":{"line":46,"column":13}},"26":{"start":{"line":45,"column":16},"end":{"line":45,"column":91}},"27":{"start":{"line":48,"column":12},"end":{"line":51,"column":15}},"28":{"start":{"line":54,"column":8},"end":{"line":54,"column":94}},"29":{"start":{"line":56,"column":8},"end":{"line":56,"column":72}},"30":{"start":{"line":57,"column":8},"end":{"line":57,"column":94}},"31":{"start":{"line":61,"column":0},"end":{"line":63,"column":2}}},"fnMap":{"0":{"name":"(anonymous_0)","decl":{"start":{"line":8,"column":23},"end":{"line":8,"column":24}},"loc":{"start":{"line":8,"column":43},"end":{"line":59,"column":1}},"line":8}},"branchMap":{"0":{"loc":{"start":{"line":11,"column":4},"end":{"line":13,"column":5}},"type":"if","locations":[{"start":{"line":11,"column":4},"end":{"line":13,"column":5}},{"start":{},"end":{}}],"line":11},"1":{"loc":{"start":{"line":11,"column":8},"end":{"line":11,"column":20}},"type":"binary-expr","locations":[{"start":{"line":11,"column":8},"end":{"line":11,"column":12}},{"start":{"line":11,"column":16},"end":{"line":11,"column":20}}],"line":11},"2":{"loc":{"start":{"line":25,"column":8},"end":{"line":52,"column":9}},"type":"if","locations":[{"start":{"line":25,"column":8},"end":{"line":52,"column":9}},{"start":{},"end":{}}],"line":25},"3":{"loc":{"start":{"line":25,"column":12},"end":{"line":25,"column":55}},"type":"binary-expr","locations":[{"start":{"line":25,"column":12},"end":{"line":25,"column":25}},{"start":{"line":25,"column":29},"end":{"line":25,"column":55}}],"line":25},"4":{"loc":{"start":{"line":26,"column":25},"end":{"line":26,"column":52}},"type":"binary-expr","locations":[{"start":{"line":26,"column":25},"end":{"line":26,"column":46}},{"start":{"line":26,"column":50},"end":{"line":26,"column":52}}],"line":26},"5":{"loc":{"start":{"line":29,"column":27},"end":{"line":29,"column":111}},"type":"binary-expr","locations":[{"start":{"line":29,"column":27},"end":{"line":29,"column":36}},{"start":{"line":29,"column":40},"end":{"line":29,"column":55}},{"start":{"line":29,"column":59},"end":{"line":29,"column":68}},{"start":{"line":29,"column":72},"end":{"line":29,"column":83}},{"start":{"line":29,"column":87},"end":{"line":29,"column":105}},{"start":{"line":29,"column":109},"end":{"line":29,"column":111}}],"line":29},"6":{"loc":{"start":{"line":30,"column":32},"end":{"line":30,"column":55}},"type":"binary-expr","locations":[{"start":{"line":30,"column":32},"end":{"line":30,"column":49}},{"start":{"line":30,"column":53},"end":{"line":30,"column":55}}],"line":30},"7":{"loc":{"start":{"line":31,"column":29},"end":{"line":31,"column":48}},"type":"binary-expr","locations":[{"start":{"line":31,"column":29},"end":{"line":31,"column":42}},{"start":{"line":31,"column":46},"end":{"line":31,"column":48}}],"line":31},"8":{"loc":{"start":{"line":32,"column":26},"end":{"line":32,"column":59}},"type":"binary-expr","locations":[{"start":{"line":32,"column":26},"end":{"line":32,"column":36}},{"start":{"line":32,"column":40},"end":{"line":32,"column":53}},{"start":{"line":32,"column":57},"end":{"line":32,"column":59}}],"line":32},"9":{"loc":{"start":{"line":36,"column":12},"end":{"line":36,"column":43}},"type":"if","locations":[{"start":{"line":36,"column":12},"end":{"line":36,"column":43}},{"start":{},"end":{}}],"line":36},"10":{"loc":{"start":{"line":37,"column":12},"end":{"line":37,"column":53}},"type":"if","locations":[{"start":{"line":37,"column":12},"end":{"line":37,"column":53}},{"start":{},"end":{}}],"line":37},"11":{"loc":{"start":{"line":38,"column":12},"end":{"line":38,"column":47}},"type":"if","locations":[{"start":{"line":38,"column":12},"end":{"line":38,"column":47}},{"start":{},"end":{}}],"line":38},"12":{"loc":{"start":{"line":39,"column":12},"end":{"line":39,"column":41}},"type":"if","locations":[{"start":{"line":39,"column":12},"end":{"line":39,"column":41}},{"start":{},"end":{}}],"line":39},"13":{"loc":{"start":{"line":44,"column":12},"end":{"line":46,"column":13}},"type":"if","locations":[{"start":{"line":44,"column":12},"end":{"line":46,"column":13}},{"start":{},"end":{}}],"line":44}},"s":{"0":3,"1":3,"2":3,"3":0,"4":0,"5":0,"6":0,"7":0,"8":0,"9":0,"10":0,"11":0,"12":0,"13":0,"14":0,"15":0,"16":0,"17":0,"18":0,"19":0,"20":0,"21":0,"22":0,"23":0,"24":0,"25":0,"26":0,"27":0,"28":0,"29":0,"30":0,"31":3},"f":{"0":0},"b":{"0":[0,0],"1":[0,0],"2":[0,0],"3":[0,0],"4":[0,0],"5":[0,0,0,0,0,0],"6":[0,0],"7":[0,0],"8":[0,0,0],"9":[0,0],"10":[0,0],"11":[0,0],"12":[0,0],"13":[0,0]},"_coverageSchema":"1a1c01bbd47fc00a2c39e90264f33305004495a9","hash":"1de738daa852a536166e27cfa0c7ac08bc5493ab"}
,"C:\\Users\\Alex\\proyecto-comun-2526-futbol\\backend-node\\app_api\\controllers\\news.js": {"path":"C:\\Users\\Alex\\proyecto-comun-2526-futbol\\backend-node\\app_api\\controllers\\news.js","statementMap":{"0":{"start":{"line":1,"column":20},"end":{"line":1,"column":55}},"1":{"start":{"line":2,"column":26},"end":{"line":2,"column":48}},"2":{"start":{"line":4,"column":16},"end":{"line":11,"column":1}},"3":{"start":{"line":5,"column":4},"end":{"line":10,"column":5}},"4":{"start":{"line":6,"column":21},"end":{"line":6,"column":51}},"5":{"start":{"line":7,"column":8},"end":{"line":7,"column":78}},"6":{"start":{"line":9,"column":8},"end":{"line":9,"column":75}},"7":{"start":{"line":13,"column":20},"end":{"line":20,"column":1}},"8":{"start":{"line":14,"column":4},"end":{"line":19,"column":5}},"9":{"start":{"line":15,"column":21},"end":{"line":15,"column":66}},"10":{"start":{"line":16,"column":8},"end":{"line":16,"column":78}},"11":{"start":{"line":18,"column":8},"end":{"line":18,"column":66}},"12":{"start":{"line":22,"column":19},"end":{"line":29,"column":1}},"13":{"start":{"line":23,"column":4},"end":{"line":28,"column":5}},"14":{"start":{"line":24,"column":21},"end":{"line":24,"column":60}},"15":{"start":{"line":25,"column":8},"end":{"line":25,"column":65}},"16":{"start":{"line":27,"column":8},"end":{"line":27,"column":85}},"17":{"start":{"line":31,"column":19},"end":{"line":38,"column":1}},"18":{"start":{"line":32,"column":4},"end":{"line":37,"column":5}},"19":{"start":{"line":33,"column":21},"end":{"line":33,"column":75}},"20":{"start":{"line":34,"column":8},"end":{"line":34,"column":78}},"21":{"start":{"line":36,"column":8},"end":{"line":36,"column":90}},"22":{"start":{"line":40,"column":19},"end":{"line":47,"column":1}},"23":{"start":{"line":41,"column":4},"end":{"line":46,"column":5}},"24":{"start":{"line":42,"column":8},"end":{"line":42,"column":53}},"25":{"start":{"line":43,"column":8},"end":{"line":43,"column":31}},"26":{"start":{"line":45,"column":8},"end":{"line":45,"column":88}},"27":{"start":{"line":49,"column":23},"end":{"line":56,"column":1}},"28":{"start":{"line":50,"column":4},"end":{"line":55,"column":5}},"29":{"start":{"line":51,"column":21},"end":{"line":51,"column":64}},"30":{"start":{"line":52,"column":8},"end":{"line":52,"column":74}},"31":{"start":{"line":54,"column":8},"end":{"line":54,"column":81}},"32":{"start":{"line":58,"column":0},"end":{"line":65,"column":2}}},"fnMap":{"0":{"name":"(anonymous_0)","decl":{"start":{"line":4,"column":16},"end":{"line":4,"column":17}},"loc":{"start":{"line":4,"column":36},"end":{"line":11,"column":1}},"line":4},"1":{"name":"(anonymous_1)","decl":{"start":{"line":13,"column":20},"end":{"line":13,"column":21}},"loc":{"start":{"line":13,"column":40},"end":{"line":20,"column":1}},"line":13},"2":{"name":"(anonymous_2)","decl":{"start":{"line":22,"column":19},"end":{"line":22,"column":20}},"loc":{"start":{"line":22,"column":39},"end":{"line":29,"column":1}},"line":22},"3":{"name":"(anonymous_3)","decl":{"start":{"line":31,"column":19},"end":{"line":31,"column":20}},"loc":{"start":{"line":31,"column":39},"end":{"line":38,"column":1}},"line":31},"4":{"name":"(anonymous_4)","decl":{"start":{"line":40,"column":19},"end":{"line":40,"column":20}},"loc":{"start":{"line":40,"column":39},"end":{"line":47,"column":1}},"line":40},"5":{"name":"(anonymous_5)","decl":{"start":{"line":49,"column":23},"end":{"line":49,"column":24}},"loc":{"start":{"line":49,"column":43},"end":{"line":56,"column":1}},"line":49}},"branchMap":{},"s":{"0":3,"1":3,"2":3,"3":0,"4":0,"5":0,"6":0,"7":3,"8":0,"9":0,"10":0,"11":0,"12":3,"13":0,"14":0,"15":0,"16":0,"17":3,"18":0,"19":0,"20":0,"21":0,"22":3,"23":0,"24":0,"25":0,"26":0,"27":3,"28":0,"29":0,"30":0,"31":0,"32":3},"f":{"0":0,"1":0,"2":0,"3":0,"4":0,"5":0},"b":{},"_coverageSchema":"1a1c01bbd47fc00a2c39e90264f33305004495a9","hash":"b9f30ddc66dc52755c5d1a8edd188866d74d9a86"}
,"C:\\Users\\Alex\\proyecto-comun-2526-futbol\\backend-node\\app_api\\controllers\\players.js": {"path":"C:\\Users\\Alex\\proyecto-comun-2526-futbol\\backend-node\\app_api\\controllers\\players.js","statementMap":{"0":{"start":{"line":1,"column":17},"end":{"line":1,"column":36}},"1":{"start":{"line":2,"column":15},"end":{"line":2,"column":39}},"2":{"start":{"line":3,"column":26},"end":{"line":3,"column":48}},"3":{"start":{"line":6,"column":26},"end":{"line":14,"column":1}},"4":{"start":{"line":7,"column":4},"end":{"line":13,"column":5}},"5":{"start":{"line":9,"column":24},"end":{"line":9,"column":118}},"6":{"start":{"line":10,"column":8},"end":{"line":10,"column":81}},"7":{"start":{"line":12,"column":8},"end":{"line":12,"column":74}},"8":{"start":{"line":17,"column":20},"end":{"line":47,"column":1}},"9":{"start":{"line":18,"column":4},"end":{"line":46,"column":5}},"10":{"start":{"line":20,"column":8},"end":{"line":20,"column":84}},"11":{"start":{"line":20,"column":21},"end":{"line":20,"column":84}},"12":{"start":{"line":22,"column":8},"end":{"line":25,"column":9}},"13":{"start":{"line":23,"column":12},"end":{"line":23,"column":81}},"14":{"start":{"line":23,"column":25},"end":{"line":23,"column":81}},"15":{"start":{"line":24,"column":12},"end":{"line":24,"column":87}},"16":{"start":{"line":27,"column":32},"end":{"line":27,"column":52}},"17":{"start":{"line":28,"column":31},"end":{"line":28,"column":40}},"18":{"start":{"line":31,"column":20},"end":{"line":31,"column":48}},"19":{"start":{"line":33,"column":8},"end":{"line":37,"column":9}},"20":{"start":{"line":34,"column":12},"end":{"line":34,"column":57}},"21":{"start":{"line":35,"column":15},"end":{"line":37,"column":9}},"22":{"start":{"line":36,"column":12},"end":{"line":36,"column":57}},"23":{"start":{"line":39,"column":24},"end":{"line":39,"column":55}},"24":{"start":{"line":41,"column":8},"end":{"line":41,"column":73}},"25":{"start":{"line":41,"column":21},"end":{"line":41,"column":73}},"26":{"start":{"line":42,"column":8},"end":{"line":42,"column":81}},"27":{"start":{"line":44,"column":8},"end":{"line":44,"column":75}},"28":{"start":{"line":44,"column":21},"end":{"line":44,"column":75}},"29":{"start":{"line":45,"column":8},"end":{"line":45,"column":77}},"30":{"start":{"line":50,"column":22},"end":{"line":63,"column":1}},"31":{"start":{"line":51,"column":4},"end":{"line":62,"column":5}},"32":{"start":{"line":52,"column":8},"end":{"line":52,"column":95}},"33":{"start":{"line":54,"column":27},"end":{"line":57,"column":9}},"34":{"start":{"line":58,"column":26},"end":{"line":58,"column":57}},"35":{"start":{"line":59,"column":8},"end":{"line":59,"column":83}},"36":{"start":{"line":61,"column":8},"end":{"line":61,"column":74}},"37":{"start":{"line":67,"column":23},"end":{"line":74,"column":1}},"38":{"start":{"line":68,"column":4},"end":{"line":73,"column":5}},"39":{"start":{"line":69,"column":24},"end":{"line":69,"column":52}},"40":{"start":{"line":70,"column":8},"end":{"line":70,"column":81}},"41":{"start":{"line":72,"column":8},"end":{"line":72,"column":90}},"42":{"start":{"line":77,"column":23},"end":{"line":87,"column":1}},"43":{"start":{"line":78,"column":4},"end":{"line":86,"column":5}},"44":{"start":{"line":79,"column":23},"end":{"line":79,"column":72}},"45":{"start":{"line":80,"column":8},"end":{"line":82,"column":9}},"46":{"start":{"line":81,"column":12},"end":{"line":81,"column":68}},"47":{"start":{"line":83,"column":8},"end":{"line":83,"column":80}},"48":{"start":{"line":85,"column":8},"end":{"line":85,"column":78}},"49":{"start":{"line":90,"column":25},"end":{"line":116,"column":1}},"50":{"start":{"line":91,"column":4},"end":{"line":115,"column":5}},"51":{"start":{"line":92,"column":23},"end":{"line":92,"column":72}},"52":{"start":{"line":94,"column":8},"end":{"line":96,"column":9}},"53":{"start":{"line":95,"column":12},"end":{"line":95,"column":88}},"54":{"start":{"line":99,"column":24},"end":{"line":99,"column":109}},"55":{"start":{"line":100,"column":24},"end":{"line":100,"column":49}},"56":{"start":{"line":102,"column":8},"end":{"line":104,"column":9}},"57":{"start":{"line":103,"column":12},"end":{"line":103,"column":106}},"58":{"start":{"line":106,"column":8},"end":{"line":106,"column":103}},"59":{"start":{"line":109,"column":8},"end":{"line":109,"column":40}},"60":{"start":{"line":110,"column":30},"end":{"line":110,"column":49}},"61":{"start":{"line":112,"column":8},"end":{"line":112,"column":87}},"62":{"start":{"line":114,"column":8},"end":{"line":114,"column":82}},"63":{"start":{"line":118,"column":25},"end":{"line":139,"column":1}},"64":{"start":{"line":119,"column":4},"end":{"line":138,"column":5}},"65":{"start":{"line":120,"column":23},"end":{"line":120,"column":72}},"66":{"start":{"line":122,"column":8},"end":{"line":124,"column":9}},"67":{"start":{"line":123,"column":12},"end":{"line":123,"column":84}},"68":{"start":{"line":127,"column":24},"end":{"line":127,"column":109}},"69":{"start":{"line":128,"column":24},"end":{"line":128,"column":49}},"70":{"start":{"line":130,"column":8},"end":{"line":132,"column":9}},"71":{"start":{"line":131,"column":12},"end":{"line":131,"column":109}},"72":{"start":{"line":134,"column":8},"end":{"line":134,"column":33}},"73":{"start":{"line":135,"column":8},"end":{"line":135,"column":55}},"74":{"start":{"line":137,"column":8},"end":{"line":137,"column":78}},"75":{"start":{"line":141,"column":0},"end":{"line":149,"column":2}}},"fnMap":{"0":{"name":"(anonymous_0)","decl":{"start":{"line":6,"column":26},"end":{"line":6,"column":27}},"loc":{"start":{"line":6,"column":46},"end":{"line":14,"column":1}},"line":6},"1":{"name":"(anonymous_1)","decl":{"start":{"line":17,"column":20},"end":{"line":17,"column":21}},"loc":{"start":{"line":17,"column":40},"end":{"line":47,"column":1}},"line":17},"2":{"name":"(anonymous_2)","decl":{"start":{"line":50,"column":22},"end":{"line":50,"column":23}},"loc":{"start":{"line":50,"column":42},"end":{"line":63,"column":1}},"line":50},"3":{"name":"(anonymous_3)","decl":{"start":{"line":67,"column":23},"end":{"line":67,"column":24}},"loc":{"start":{"line":67,"column":43},"end":{"line":74,"column":1}},"line":67},"4":{"name":"(anonymous_4)","decl":{"start":{"line":77,"column":23},"end":{"line":77,"column":24}},"loc":{"start":{"line":77,"column":43},"end":{"line":87,"column":1}},"line":77},"5":{"name":"(anonymous_5)","decl":{"start":{"line":90,"column":25},"end":{"line":90,"column":26}},"loc":{"start":{"line":90,"column":45},"end":{"line":116,"column":1}},"line":90},"6":{"name":"(anonymous_6)","decl":{"start":{"line":118,"column":25},"end":{"line":118,"column":26}},"loc":{"start":{"line":118,"column":45},"end":{"line":139,"column":1}},"line":118}},"branchMap":{"0":{"loc":{"start":{"line":20,"column":8},"end":{"line":20,"column":84}},"type":"if","locations":[{"start":{"line":20,"column":8},"end":{"line":20,"column":84}},{"start":{},"end":{}}],"line":20},"1":{"loc":{"start":{"line":22,"column":8},"end":{"line":25,"column":9}},"type":"if","locations":[{"start":{"line":22,"column":8},"end":{"line":25,"column":9}},{"start":{},"end":{}}],"line":22},"2":{"loc":{"start":{"line":22,"column":12},"end":{"line":22,"column":46}},"type":"binary-expr","locations":[{"start":{"line":22,"column":12},"end":{"line":22,"column":21}},{"start":{"line":22,"column":25},"end":{"line":22,"column":46}}],"line":22},"3":{"loc":{"start":{"line":23,"column":12},"end":{"line":23,"column":81}},"type":"if","locations":[{"start":{"line":23,"column":12},"end":{"line":23,"column":81}},{"start":{},"end":{}}],"line":23},"4":{"loc":{"start":{"line":33,"column":8},"end":{"line":37,"column":9}},"type":"if","locations":[{"start":{"line":33,"column":8},"end":{"line":37,"column":9}},{"start":{"line":35,"column":15},"end":{"line":37,"column":9}}],"line":33},"5":{"loc":{"start":{"line":35,"column":15},"end":{"line":37,"column":9}},"type":"if","locations":[{"start":{"line":35,"column":15},"end":{"line":37,"column":9}},{"start":{},"end":{}}],"line":35},"6":{"loc":{"start":{"line":41,"column":8},"end":{"line":41,"column":73}},"type":"if","locations":[{"start":{"line":41,"column":8},"end":{"line":41,"column":73}},{"start":{},"end":{}}],"line":41},"7":{"loc":{"start":{"line":44,"column":8},"end":{"line":44,"column":75}},"type":"if","locations":[{"start":{"line":44,"column":8},"end":{"line":44,"column":75}},{"start":{},"end":{}}],"line":44},"8":{"loc":{"start":{"line":80,"column":8},"end":{"line":82,"column":9}},"type":"if","locations":[{"start":{"line":80,"column":8},"end":{"line":82,"column":9}},{"start":{},"end":{}}],"line":80},"9":{"loc":{"start":{"line":94,"column":8},"end":{"line":96,"column":9}},"type":"if","locations":[{"start":{"line":94,"column":8},"end":{"line":96,"column":9}},{"start":{},"end":{}}],"line":94},"10":{"loc":{"start":{"line":99,"column":24},"end":{"line":99,"column":109}},"type":"binary-expr","locations":[{"start":{"line":99,"column":24},"end":{"line":99,"column":63}},{"start":{"line":99,"column":67},"end":{"line":99,"column":109}}],"line":99},"11":{"loc":{"start":{"line":102,"column":8},"end":{"line":104,"column":9}},"type":"if","locations":[{"start":{"line":102,"column":8},"end":{"line":104,"column":9}},{"start":{},"end":{}}],"line":102},"12":{"loc":{"start":{"line":102,"column":12},"end":{"line":102,"column":32}},"type":"binary-expr","locations":[{"start":{"line":102,"column":12},"end":{"line":102,"column":20}},{"start":{"line":102,"column":24},"end":{"line":102,"column":32}}],"line":102},"13":{"loc":{"start":{"line":122,"column":8},"end":{"line":124,"column":9}},"type":"if","locations":[{"start":{"line":122,"column":8},"end":{"line":124,"column":9}},{"start":{},"end":{}}],"line":122},"14":{"loc":{"start":{"line":127,"column":24},"end":{"line":127,"column":109}},"type":"binary-expr","locations":[{"start":{"line":127,"column":24},"end":{"line":127,"column":63}},{"start":{"line":127,"column":67},"end":{"line":127,"column":109}}],"line":127},"15":{"loc":{"start":{"line":130,"column":8},"end":{"line":132,"column":9}},"type":"if","locations":[{"start":{"line":130,"column":8},"end":{"line":132,"column":9}},{"start":{},"end":{}}],"line":130},"16":{"loc":{"start":{"line":130,"column":12},"end":{"line":130,"column":32}},"type":"binary-expr","locations":[{"start":{"line":130,"column":12},"end":{"line":130,"column":20}},{"start":{"line":130,"column":24},"end":{"line":130,"column":32}}],"line":130}},"s":{"0":3,"1":3,"2":3,"3":3,"4":0,"5":0,"6":0,"7":0,"8":3,"9":2,"10":2,"11":2,"12":2,"13":0,"14":0,"15":0,"16":2,"17":2,"18":2,"19":2,"20":0,"21":2,"22":0,"23":2,"24":2,"25":2,"26":2,"27":0,"28":0,"29":0,"30":3,"31":2,"32":2,"33":2,"34":2,"35":1,"36":1,"37":3,"38":1,"39":1,"40":1,"41":0,"42":3,"43":2,"44":2,"45":2,"46":1,"47":1,"48":0,"49":3,"50":1,"51":1,"52":1,"53":0,"54":1,"55":1,"56":1,"57":0,"58":1,"59":1,"60":1,"61":1,"62":0,"63":3,"64":1,"65":1,"66":1,"67":0,"68":1,"69":1,"70":1,"71":0,"72":1,"73":1,"74":0,"75":3},"f":{"0":0,"1":2,"2":2,"3":1,"4":2,"5":1,"6":1},"b":{"0":[2,0],"1":[0,2],"2":[2,2],"3":[0,0],"4":[0,2],"5":[0,2],"6":[2,0],"7":[0,0],"8":[1,1],"9":[0,1],"10":[1,1],"11":[0,1],"12":[1,0],"13":[0,1],"14":[1,1],"15":[0,1],"16":[1,0]},"_coverageSchema":"1a1c01bbd47fc00a2c39e90264f33305004495a9","hash":"8cd6769d02ba80c6add0dd118bc814586e722a8a"}
,"C:\\Users\\Alex\\proyecto-comun-2526-futbol\\backend-node\\app_api\\controllers\\public-comments.js": {"path":"C:\\Users\\Alex\\proyecto-comun-2526-futbol\\backend-node\\app_api\\controllers\\public-comments.js","statementMap":{"0":{"start":{"line":1,"column":17},"end":{"line":1,"column":36}},"1":{"start":{"line":2,"column":15},"end":{"line":2,"column":39}},"2":{"start":{"line":3,"column":26},"end":{"line":3,"column":48}},"3":{"start":{"line":6,"column":29},"end":{"line":33,"column":1}},"4":{"start":{"line":7,"column":4},"end":{"line":32,"column":5}},"5":{"start":{"line":8,"column":23},"end":{"line":8,"column":72}},"6":{"start":{"line":9,"column":8},"end":{"line":11,"column":9}},"7":{"start":{"line":10,"column":12},"end":{"line":10,"column":68}},"8":{"start":{"line":14,"column":27},"end":{"line":21,"column":9}},"9":{"start":{"line":23,"column":8},"end":{"line":23,"column":41}},"10":{"start":{"line":24,"column":28},"end":{"line":24,"column":47}},"11":{"start":{"line":25,"column":28},"end":{"line":25,"column":81}},"12":{"start":{"line":27,"column":8},"end":{"line":27,"column":76}},"13":{"start":{"line":30,"column":8},"end":{"line":30,"column":78}},"14":{"start":{"line":31,"column":8},"end":{"line":31,"column":85}},"15":{"start":{"line":35,"column":0},"end":{"line":37,"column":2}}},"fnMap":{"0":{"name":"(anonymous_0)","decl":{"start":{"line":6,"column":29},"end":{"line":6,"column":30}},"loc":{"start":{"line":6,"column":49},"end":{"line":33,"column":1}},"line":6}},"branchMap":{"0":{"loc":{"start":{"line":9,"column":8},"end":{"line":11,"column":9}},"type":"if","locations":[{"start":{"line":9,"column":8},"end":{"line":11,"column":9}},{"start":{},"end":{}}],"line":9},"1":{"loc":{"start":{"line":16,"column":20},"end":{"line":16,"column":40}},"type":"binary-expr","locations":[{"start":{"line":16,"column":20},"end":{"line":16,"column":35}},{"start":{"line":16,"column":39},"end":{"line":16,"column":40}}],"line":16},"2":{"loc":{"start":{"line":17,"column":24},"end":{"line":17,"column":57}},"type":"binary-expr","locations":[{"start":{"line":17,"column":24},"end":{"line":17,"column":43}},{"start":{"line":17,"column":47},"end":{"line":17,"column":57}}],"line":17},"3":{"loc":{"start":{"line":18,"column":21},"end":{"line":18,"column":45}},"type":"binary-expr","locations":[{"start":{"line":18,"column":21},"end":{"line":18,"column":37}},{"start":{"line":18,"column":41},"end":{"line":18,"column":45}}],"line":18}},"s":{"0":3,"1":3,"2":3,"3":3,"4":0,"5":0,"6":0,"7":0,"8":0,"9":0,"10":0,"11":0,"12":0,"13":0,"14":0,"15":3},"f":{"0":0},"b":{"0":[0,0],"1":[0,0],"2":[0,0],"3":[0,0]},"_coverageSchema":"1a1c01bbd47fc00a2c39e90264f33305004495a9","hash":"04c0215ba2fbb501e52063fede1dfc28d725da7b"}
,"C:\\Users\\Alex\\proyecto-comun-2526-futbol\\backend-node\\app_api\\middleware\\auth.middleware.js": {"path":"C:\\Users\\Alex\\proyecto-comun-2526-futbol\\backend-node\\app_api\\middleware\\auth.middleware.js","statementMap":{"0":{"start":{"line":1,"column":12},"end":{"line":1,"column":35}},"1":{"start":{"line":2,"column":17},"end":{"line":2,"column":36}},"2":{"start":{"line":3,"column":11},"end":{"line":3,"column":24}},"3":{"start":{"line":4,"column":13},"end":{"line":4,"column":28}},"4":{"start":{"line":5,"column":26},"end":{"line":5,"column":61}},"5":{"start":{"line":8,"column":22},"end":{"line":8,"column":66}},"6":{"start":{"line":9,"column":18},"end":{"line":9,"column":63}},"7":{"start":{"line":11,"column":0},"end":{"line":16,"column":1}},"8":{"start":{"line":12,"column":4},"end":{"line":12,"column":57}},"9":{"start":{"line":13,"column":4},"end":{"line":13,"column":67}},"10":{"start":{"line":15,"column":4},"end":{"line":15,"column":80}},"11":{"start":{"line":21,"column":25},"end":{"line":74,"column":1}},"12":{"start":{"line":22,"column":4},"end":{"line":36,"column":5}},"13":{"start":{"line":23,"column":21},"end":{"line":23,"column":43}},"14":{"start":{"line":24,"column":23},"end":{"line":24,"column":74}},"15":{"start":{"line":25,"column":8},"end":{"line":33,"column":9}},"16":{"start":{"line":26,"column":12},"end":{"line":32,"column":15}},"17":{"start":{"line":34,"column":8},"end":{"line":34,"column":28}},"18":{"start":{"line":35,"column":8},"end":{"line":35,"column":22}},"19":{"start":{"line":38,"column":17},"end":{"line":38,"column":71}},"20":{"start":{"line":40,"column":4},"end":{"line":42,"column":5}},"21":{"start":{"line":41,"column":8},"end":{"line":41,"column":63}},"22":{"start":{"line":44,"column":18},"end":{"line":44,"column":38}},"23":{"start":{"line":46,"column":17},"end":{"line":46,"column":39}},"24":{"start":{"line":48,"column":4},"end":{"line":73,"column":7}},"25":{"start":{"line":49,"column":8},"end":{"line":52,"column":9}},"26":{"start":{"line":50,"column":12},"end":{"line":50,"column":60}},"27":{"start":{"line":51,"column":12},"end":{"line":51,"column":87}},"28":{"start":{"line":54,"column":8},"end":{"line":72,"column":9}},"29":{"start":{"line":55,"column":23},"end":{"line":59,"column":34}},"30":{"start":{"line":61,"column":12},"end":{"line":63,"column":13}},"31":{"start":{"line":62,"column":16},"end":{"line":62,"column":86}},"32":{"start":{"line":66,"column":12},"end":{"line":66,"column":28}},"33":{"start":{"line":67,"column":12},"end":{"line":67,"column":38}},"34":{"start":{"line":69,"column":12},"end":{"line":69,"column":26}},"35":{"start":{"line":71,"column":12},"end":{"line":71,"column":86}},"36":{"start":{"line":79,"column":16},"end":{"line":84,"column":1}},"37":{"start":{"line":80,"column":4},"end":{"line":82,"column":5}},"38":{"start":{"line":81,"column":8},"end":{"line":81,"column":22}},"39":{"start":{"line":83,"column":4},"end":{"line":83,"column":88}},"40":{"start":{"line":89,"column":17},"end":{"line":94,"column":1}},"41":{"start":{"line":90,"column":4},"end":{"line":92,"column":5}},"42":{"start":{"line":91,"column":8},"end":{"line":91,"column":22}},"43":{"start":{"line":93,"column":4},"end":{"line":93,"column":112}},"44":{"start":{"line":96,"column":0},"end":{"line":96,"column":57}}},"fnMap":{"0":{"name":"(anonymous_0)","decl":{"start":{"line":21,"column":25},"end":{"line":21,"column":26}},"loc":{"start":{"line":21,"column":51},"end":{"line":74,"column":1}},"line":21},"1":{"name":"(anonymous_1)","decl":{"start":{"line":48,"column":35},"end":{"line":48,"column":36}},"loc":{"start":{"line":48,"column":59},"end":{"line":73,"column":5}},"line":48},"2":{"name":"(anonymous_2)","decl":{"start":{"line":79,"column":16},"end":{"line":79,"column":17}},"loc":{"start":{"line":79,"column":36},"end":{"line":84,"column":1}},"line":79},"3":{"name":"(anonymous_3)","decl":{"start":{"line":89,"column":17},"end":{"line":89,"column":18}},"loc":{"start":{"line":89,"column":37},"end":{"line":94,"column":1}},"line":89}},"branchMap":{"0":{"loc":{"start":{"line":9,"column":18},"end":{"line":9,"column":63}},"type":"binary-expr","locations":[{"start":{"line":9,"column":18},"end":{"line":9,"column":40}},{"start":{"line":9,"column":44},"end":{"line":9,"column":63}}],"line":9},"1":{"loc":{"start":{"line":11,"column":0},"end":{"line":16,"column":1}},"type":"if","locations":[{"start":{"line":11,"column":0},"end":{"line":16,"column":1}},{"start":{"line":14,"column":7},"end":{"line":16,"column":1}}],"line":11},"2":{"loc":{"start":{"line":22,"column":4},"end":{"line":36,"column":5}},"type":"if","locations":[{"start":{"line":22,"column":4},"end":{"line":36,"column":5}},{"start":{},"end":{}}],"line":22},"3":{"loc":{"start":{"line":25,"column":8},"end":{"line":33,"column":9}},"type":"if","locations":[{"start":{"line":25,"column":8},"end":{"line":33,"column":9}},{"start":{},"end":{}}],"line":25},"4":{"loc":{"start":{"line":38,"column":17},"end":{"line":38,"column":71}},"type":"binary-expr","locations":[{"start":{"line":38,"column":17},"end":{"line":38,"column":42}},{"start":{"line":38,"column":46},"end":{"line":38,"column":71}}],"line":38},"5":{"loc":{"start":{"line":40,"column":4},"end":{"line":42,"column":5}},"type":"if","locations":[{"start":{"line":40,"column":4},"end":{"line":42,"column":5}},{"start":{},"end":{}}],"line":40},"6":{"loc":{"start":{"line":40,"column":8},"end":{"line":40,"column":48}},"type":"binary-expr","locations":[{"start":{"line":40,"column":8},"end":{"line":40,"column":15}},{"start":{"line":40,"column":19},"end":{"line":40,"column":48}}],"line":40},"7":{"loc":{"start":{"line":49,"column":8},"end":{"line":52,"column":9}},"type":"if","locations":[{"start":{"line":49,"column":8},"end":{"line":52,"column":9}},{"start":{},"end":{}}],"line":49},"8":{"loc":{"start":{"line":56,"column":29},"end":{"line":56,"column":54}},"type":"binary-expr","locations":[{"start":{"line":56,"column":29},"end":{"line":56,"column":39}},{"start":{"line":56,"column":43},"end":{"line":56,"column":54}}],"line":56},"9":{"loc":{"start":{"line":61,"column":12},"end":{"line":63,"column":13}},"type":"if","locations":[{"start":{"line":61,"column":12},"end":{"line":63,"column":13}},{"start":{},"end":{}}],"line":61},"10":{"loc":{"start":{"line":80,"column":4},"end":{"line":82,"column":5}},"type":"if","locations":[{"start":{"line":80,"column":4},"end":{"line":82,"column":5}},{"start":{},"end":{}}],"line":80},"11":{"loc":{"start":{"line":80,"column":8},"end":{"line":80,"column":45}},"type":"binary-expr","locations":[{"start":{"line":80,"column":8},"end":{"line":80,"column":16}},{"start":{"line":80,"column":20},"end":{"line":80,"column":45}}],"line":80},"12":{"loc":{"start":{"line":90,"column":4},"end":{"line":92,"column":5}},"type":"if","locations":[{"start":{"line":90,"column":4},"end":{"line":92,"column":5}},{"start":{},"end":{}}],"line":90},"13":{"loc":{"start":{"line":90,"column":8},"end":{"line":90,"column":58}},"type":"binary-expr","locations":[{"start":{"line":90,"column":8},"end":{"line":90,"column":23}},{"start":{"line":90,"column":27},"end":{"line":90,"column":58}}],"line":90}},"s":{"0":3,"1":3,"2":3,"3":3,"4":3,"5":3,"6":3,"7":3,"8":3,"9":3,"10":0,"11":3,"12":13,"13":13,"14":13,"15":13,"16":11,"17":13,"18":13,"19":0,"20":0,"21":0,"22":0,"23":0,"24":0,"25":0,"26":0,"27":0,"28":0,"29":0,"30":0,"31":0,"32":0,"33":0,"34":0,"35":0,"36":3,"37":0,"38":0,"39":0,"40":3,"41":0,"42":0,"43":0,"44":3},"f":{"0":13,"1":0,"2":0,"3":0},"b":{"0":[3,3],"1":[3,0],"2":[13,0],"3":[11,2],"4":[0,0],"5":[0,0],"6":[0,0],"7":[0,0],"8":[0,0],"9":[0,0],"10":[0,0],"11":[0,0],"12":[0,0],"13":[0,0]},"_coverageSchema":"1a1c01bbd47fc00a2c39e90264f33305004495a9","hash":"e5705fd38960ae0302e173b59e09b5d943f2962c"}
,"C:\\Users\\Alex\\proyecto-comun-2526-futbol\\backend-node\\app_api\\middleware\\tracing.js": {"path":"C:\\Users\\Alex\\proyecto-comun-2526-futbol\\backend-node\\app_api\\middleware\\tracing.js","statementMap":{"0":{"start":{"line":1,"column":23},"end":{"line":1,"column":38}},"1":{"start":{"line":4,"column":23},"end":{"line":4,"column":34}},"2":{"start":{"line":10,"column":26},"end":{"line":29,"column":1}},"3":{"start":{"line":11,"column":26},"end":{"line":11,"column":69}},"4":{"start":{"line":14,"column":4},"end":{"line":14,"column":38}},"5":{"start":{"line":17,"column":4},"end":{"line":17,"column":90}},"6":{"start":{"line":20,"column":4},"end":{"line":20,"column":53}},"7":{"start":{"line":24,"column":4},"end":{"line":26,"column":6}},"8":{"start":{"line":25,"column":8},"end":{"line":25,"column":61}},"9":{"start":{"line":28,"column":4},"end":{"line":28,"column":11}},"10":{"start":{"line":31,"column":0},"end":{"line":31,"column":35}}},"fnMap":{"0":{"name":"(anonymous_0)","decl":{"start":{"line":10,"column":26},"end":{"line":10,"column":27}},"loc":{"start":{"line":10,"column":46},"end":{"line":29,"column":1}},"line":10},"1":{"name":"(anonymous_1)","decl":{"start":{"line":24,"column":14},"end":{"line":24,"column":15}},"loc":{"start":{"line":24,"column":27},"end":{"line":26,"column":5}},"line":24}},"branchMap":{"0":{"loc":{"start":{"line":11,"column":26},"end":{"line":11,"column":69}},"type":"binary-expr","locations":[{"start":{"line":11,"column":26},"end":{"line":11,"column":57}},{"start":{"line":11,"column":61},"end":{"line":11,"column":69}}],"line":11}},"s":{"0":3,"1":3,"2":3,"3":14,"4":14,"5":14,"6":14,"7":14,"8":4,"9":14,"10":3},"f":{"0":14,"1":4},"b":{"0":[14,14]},"_coverageSchema":"1a1c01bbd47fc00a2c39e90264f33305004495a9","hash":"b993a4905dbce22d72592f0576ac7eb380779607"}
[...]
},"end":{"line":246,"column":26}},"loc":{"start":{"line":246,"column":45},"end":{"line":267,"column":1}},"line":246},"20":{"name":"(anonymous_20)","decl":{"start":{"line":252,"column":25},"end":{"line":252,"column":26}},"loc":{"start":{"line":252,"column":31},"end":{"line":262,"column":9}},"line":252},"21":{"name":"(anonymous_21)","decl":{"start":{"line":269,"column":25},"end":{"line":269,"column":26}},"loc":{"start":{"line":269,"column":43},"end":{"line":299,"column":1}},"line":269},"22":{"name":"(anonymous_22)","decl":{"start":{"line":284,"column":27},"end":{"line":284,"column":28}},"loc":{"start":{"line":284,"column":33},"end":{"line":294,"column":9}},"line":284},"23":{"name":"(anonymous_23)","decl":{"start":{"line":301,"column":22},"end":{"line":301,"column":23}},"loc":{"start":{"line":301,"column":38},"end":{"line":324,"column":1}},"line":301},"24":{"name":"(anonymous_24)","decl":{"start":{"line":311,"column":47},"end":{"line":311,"column":48}},"loc":{"start":{"line":311,"column":52},"end":{"line":311,"column":103}},"line":311},"25":{"name":"(anonymous_25)","decl":{"start":{"line":313,"column":35},"end":{"line":313,"column":36}},"loc":{"start":{"line":313,"column":41},"end":{"line":319,"column":9}},"line":313},"26":{"name":"(anonymous_26)","decl":{"start":{"line":326,"column":25},"end":{"line":326,"column":26}},"loc":{"start":{"line":326,"column":45},"end":{"line":346,"column":1}},"line":326},"27":{"name":"(anonymous_27)","decl":{"start":{"line":331,"column":32},"end":{"line":331,"column":33}},"loc":{"start":{"line":331,"column":38},"end":{"line":335,"column":9}},"line":331},"28":{"name":"(anonymous_28)","decl":{"start":{"line":337,"column":27},"end":{"line":337,"column":28}},"loc":{"start":{"line":337,"column":37},"end":{"line":341,"column":9}},"line":337},"29":{"name":"(anonymous_29)","decl":{"start":{"line":348,"column":28},"end":{"line":348,"column":29}},"loc":{"start":{"line":348,"column":48},"end":{"line":364,"column":1}},"line":348},"30":{"name":"(anonymous_30)","decl":{"start":{"line":353,"column":32},"end":{"line":353,"column":33}},"loc":{"start":{"line":353,"column":38},"end":{"line":357,"column":9}},"line":353},"31":{"name":"(anonymous_31)","decl":{"start":{"line":359,"column":27},"end":{"line":359,"column":28}},"loc":{"start":{"line":359,"column":37},"end":{"line":359,"column":96}},"line":359},"32":{"name":"(anonymous_32)","decl":{"start":{"line":366,"column":30},"end":{"line":366,"column":31}},"loc":{"start":{"line":366,"column":50},"end":{"line":383,"column":1}},"line":366},"33":{"name":"(anonymous_33)","decl":{"start":{"line":371,"column":32},"end":{"line":371,"column":33}},"loc":{"start":{"line":371,"column":38},"end":{"line":376,"column":9}},"line":371},"34":{"name":"(anonymous_34)","decl":{"start":{"line":378,"column":27},"end":{"line":378,"column":28}},"loc":{"start":{"line":378,"column":37},"end":{"line":378,"column":54}},"line":378},"35":{"name":"(anonymous_35)","decl":{"start":{"line":385,"column":23},"end":{"line":385,"column":24}},"loc":{"start":{"line":385,"column":42},"end":{"line":400,"column":1}},"line":385},"36":{"name":"(anonymous_36)","decl":{"start":{"line":393,"column":41},"end":{"line":393,"column":42}},"loc":{"start":{"line":393,"column":49},"end":{"line":393,"column":106}},"line":393},"37":{"name":"(anonymous_37)","decl":{"start":{"line":402,"column":22},"end":{"line":402,"column":23}},"loc":{"start":{"line":402,"column":50},"end":{"line":414,"column":1}},"line":402}},"branchMap":{"0":{"loc":{"start":{"line":7,"column":12},"end":{"line":7,"column":82}},"type":"binary-expr","locations":[{"start":{"line":7,"column":12},"end":{"line":7,"column":37}},{"start":{"line":7,"column":41},"end":{"line":7,"column":82}}],"line":7},"1":{"loc":{"start":{"line":11,"column":16},"end":{"line":11,"column":79}},"type":"binary-expr","locations":[{"start":{"line":11,"column":16},"end":{"line":11,"column":40}},{"start":{"line":11,"column":44},"end":{"line":11,"column":72}},{"start":{"line":11,"column":76},"end":{"line":11,"column":79}}],"line":11},"2":{"loc":{"start":{"line":68,"column":8},"end":{"line":68,"column":32}},"type":"if","locations":[{"start":{"line":68,"column":8},"end":{"line":68,"column":32}},{"start":{},"end":{}}],"line":68},"3":{"loc":{"start":{"line":69,"column":8},"end":{"line":69,"column":57}},"type":"if","locations":[{"start":{"line":69,"column":8},"end":{"line":69,"column":57}},{"start":{},"end":{}}],"line":69},"4":{"loc":{"start":{"line":72,"column":52},"end":{"line":72,"column":103}},"type":"binary-expr","locations":[{"start":{"line":72,"column":52},"end":{"line":72,"column":62}},{"start":{"line":72,"column":66},"end":{"line":72,"column":103}}],"line":72},"5":{"loc":{"start":{"line":102,"column":8},"end":{"line":102,"column":34}},"type":"if","locations":[{"start":{"line":102,"column":8},"end":{"line":102,"column":34}},{"start":{},"end":{}}],"line":102},"6":{"loc":{"start":{"line":103,"column":18},"end":{"line":103,"column":63}},"type":"cond-expr","locations":[{"start":{"line":103,"column":43},"end":{"line":103,"column":53}},{"start":{"line":103,"column":56},"end":{"line":103,"column":63}}],"line":103},"7":{"loc":{"start":{"line":125,"column":30},"end":{"line":125,"column":70}},"type":"binary-expr","locations":[{"start":{"line":125,"column":30},"end":{"line":125,"column":48}},{"start":{"line":125,"column":52},"end":{"line":125,"column":70}}],"line":125},"8":{"loc":{"start":{"line":145,"column":8},"end":{"line":145,"column":32}},"type":"if","locations":[{"start":{"line":145,"column":8},"end":{"line":145,"column":32}},{"start":{},"end":{}}],"line":145},"9":{"loc":{"start":{"line":146,"column":18},"end":{"line":146,"column":57}},"type":"cond-expr","locations":[{"start":{"line":146,"column":41},"end":{"line":146,"column":49}},{"start":{"line":146,"column":52},"end":{"line":146,"column":57}}],"line":146},"10":{"loc":{"start":{"line":151,"column":26},"end":{"line":151,"column":54}},"type":"binary-expr","locations":[{"start":{"line":151,"column":26},"end":{"line":151,"column":36}},{"start":{"line":151,"column":40},"end":{"line":151,"column":54}}],"line":151},"11":{"loc":{"start":{"line":174,"column":8},"end":{"line":174,"column":34}},"type":"if","locations":[{"start":{"line":174,"column":8},"end":{"line":174,"column":34}},{"start":{},"end":{}}],"line":174},"12":{"loc":{"start":{"line":175,"column":18},"end":{"line":175,"column":63}},"type":"cond-expr","locations":[{"start":{"line":175,"column":43},"end":{"line":175,"column":53}},{"start":{"line":175,"column":56},"end":{"line":175,"column":63}}],"line":175},"13":{"loc":{"start":{"line":193,"column":8},"end":{"line":193,"column":30}},"type":"if","locations":[{"start":{"line":193,"column":8},"end":{"line":193,"column":30}},{"start":{},"end":{}}],"line":193},"14":{"loc":{"start":{"line":194,"column":8},"end":{"line":194,"column":51}},"type":"if","locations":[{"start":{"line":194,"column":8},"end":{"line":194,"column":51}},{"start":{},"end":{}}],"line":194},"15":{"loc":{"start":{"line":197,"column":48},"end":{"line":197,"column":99}},"type":"binary-expr","locations":[{"start":{"line":197,"column":48},"end":{"line":197,"column":58}},{"start":{"line":197,"column":62},"end":{"line":197,"column":99}}],"line":197},"16":{"loc":{"start":{"line":202,"column":26},"end":{"line":202,"column":54}},"type":"binary-expr","locations":[{"start":{"line":202,"column":26},"end":{"line":202,"column":36}},{"start":{"line":202,"column":40},"end":{"line":202,"column":54}}],"line":202},"17":{"loc":{"start":{"line":220,"column":22},"end":{"line":220,"column":91}},"type":"binary-expr","locations":[{"start":{"line":220,"column":22},"end":{"line":220,"column":42}},{"start":{"line":220,"column":46},"end":{"line":220,"column":66}},{"start":{"line":220,"column":70},"end":{"line":220,"column":91}}],"line":220},"18":{"loc":{"start":{"line":221,"column":8},"end":{"line":224,"column":9}},"type":"if","locations":[{"start":{"line":221,"column":8},"end":{"line":224,"column":9}},{"start":{},"end":{}}],"line":221},"19":{"loc":{"start":{"line":225,"column":8},"end":{"line":225,"column":57}},"type":"if","locations":[{"start":{"line":225,"column":8},"end":{"line":225,"column":57}},{"start":{},"end":{}}],"line":225},"20":{"loc":{"start":{"line":228,"column":52},"end":{"line":228,"column":103}},"type":"binary-expr","locations":[{"start":{"line":228,"column":52},"end":{"line":228,"column":62}},{"start":{"line":228,"column":66},"end":{"line":228,"column":103}}],"line":228},"21":{"loc":{"start":{"line":250,"column":22},"end":{"line":250,"column":94}},"type":"binary-expr","locations":[{"start":{"line":250,"column":22},"end":{"line":250,"column":40}},{"start":{"line":250,"column":44},"end":{"line":250,"column":63}},{"start":{"line":250,"column":67},"end":{"line":250,"column":88}},{"start":{"line":250,"column":92},"end":{"line":250,"column":94}}],"line":250},"22":{"loc":{"start":{"line":275,"column":22},"end":{"line":275,"column":89}},"type":"binary-expr","locations":[{"start":{"line":275,"column":22},"end":{"line":275,"column":40}},{"start":{"line":275,"column":44},"end":{"line":275,"column":64}},{"start":{"line":275,"column":68},"end":{"line":275,"column":89}}],"line":275},"23":{"loc":{"start":{"line":276,"column":8},"end":{"line":279,"column":9}},"type":"if","locations":[{"start":{"line":276,"column":8},"end":{"line":279,"column":9}},{"start":{},"end":{}}],"line":276},"24":{"loc":{"start":{"line":280,"column":8},"end":{"line":280,"column":57}},"type":"if","locations":[{"start":{"line":280,"column":8},"end":{"line":280,"column":57}},{"start":{},"end":{}}],"line":280},"25":{"loc":{"start":{"line":307,"column":8},"end":{"line":307,"column":32}},"type":"if","locations":[{"start":{"line":307,"column":8},"end":{"line":307,"column":32}},{"start":{},"end":{}}],"line":307},"26":{"loc":{"start":{"line":308,"column":8},"end":{"line":308,"column":57}},"type":"if","locations":[{"start":{"line":308,"column":8},"end":{"line":308,"column":57}},{"start":{},"end":{}}],"line":308},"27":{"loc":{"start":{"line":311,"column":52},"end":{"line":311,"column":103}},"type":"binary-expr","locations":[{"start":{"line":311,"column":52},"end":{"line":311,"column":62}},{"start":{"line":311,"column":66},"end":{"line":311,"column":103}}],"line":311},"28":{"loc":{"start":{"line":330,"column":21},"end":{"line":330,"column":47}},"type":"binary-expr","locations":[{"start":{"line":330,"column":21},"end":{"line":330,"column":41}},{"start":{"line":330,"column":45},"end":{"line":330,"column":47}}],"line":330},"29":{"loc":{"start":{"line":333,"column":26},"end":{"line":333,"column":61}},"type":"binary-expr","locations":[{"start":{"line":333,"column":26},"end":{"line":333,"column":43}},{"start":{"line":333,"column":47},"end":{"line":333,"column":61}}],"line":333},"30":{"loc":{"start":{"line":338,"column":26},"end":{"line":338,"column":69}},"type":"binary-expr","locations":[{"start":{"line":338,"column":26},"end":{"line":338,"column":64}},{"start":{"line":338,"column":68},"end":{"line":338,"column":69}}],"line":338},"31":{"loc":{"start":{"line":339,"column":26},"end":{"line":339,"column":69}},"type":"binary-expr","locations":[{"start":{"line":339,"column":26},"end":{"line":339,"column":64}},{"start":{"line":339,"column":68},"end":{"line":339,"column":69}}],"line":339},"32":{"loc":{"start":{"line":352,"column":21},"end":{"line":352,"column":47}},"type":"binary-expr","locations":[{"start":{"line":352,"column":21},"end":{"line":352,"column":41}},{"start":{"line":352,"column":45},"end":{"line":352,"column":47}}],"line":352},"33":{"loc":{"start":{"line":356,"column":23},"end":{"line":356,"column":77}},"type":"cond-expr","locations":[{"start":{"line":356,"column":41},"end":{"line":356,"column":72}},{"start":{"line":356,"column":75},"end":{"line":356,"column":77}}],"line":356},"34":{"loc":{"start":{"line":359,"column":38},"end":{"line":359,"column":64}},"type":"binary-expr","locations":[{"start":{"line":359,"column":38},"end":{"line":359,"column":59}},{"start":{"line":359,"column":63},"end":{"line":359,"column":64}}],"line":359},"35":{"loc":{"start":{"line":359,"column":69},"end":{"line":359,"column":95}},"type":"binary-expr","locations":[{"start":{"line":359,"column":69},"end":{"line":359,"column":90}},{"start":{"line":359,"column":94},"end":{"line":359,"column":95}}],"line":359},"36":{"loc":{"start":{"line":370,"column":21},"end":{"line":370,"column":47}},"type":"binary-expr","locations":[{"start":{"line":370,"column":21},"end":{"line":370,"column":41}},{"start":{"line":370,"column":45},"end":{"line":370,"column":47}}],"line":370},"37":{"loc":{"start":{"line":374,"column":40},"end":{"line":374,"column":93}},"type":"cond-expr","locations":[{"start":{"line":374,"column":56},"end":{"line":374,"column":77}},{"start":{"line":374,"column":80},"end":{"line":374,"column":93}}],"line":374},"38":{"loc":{"start":{"line":375,"column":19},"end":{"line":375,"column":45}},"type":"binary-expr","locations":[{"start":{"line":375,"column":19},"end":{"line":375,"column":40}},{"start":{"line":375,"column":44},"end":{"line":375,"column":45}}],"line":375},"39":{"loc":{"start":{"line":391,"column":21},"end":{"line":391,"column":92}},"type":"binary-expr","locations":[{"start":{"line":391,"column":21},"end":{"line":391,"column":42}},{"start":{"line":391,"column":46},"end":{"line":391,"column":62}},{"start":{"line":391,"column":66},"end":{"line":391,"column":86}},{"start":{"line":391,"column":90},"end":{"line":391,"column":92}}],"line":391},"40":{"loc":{"start":{"line":393,"column":49},"end":{"line":393,"column":106}},"type":"binary-expr","locations":[{"start":{"line":393,"column":49},"end":{"line":393,"column":62}},{"start":{"line":393,"column":66},"end":{"line":393,"column":106}}],"line":393},"41":{"loc":{"start":{"line":402,"column":29},"end":{"line":402,"column":45}},"type":"default-arg","locations":[{"start":{"line":402,"column":37},"end":{"line":402,"column":45}}],"line":402},"42":{"loc":{"start":{"line":407,"column":21},"end":{"line":407,"column":75}},"type":"binary-expr","locations":[{"start":{"line":407,"column":21},"end":{"line":407,"column":44}},{"start":{"line":407,"column":48},"end":{"line":407,"column":69}},{"start":{"line":407,"column":73},"end":{"line":407,"column":75}}],"line":407}},"s":{"0":3,"1":3,"2":3,"3":0,"4":3,"5":0,"6":0,"7":3,"8":0,"9":3,"10":3,"11":3,"12":0,"13":0,"14":3,"15":0,"16":3,"17":0,"18":3,"19":0,"20":3,"21":0,"22":0,"23":0,"24":0,"25":0,"26":0,"27":0,"28":0,"29":0,"30":0,"31":0,"32":0,"33":0,"34":0,"35":0,"36":3,"37":0,"38":0,"39":0,"40":0,"41":0,"42":0,"43":0,"44":0,"45":0,"46":0,"47":3,"48":0,"49":0,"50":0,"51":0,"52":0,"53":0,"54":0,"55":0,"56":0,"57":0,"58":3,"59":0,"60":0,"61":0,"62":0,"63":0,"64":0,"65":0,"66":0,"67":0,"68":0,"69":3,"70":0,"71":0,"72":0,"73":0,"74":0,"75":0,"76":0,"77":0,"78":0,"79":0,"80":0,"81":0,"82":0,"83":0,"84":3,"85":0,"86":0,"87":0,"88":0,"89":0,"90":0,"91":0,"92":0,"93":0,"94":0,"95":0,"96":0,"97":0,"98":0,"99":0,"100":0,"101":0,"102":3,"103":0,"104":0,"105":0,"106":0,"107":0,"108":0,"109":0,"110":0,"111":3,"112":0,"113":0,"114":0,"115":0,"116":0,"117":0,"118":0,"119":0,"120":0,"121":0,"122":0,"123":0,"124":0,"125":0,"126":0,"127":3,"128":0,"129":0,"130":0,"131":0,"132":0,"133":0,"134":0,"135":0,"136":0,"137":0,"138":0,"139":0,"140":0,"141":0,"142":3,"143":0,"144":0,"145":0,"146":0,"147":0,"148":0,"149":0,"150":0,"151":0,"152":0,"153":0,"154":0,"155":3,"156":0,"157":0,"158":0,"159":0,"160":0,"161":0,"162":0,"163":0,"164":0,"165":0,"166":3,"167":0,"168":0,"169":0,"170":0,"171":0,"172":0,"173":0,"174":0,"175":0,"176":0,"177":3,"178":0,"179":0,"180":0,"181":0,"182":0,"183":0,"184":0,"185":0,"186":0,"187":0,"188":0,"189":0,"190":3,"191":0,"192":0,"193":0,"194":0,"195":0,"196":0,"197":0,"198":0,"199":0,"200":3},"f":{"0":0,"1":0,"2":0,"3":0,"4":0,"5":0,"6":0,"7":0,"8":0,"9":0,"10":0,"11":0,"12":0,"13":0,"14":0,"15":0,"16":0,"17":0,"18":0,"19":0,"20":0,"21":0,"22":0,"23":0,"24":0,"25":0,"26":0,"27":0,"28":0,"29":0,"30":0,"31":0,"32":0,"33":0,"34":0,"35":0,"36":0,"37":0},"b":{"0":[0,0],"1":[0,0,0],"2":[0,0],"3":[0,0],"4":[0,0],"5":[0,0],"6":[0,0],"7":[0,0],"8":[0,0],"9":[0,0],"10":[0,0],"11":[0,0],"12":[0,0],"13":[0,0],"14":[0,0],"15":[0,0],"16":[0,0],"17":[0,0,0],"18":[0,0],"19":[0,0],"20":[0,0],"21":[0,0,0,0],"22":[0,0,0],"23":[0,0],"24":[0,0],"25":[0,0],"26":[0,0],"27":[0,0],"28":[0,0],"29":[0,0],"30":[0,0],"31":[0,0],"32":[0,0],"33":[0,0],"34":[0,0],"35":[0,0],"36":[0,0],"37":[0,0],"38":[0,0],"39":[0,0,0,0],"40":[0,0],"41":[0],"42":[0,0,0]},"_coverageSchema":"1a1c01bbd47fc00a2c39e90264f33305004495a9","hash":"63bb9d9c142da823736ad292d600abfd50d2b591"}
,"C:\\Users\\Alex\\proyecto-comun-2526-futbol\\backend-node\\app_api\\tests\\utils\\testfixtures\\player.test.data.js": {"path":"C:\\Users\\Alex\\proyecto-comun-2526-futbol\\backend-node\\app_api\\tests\\utils\\testfixtures\\player.test.data.js","statementMap":{"0":{"start":{"line":1,"column":21},"end":{"line":11,"column":1}},"1":{"start":{"line":13,"column":24},"end":{"line":18,"column":1}},"2":{"start":{"line":20,"column":22},"end":{"line":29,"column":1}},"3":{"start":{"line":31,"column":25},"end":{"line":34,"column":1}},"4":{"start":{"line":36,"column":0},"end":{"line":41,"column":2}}},"fnMap":{},"branchMap":{},"s":{"0":2,"1":2,"2":2,"3":2,"4":2},"f":{},"b":{},"_coverageSchema":"1a1c01bbd47fc00a2c39e90264f33305004495a9","hash":"8eb94b694e1b5b00a005c6287dfed9c699dceb6c"}
,"C:\\Users\\Alex\\proyecto-comun-2526-futbol\\backend-node\\app_api\\utils\\jwt.util.js": {"path":"C:\\Users\\Alex\\proyecto-comun-2526-futbol\\backend-node\\app_api\\utils\\jwt.util.js","statementMap":{"0":{"start":{"line":1,"column":12},"end":{"line":1,"column":35}},"1":{"start":{"line":2,"column":11},"end":{"line":2,"column":24}},"2":{"start":{"line":3,"column":13},"end":{"line":3,"column":28}},"3":{"start":{"line":6,"column":23},"end":{"line":6,"column":68}},"4":{"start":{"line":9,"column":0},"end":{"line":20,"column":1}},"5":{"start":{"line":10,"column":4},"end":{"line":15,"column":5}},"6":{"start":{"line":11,"column":8},"end":{"line":11,"column":61}},"7":{"start":{"line":12,"column":8},"end":{"line":12,"column":90}},"8":{"start":{"line":14,"column":8},"end":{"line":14,"column":70}},"9":{"start":{"line":17,"column":4},"end":{"line":17,"column":85}},"10":{"start":{"line":18,"column":4},"end":{"line":18,"column":43}},"11":{"start":{"line":19,"column":4},"end":{"line":19,"column":25}},"12":{"start":{"line":25,"column":20},"end":{"line":41,"column":1}},"13":{"start":{"line":26,"column":4},"end":{"line":28,"column":5}},"14":{"start":{"line":27,"column":8},"end":{"line":27,"column":77}},"15":{"start":{"line":29,"column":4},"end":{"line":40,"column":6}},"16":{"start":{"line":43,"column":0},"end":{"line":43,"column":33}}},"fnMap":{"0":{"name":"(anonymous_0)","decl":{"start":{"line":25,"column":20},"end":{"line":25,"column":21}},"loc":{"start":{"line":25,"column":65},"end":{"line":41,"column":1}},"line":25}},"branchMap":{"0":{"loc":{"start":{"line":10,"column":4},"end":{"line":15,"column":5}},"type":"if","locations":[{"start":{"line":10,"column":4},"end":{"line":15,"column":5}},{"start":{"line":13,"column":11},"end":{"line":15,"column":5}}],"line":10},"1":{"loc":{"start":{"line":25,"column":29},"end":{"line":25,"column":42}},"type":"default-arg","locations":[{"start":{"line":25,"column":36},"end":{"line":25,"column":42}}],"line":25},"2":{"loc":{"start":{"line":25,"column":44},"end":{"line":25,"column":60}},"type":"default-arg","locations":[{"start":{"line":25,"column":55},"end":{"line":25,"column":60}}],"line":25},"3":{"loc":{"start":{"line":26,"column":4},"end":{"line":28,"column":5}},"type":"if","locations":[{"start":{"line":26,"column":4},"end":{"line":28,"column":5}},{"start":{},"end":{}}],"line":26}},"s":{"0":3,"1":3,"2":3,"3":3,"4":3,"5":3,"6":3,"7":3,"8":0,"9":0,"10":0,"11":0,"12":3,"13":5,"14":0,"15":5,"16":3},"f":{"0":5},"b":{"0":[3,0],"1":[0],"2":[5],"3":[0,5]},"_coverageSchema":"1a1c01bbd47fc00a2c39e90264f33305004495a9","hash":"41d1152ec0a47dc98e35a4131b466becbd0e364f"}
}
