TN:
SF:server.js
FN:43,(anonymous_0)
FN:59,(anonymous_1)
FN:95,(anonymous_2)
FN:100,(anonymous_3)
FN:105,(anonymous_4)
FN:110,(anonymous_5)
FNF:6
FNH:1
FNDA:0,(anonymous_0)
FNDA:0,(anonymous_1)
FNDA:1,(anonymous_2)
FNDA:0,(anonymous_3)
FNDA:0,(anonymous_4)
FNDA:0,(anonymous_5)
DA:1,3
DA:2,3
DA:3,3
DA:6,3
DA:8,3
DA:9,3
DA:10,3
DA:12,3
DA:13,3
DA:15,3
DA:23,3
DA:24,3
DA:27,3
DA:28,3
DA:31,3
DA:34,3
DA:36,3
DA:37,3
DA:40,3
DA:41,3
DA:43,3
DA:44,0
DA:45,0
DA:46,0
DA:49,0
DA:50,0
DA:51,0
DA:53,0
DA:54,0
DA:55,0
DA:58,0
DA:59,0
DA:63,0
DA:64,0
DA:65,0
DA:66,0
DA:67,0
DA:70,0
DA:71,0
DA:72,0
DA:73,0
DA:75,0
DA:87,0
DA:88,0
DA:94,3
DA:95,3
DA:96,1
DA:99,3
DA:100,0
DA:101,0
DA:105,0
DA:106,0
DA:110,0
DA:111,0
DA:117,3
LF:55
LH:26
BRDA:13,0,0,3
BRDA:13,0,1,0
BRDA:45,1,0,0
BRDA:45,1,1,0
BRDA:46,2,0,0
BRDA:46,2,1,0
BRDA:53,3,0,0
BRDA:53,3,1,0
BRDA:59,4,0,0
BRDA:59,4,1,0
BRDA:71,5,0,0
BRDA:71,5,1,0
BRDA:72,6,0,0
BRDA:72,6,1,0
BRDA:73,7,0,0
BRDA:73,7,1,0
BRDA:77,8,0,0
BRDA:77,8,1,0
BRDA:99,9,0,0
BRDA:99,9,1,3
BRF:20
BRH:2
end_of_record
TN:
SF:app_api\controllers\ai.js
FN:9,(anonymous_0)
FNF:1
FNH:0
FNDA:0,(anonymous_0)
DA:1,3
DA:2,3
DA:3,3
DA:9,3
DA:10,0
DA:11,0
DA:14,0
DA:18,0
DA:19,0
DA:24,0
DA:27,0
DA:29,0
DA:41,0
DA:42,0
DA:45,0
DA:46,0
DA:54,0
DA:63,3
LF:18
LH:5
BRDA:18,0,0,0
BRDA:18,0,1,0
BRDA:18,1,0,0
BRDA:18,1,1,0
BRDA:41,2,0,0
BRDA:41,2,1,0
BRDA:45,3,0,0
BRDA:45,3,1,0
BRDA:45,4,0,0
BRDA:45,4,1,0
BRF:10
BRH:0
end_of_record
TN:
SF:app_api\controllers\apiResult.js
FN:4,(anonymous_0)
FNF:1
FNH:1
FNDA:14,(anonymous_0)
DA:2,3
DA:4,3
DA:5,14
DA:6,14
DA:18,3
LF:5
LH:5
BRDA:4,0,0,5
BRDA:5,1,0,7
BRDA:5,1,1,7
BRDA:10,2,0,11
BRDA:10,2,1,3
BRF:5
BRH:5
end_of_record
TN:
SF:app_api\controllers\auth.js
FN:11,(anonymous_0)
FN:122,(anonymous_1)
FN:161,(anonymous_2)
FN:196,(anonymous_3)
FN:213,(anonymous_4)
FNF:5
FNH:5
FNDA:3,(anonymous_0)
FNDA:2,(anonymous_1)
FNDA:1,(anonymous_2)
FNDA:1,(anonymous_3)
FNDA:1,(anonymous_4)
DA:1,4
DA:2,4
DA:3,4
DA:4,4
DA:5,4
DA:11,4
DA:12,3
DA:13,3
DA:14,3
DA:15,3
DA:16,1
DA:19,2
DA:25,2
DA:27,2
DA:28,1
DA:29,0
DA:31,1
DA:34,2
DA:36,2
DA:37,1
DA:38,1
DA:39,1
DA:45,1
DA:49,1
DA:51,1
DA:60,1
DA:63,1
DA:64,1
DA:65,1
DA:68,1
DA:69,1
DA:70,1
DA:71,1
DA:78,0
DA:79,0
DA:80,0
DA:82,0
DA:87,1
DA:89,1
DA:90,1
DA:91,1
DA:92,1
DA:93,1
DA:95,0
DA:99,1
DA:101,1
DA:113,1
DA:114,1
DA:122,4
DA:123,2
DA:127,2
DA:129,2
DA:130,1
DA:133,1
DA:135,1
DA:138,1
DA:141,1
DA:147,1
DA:149,1
DA:152,0
DA:153,0
DA:161,4
DA:162,1
DA:164,1
DA:165,0
DA:168,1
DA:170,1
DA:173,1
DA:176,1
DA:182,1
DA:184,1
DA:187,0
DA:188,0
DA:196,4
DA:197,1
DA:199,1
DA:200,1
DA:201,1
DA:203,1
DA:205,0
DA:213,4
DA:214,1
DA:216,1
DA:217,0
DA:220,1
DA:222,1
DA:225,1
DA:228,1
DA:234,1
DA:235,1
DA:237,1
DA:240,0
DA:241,0
DA:245,4
LF:94
LH:79
BRDA:15,0,0,1
BRDA:15,0,1,2
BRDA:27,1,0,1
BRDA:27,1,1,1
BRDA:36,2,0,1
BRDA:36,2,1,1
BRDA:54,3,0,1
BRDA:54,3,1,0
BRDA:55,4,0,1
BRDA:55,4,1,1
BRDA:63,5,0,1
BRDA:63,5,1,0
BRDA:68,6,0,1
BRDA:68,6,1,0
BRDA:75,7,0,1
BRDA:75,7,1,0
BRDA:78,8,0,0
BRDA:78,8,1,0
BRDA:87,9,0,1
BRDA:87,9,1,0
BRDA:91,10,0,1
BRDA:91,10,1,0
BRDA:129,11,0,1
BRDA:129,11,1,1
BRDA:164,12,0,0
BRDA:164,12,1,1
BRDA:200,13,0,1
BRDA:200,13,1,0
BRDA:216,14,0,0
BRDA:216,14,1,1
BRDA:234,15,0,1
BRDA:234,15,1,0
BRF:32
BRH:20
end_of_record
TN:
SF:app_api\controllers\comments.js
FN:6,(anonymous_0)
FN:26,(anonymous_1)
FN:45,(anonymous_2)
FN:67,(anonymous_3)
FNF:4
FNH:4
FNDA:1,(anonymous_0)
FNDA:1,(anonymous_1)
FNDA:1,(anonymous_2)
FNDA:1,(anonymous_3)
DA:1,3
DA:2,3
DA:3,3
DA:6,3
DA:7,1
DA:8,1
DA:9,1
DA:10,0
DA:13,1
DA:14,1
DA:15,1
DA:17,1
DA:20,0
DA:21,0
DA:26,3
DA:27,1
DA:28,1
DA:29,1
DA:30,0
DA:33,1
DA:34,1
DA:35,0
DA:38,1
DA:40,0
DA:45,3
DA:46,1
DA:47,1
DA:48,1
DA:49,0
DA:52,1
DA:53,1
DA:54,0
DA:57,1
DA:58,1
DA:60,1
DA:62,0
DA:67,3
DA:68,1
DA:69,1
DA:70,1
DA:71,0
DA:74,1
DA:75,1
DA:76,0
DA:80,1
DA:81,1
DA:82,1
DA:84,1
DA:85,1
DA:87,0
DA:91,3
LF:51
LH:39
BRDA:9,0,0,0
BRDA:9,0,1,1
BRDA:29,1,0,0
BRDA:29,1,1,1
BRDA:34,2,0,0
BRDA:34,2,1,1
BRDA:48,3,0,0
BRDA:48,3,1,1
BRDA:53,4,0,0
BRDA:53,4,1,1
BRDA:70,5,0,0
BRDA:70,5,1,1
BRDA:75,6,0,0
BRDA:75,6,1,1
BRDA:80,7,0,1
BRDA:80,7,1,0
BRDA:81,8,0,1
BRDA:81,8,1,0
BRDA:82,9,0,0
BRDA:82,9,1,1
BRF:20
BRH:10
end_of_record
TN:
SF:app_api\controllers\external.controller.js
FN:8,(anonymous_0)
FN:20,(anonymous_1)
FN:30,(anonymous_2)
FN:40,(anonymous_3)
FN:50,(anonymous_4)
FN:61,(anonymous_5)
FN:71,(anonymous_6)
FN:82,(anonymous_7)
FN:91,(anonymous_8)
FN:103,(anonymous_9)
FN:114,(anonymous_10)
FN:124,(anonymous_11)
FN:134,(anonymous_12)
FN:144,(anonymous_13)
FN:154,(anonymous_14)
FNF:15
FNH:0
FNDA:0,(anonymous_0)
FNDA:0,(anonymous_1)
FNDA:0,(anonymous_2)
FNDA:0,(anonymous_3)
FNDA:0,(anonymous_4)
FNDA:0,(anonymous_5)
FNDA:0,(anonymous_6)
FNDA:0,(anonymous_7)
FNDA:0,(anonymous_8)
FNDA:0,(anonymous_9)
FNDA:0,(anonymous_10)
FNDA:0,(anonymous_11)
FNDA:0,(anonymous_12)
FNDA:0,(anonymous_13)
FNDA:0,(anonymous_14)
DA:1,3
DA:2,3
DA:8,3
DA:9,0
DA:10,0
DA:11,0
DA:13,0
DA:14,0
DA:16,0
DA:20,3
DA:21,0
DA:22,0
DA:23,0
DA:24,0
DA:26,0
DA:30,3
DA:31,0
DA:32,0
DA:33,0
DA:34,0
DA:36,0
DA:40,3
DA:41,0
DA:42,0
DA:43,0
DA:44,0
DA:46,0
DA:50,3
DA:51,0
DA:52,0
DA:53,0
DA:54,0
DA:55,0
DA:57,0
DA:61,3
DA:62,0
DA:63,0
DA:64,0
DA:65,0
DA:67,0
DA:71,3
DA:72,0
DA:73,0
DA:74,0
DA:75,0
DA:76,0
DA:78,0
DA:82,3
DA:83,0
DA:84,0
DA:85,0
DA:87,0
DA:91,3
DA:92,0
DA:93,0
DA:94,0
DA:95,0
DA:96,0
DA:98,0
DA:103,3
DA:104,0
DA:105,0
DA:106,0
DA:107,0
DA:108,0
DA:110,0
DA:114,3
DA:115,0
DA:116,0
DA:117,0
DA:118,0
DA:120,0
DA:124,3
DA:125,0
DA:126,0
DA:127,0
DA:128,0
DA:130,0
DA:134,3
DA:135,0
DA:136,0
DA:137,0
DA:138,0
DA:140,0
DA:144,3
DA:145,0
DA:146,0
DA:147,0
DA:148,0
DA:150,0
DA:154,3
DA:155,0
DA:156,0
DA:157,0
DA:158,0
DA:159,0
DA:161,0
DA:165,3
LF:98
LH:18
BRDA:11,0,0,0
BRDA:11,0,1,0
BRDA:53,1,0,0
BRDA:53,1,1,0
BRDA:74,2,0,0
BRDA:74,2,1,0
BRDA:94,3,0,0
BRDA:94,3,1,0
BRDA:107,4,0,0
BRDA:107,4,1,0
BRDA:158,5,0,0
BRDA:158,5,1,0
BRF:12
BRH:0
end_of_record
TN:
SF:app_api\controllers\geocoding.js
FN:8,(anonymous_0)
FNF:1
FNH:1
FNDA:5,(anonymous_0)
DA:1,4
DA:2,4
DA:8,4
DA:9,5
DA:11,5
DA:12,1
DA:15,4
DA:16,4
DA:18,4
DA:25,3
DA:26,2
DA:29,2
DA:30,2
DA:31,2
DA:32,2
DA:35,2
DA:36,2
DA:37,2
DA:38,2
DA:39,2
DA:41,2
DA:44,2
DA:45,1
DA:48,2
DA:54,1
DA:56,1
DA:57,1
DA:61,4
LF:28
LH:28
BRDA:11,0,0,1
BRDA:11,0,1,4
BRDA:11,1,0,5
BRDA:11,1,1,4
BRDA:25,2,0,2
BRDA:25,2,1,1
BRDA:25,3,0,3
BRDA:25,3,1,3
BRDA:26,4,0,2
BRDA:26,4,1,0
BRDA:29,5,0,2
BRDA:29,5,1,1
BRDA:29,5,2,1
BRDA:29,5,3,1
BRDA:29,5,4,1
BRDA:29,5,5,1
BRDA:30,6,0,2
BRDA:30,6,1,1
BRDA:31,7,0,2
BRDA:31,7,1,1
BRDA:32,8,0,2
BRDA:32,8,1,1
BRDA:32,8,2,1
BRDA:36,9,0,1
BRDA:36,9,1,1
BRDA:37,10,0,1
BRDA:37,10,1,1
BRDA:38,11,0,1
BRDA:38,11,1,1
BRDA:39,12,0,1
BRDA:39,12,1,1
BRDA:44,13,0,1
BRDA:44,13,1,1
BRF:33
BRH:32
end_of_record
TN:
SF:app_api\controllers\news.js
FN:4,(anonymous_0)
FN:13,(anonymous_1)
FN:22,(anonymous_2)
FN:31,(anonymous_3)
FN:40,(anonymous_4)
FN:49,(anonymous_5)
FNF:6
FNH:0
FNDA:0,(anonymous_0)
FNDA:0,(anonymous_1)
FNDA:0,(anonymous_2)
FNDA:0,(anonymous_3)
FNDA:0,(anonymous_4)
FNDA:0,(anonymous_5)
DA:1,3
DA:2,3
DA:4,3
DA:5,0
DA:6,0
DA:7,0
DA:9,0
DA:13,3
DA:14,0
DA:15,0
DA:16,0
DA:18,0
DA:22,3
DA:23,0
DA:24,0
DA:25,0
DA:27,0
DA:31,3
DA:32,0
DA:33,0
DA:34,0
DA:36,0
DA:40,3
DA:41,0
DA:42,0
DA:43,0
DA:45,0
DA:49,3
DA:50,0
DA:51,0
DA:52,0
DA:54,0
DA:58,3
LF:33
LH:9
BRF:0
BRH:0
end_of_record
TN:
SF:app_api\controllers\players.js
FN:6,(anonymous_0)
FN:17,(anonymous_1)
FN:50,(anonymous_2)
FN:67,(anonymous_3)
FN:77,(anonymous_4)
FN:90,(anonymous_5)
FN:118,(anonymous_6)
FNF:7
FNH:6
FNDA:0,(anonymous_0)
FNDA:2,(anonymous_1)
FNDA:2,(anonymous_2)
FNDA:1,(anonymous_3)
FNDA:2,(anonymous_4)
FNDA:1,(anonymous_5)
FNDA:1,(anonymous_6)
DA:1,3
DA:2,3
DA:3,3
DA:6,3
DA:7,0
DA:9,0
DA:10,0
DA:12,0
DA:17,3
DA:18,2
DA:20,2
DA:22,2
DA:23,0
DA:24,0
DA:27,2
DA:28,2
DA:31,2
DA:33,2
DA:34,0
DA:35,2
DA:36,0
DA:39,2
DA:41,2
DA:42,2
DA:44,0
DA:45,0
DA:50,3
DA:51,2
DA:52,2
DA:54,2
DA:58,2
DA:59,1
DA:61,1
DA:67,3
DA:68,1
DA:69,1
DA:70,1
DA:72,0
DA:77,3
DA:78,2
DA:79,2
DA:80,2
DA:81,1
DA:83,1
DA:85,0
DA:90,3
DA:91,1
DA:92,1
DA:94,1
DA:95,0
DA:99,1
DA:100,1
DA:102,1
DA:103,0
DA:106,1
DA:109,1
DA:110,1
DA:112,1
DA:114,0
DA:118,3
DA:119,1
DA:120,1
DA:122,1
DA:123,0
DA:127,1
DA:128,1
DA:130,1
DA:131,0
DA:134,1
DA:135,1
DA:137,0
DA:141,3
LF:72
LH:54
BRDA:20,0,0,2
BRDA:20,0,1,0
BRDA:22,1,0,0
BRDA:22,1,1,2
BRDA:22,2,0,2
BRDA:22,2,1,2
BRDA:23,3,0,0
BRDA:23,3,1,0
BRDA:33,4,0,0
BRDA:33,4,1,2
BRDA:35,5,0,0
BRDA:35,5,1,2
BRDA:41,6,0,2
BRDA:41,6,1,0
BRDA:44,7,0,0
BRDA:44,7,1,0
BRDA:80,8,0,1
BRDA:80,8,1,1
BRDA:94,9,0,0
BRDA:94,9,1,1
BRDA:99,10,0,1
BRDA:99,10,1,1
BRDA:102,11,0,0
BRDA:102,11,1,1
BRDA:102,12,0,1
BRDA:102,12,1,0
BRDA:122,13,0,0
BRDA:122,13,1,1
BRDA:127,14,0,1
BRDA:127,14,1,1
BRDA:130,15,0,0
BRDA:130,15,1,1
BRDA:130,16,0,1
BRDA:130,16,1,0
BRF:34
BRH:19
end_of_record
TN:
SF:app_api\controllers\public-comments.js
FN:6,(anonymous_0)
FNF:1
FNH:1
FNDA:3,(anonymous_0)
DA:1,4
DA:2,4
DA:3,4
DA:6,4
DA:7,3
DA:8,3
DA:9,3
DA:10,1
DA:14,2
DA:23,2
DA:24,2
DA:25,1
DA:27,1
DA:30,1
DA:31,1
DA:35,4
LF:16
LH:16
BRDA:9,0,0,1
BRDA:9,0,1,2
BRDA:16,1,0,2
BRDA:16,1,1,0
BRDA:17,2,0,2
BRDA:17,2,1,0
BRDA:18,3,0,2
BRDA:18,3,1,2
BRF:8
BRH:6
end_of_record
TN:
SF:app_api\middleware\auth.middleware.js
FN:21,(anonymous_0)
FN:48,(anonymous_1)
FN:79,(anonymous_2)
FN:89,(anonymous_3)
FNF:4
FNH:1
FNDA:13,(anonymous_0)
FNDA:0,(anonymous_1)
FNDA:0,(anonymous_2)
FNDA:0,(anonymous_3)
DA:1,3
DA:2,3
DA:3,3
DA:4,3
DA:5,3
DA:8,3
DA:9,3
DA:11,3
DA:12,3
DA:13,3
DA:15,0
DA:21,3
DA:22,13
DA:23,13
DA:24,13
DA:25,13
DA:26,11
DA:34,13
DA:35,13
DA:38,0
DA:40,0
DA:41,0
DA:44,0
DA:46,0
DA:48,0
DA:49,0
DA:50,0
DA:51,0
DA:54,0
DA:55,0
DA:61,0
DA:62,0
DA:66,0
DA:67,0
DA:69,0
DA:71,0
DA:79,3
DA:80,0
DA:81,0
DA:83,0
DA:89,3
DA:90,0
DA:91,0
DA:93,0
DA:96,3
LF:45
LH:21
BRDA:9,0,0,3
BRDA:9,0,1,3
BRDA:11,1,0,3
BRDA:11,1,1,0
BRDA:22,2,0,13
BRDA:22,2,1,0
BRDA:25,3,0,11
BRDA:25,3,1,2
BRDA:38,4,0,0
BRDA:38,4,1,0
BRDA:40,5,0,0
BRDA:40,5,1,0
BRDA:40,6,0,0
BRDA:40,6,1,0
BRDA:49,7,0,0
BRDA:49,7,1,0
BRDA:56,8,0,0
BRDA:56,8,1,0
BRDA:61,9,0,0
BRDA:61,9,1,0
BRDA:80,10,0,0
BRDA:80,10,1,0
BRDA:80,11,0,0
BRDA:80,11,1,0
BRDA:90,12,0,0
BRDA:90,12,1,0
BRDA:90,13,0,0
BRDA:90,13,1,0
BRF:28
BRH:6
end_of_record
TN:
SF:app_api\middleware\tracing.js
FN:10,(anonymous_0)
FN:24,(anonymous_1)
FNF:2
FNH:2
FNDA:14,(anonymous_0)
FNDA:4,(anonymous_1)
DA:1,3
DA:4,3
DA:10,3
DA:11,14
DA:14,14
DA:17,14
DA:20,14
DA:24,14
DA:25,4
DA:28,14
DA:31,3
LF:11
LH:11
BRDA:11,0,0,14
BRDA:11,0,1,14
BRF:2
BRH:2
end_of_record
TN:
SF:app_api\models\db.js
FN:26,connectWithRetry
FN:49,(anonymous_1)
FN:54,(anonymous_2)
FN:57,(anonymous_3)
FN:66,(anonymous_4)
FN:70,(anonymous_5)
FN:74,(anonymous_6)
FN:79,(anonymous_7)
FN:80,(anonymous_8)
FN:87,(anonymous_9)
FN:88,(anonymous_10)
FN:94,(anonymous_11)
FN:95,(anonymous_12)
FN:101,(anonymous_13)
FN:102,(anonymous_14)
FNF:15
FNH:3
FNDA:3,connectWithRetry
FNDA:0,(anonymous_1)
FNDA:0,(anonymous_2)
FNDA:0,(anonymous_3)
FNDA:3,(anonymous_4)
FNDA:0,(anonymous_5)
FNDA:3,(anonymous_6)
FNDA:0,(anonymous_7)
FNDA:0,(anonymous_8)
FNDA:0,(anonymous_9)
FNDA:0,(anonymous_10)
FNDA:0,(anonymous_11)
FNDA:0,(anonymous_12)
FNDA:0,(anonymous_13)
FNDA:0,(anonymous_14)
DA:1,3
DA:4,3
DA:7,3
DA:9,3
DA:12,3
DA:13,3
DA:17,3
DA:23,3
DA:24,3
DA:27,3
DA:29,3
DA:30,3
DA:31,3
DA:32,3
DA:34,0
DA:35,0
DA:38,0
DA:39,0
DA:42,0
DA:43,0
DA:45,0
DA:48,0
DA:49,0
DA:54,3
DA:56,0
DA:57,0
DA:58,0
DA:60,0
DA:62,0
DA:66,3
DA:67,3
DA:70,3
DA:71,0
DA:74,3
DA:75,3
DA:79,3
DA:80,0
DA:81,0
DA:82,0
DA:87,3
DA:88,0
DA:89,0
DA:94,3
DA:95,0
DA:96,0
DA:101,3
DA:102,0
DA:103,0
DA:108,3
DA:109,3
LF:50
LH:26
BRDA:4,0,0,3
BRDA:4,0,1,0
BRDA:7,1,0,3
BRDA:7,1,1,0
BRDA:12,2,0,3
BRDA:12,2,1,0
BRDA:19,3,0,3
BRDA:19,3,1,3
BRDA:20,4,0,3
BRDA:20,4,1,3
BRDA:23,5,0,3
BRDA:23,5,1,3
BRDA:24,6,0,3
BRDA:24,6,1,3
BRDA:35,7,0,0
BRDA:35,7,1,0
BRDA:38,8,0,0
BRDA:38,8,1,0
BRDA:42,9,0,0
BRDA:42,9,1,0
BRDA:56,10,0,0
BRDA:56,10,1,0
BRF:22
BRH:11
end_of_record
TN:
SF:app_api\models\firebase.js
FNF:0
FNH:0
DA:1,3
DA:2,3
DA:4,3
DA:6,3
DA:7,3
DA:8,3
DA:9,3
DA:10,3
DA:13,0
DA:16,3
DA:17,3
DA:20,3
DA:22,0
DA:25,3
LF:14
LH:12
BRDA:7,0,0,3
BRDA:7,0,1,0
BRDA:8,1,0,3
BRDA:8,1,1,0
BRDA:16,2,0,3
BRDA:16,2,1,0
BRF:6
BRH:3
end_of_record
TN:
SF:app_api\models\players.js
FNF:0
FNH:0
DA:1,3
DA:4,3
DA:22,3
DA:33,3
DA:43,3
DA:51,3
DA:59,3
DA:115,3
LF:8
LH:8
BRF:0
BRH:0
end_of_record
TN:
SF:app_api\models\users.js
FNF:0
FNH:0
DA:1,3
DA:3,3
DA:37,3
LF:3
LH:3
BRF:0
BRH:0
end_of_record
TN:
SF:app_api\routes\api-docs.js
FNF:0
FNH:0
DA:1,3
DA:3,3
DA:56,3
DA:57,3
LF:4
LH:4
BRF:0
BRH:0
end_of_record
TN:
SF:app_api\routes\index.js
FNF:0
FNH:0
DA:1,3
DA:2,3
DA:3,3
DA:4,3
DA:5,3
DA:6,3
DA:7,3
DA:8,3
DA:9,3
DA:10,3
DA:11,3
DA:14,3
DA:45,3
DA:46,3
DA:57,3
DA:58,3
DA:59,3
DA:62,3
DA:81,3
DA:94,3
DA:95,3
DA:96,3
DA:97,3
DA:149,3
DA:151,3
DA:165,3
DA:167,3
DA:169,3
DA:174,3
DA:176,3
DA:237,3
DA:253,3
DA:263,3
DA:264,3
DA:265,3
DA:266,3
DA:267,3
DA:268,3
DA:269,3
DA:270,3
DA:271,3
DA:272,3
DA:282,3
DA:283,3
DA:284,3
DA:285,3
DA:286,3
DA:288,3
LF:48
LH:48
BRF:0
BRH:0
end_of_record
TN:
SF:app_api\services\ai.service.js
FN:8,(anonymous_0)
FN:72,(anonymous_1)
FN:87,(anonymous_2)
FN:93,(anonymous_3)
FN:97,(anonymous_4)
FN:101,(anonymous_5)
FN:107,(anonymous_6)
FN:120,(anonymous_7)
FNF:8
FNH:1
FNDA:3,(anonymous_0)
FNDA:0,(anonymous_1)
FNDA:0,(anonymous_2)
FNDA:0,(anonymous_3)
FNDA:0,(anonymous_4)
FNDA:0,(anonymous_5)
FNDA:0,(anonymous_6)
FNDA:0,(anonymous_7)
DA:1,3
DA:2,3
DA:3,3
DA:4,3
DA:5,3
DA:9,3
DA:12,3
DA:13,0
DA:14,0
DA:15,0
DA:17,0
DA:19,0
DA:27,0
DA:31,3
DA:47,3
DA:48,0
DA:72,0
DA:73,0
DA:77,0
DA:84,0
DA:87,0
DA:88,0
DA:89,0
DA:93,0
DA:94,0
DA:97,0
DA:98,0
DA:101,0
DA:102,0
DA:109,0
DA:110,0
DA:119,0
DA:120,0
DA:121,0
DA:124,0
DA:127,0
DA:132,0
DA:133,0
DA:136,0
DA:138,0
DA:139,0
DA:140,0
DA:143,0
DA:144,0
DA:146,0
DA:147,0
DA:151,0
DA:152,0
DA:157,3
LF:49
LH:10
BRDA:12,0,0,0
BRDA:12,0,1,3
BRDA:47,1,0,0
BRDA:47,1,1,3
BRDA:109,2,0,0
BRDA:109,2,1,0
BRDA:121,3,0,0
BRDA:121,3,1,0
BRDA:121,4,0,0
BRDA:121,4,1,0
BRDA:121,5,0,0
BRDA:121,5,1,0
BRDA:121,6,0,0
BRDA:121,6,1,0
BRDA:121,7,0,0
BRDA:121,7,1,0
BRDA:121,8,0,0
BRDA:121,8,1,0
BRDA:132,9,0,0
BRDA:132,9,1,0
BRDA:139,10,0,0
BRDA:139,10,1,0
BRF:22
BRH:2
end_of_record
TN:
SF:app_api\services\news.service.js
FN:12,(anonymous_0)
FN:29,(anonymous_1)
FN:43,(anonymous_2)
FN:55,(anonymous_3)
FN:60,(anonymous_4)
FN:88,(anonymous_5)
FN:111,(anonymous_6)
FN:115,(anonymous_7)
FN:130,(anonymous_8)
FNF:9
FNH:0
FNDA:0,(anonymous_0)
FNDA:0,(anonymous_1)
FNDA:0,(anonymous_2)
FNDA:0,(anonymous_3)
FNDA:0,(anonymous_4)
FNDA:0,(anonymous_5)
FNDA:0,(anonymous_6)
FNDA:0,(anonymous_7)
FNDA:0,(anonymous_8)
DA:1,3
DA:7,3
DA:12,3
DA:13,0
DA:14,0
DA:15,0
DA:16,0
DA:17,0
DA:20,0
DA:21,0
DA:22,0
DA:23,0
DA:26,0
DA:29,3
DA:32,0
DA:34,0
DA:39,0
DA:40,0
DA:43,3
DA:46,0
DA:47,0
DA:49,0
DA:51,0
DA:52,0
DA:55,3
DA:56,0
DA:57,0
DA:60,3
DA:61,0
DA:62,0
DA:63,0
DA:64,0
DA:66,0
DA:84,0
DA:85,0
DA:88,3
DA:89,0
DA:90,0
DA:98,0
DA:99,0
DA:100,0
DA:102,0
DA:103,0
DA:104,0
DA:106,0
DA:107,0
DA:111,3
DA:112,0
DA:115,3
DA:116,0
DA:119,0
DA:120,0
DA:121,0
DA:124,0
DA:125,0
DA:126,0
DA:127,0
DA:129,0
DA:130,0
DA:132,0
DA:151,0
DA:153,0
DA:158,0
DA:159,0
DA:161,0
DA:163,0
DA:164,0
DA:165,0
DA:167,0
DA:168,0
DA:171,0
DA:172,0
DA:177,3
LF:73
LH:11
BRDA:7,0,0,3
BRDA:7,0,1,3
BRDA:13,1,0,0
BRDA:13,1,1,0
BRDA:14,2,0,0
BRDA:14,2,1,0
BRDA:16,3,0,0
BRDA:16,3,1,0
BRDA:20,4,0,0
BRDA:20,4,1,0
BRDA:22,5,0,0
BRDA:22,5,1,0
BRDA:32,6,0,0
BRDA:32,6,1,0
BRDA:32,6,2,0
BRDA:46,7,0,0
BRDA:46,7,1,0
BRDA:47,8,0,0
BRDA:47,8,1,0
BRDA:49,9,0,0
BRDA:49,9,1,0
BRDA:61,10,0,0
BRDA:61,10,1,0
BRDA:61,10,2,0
BRDA:67,11,0,0
BRDA:67,11,1,0
BRDA:69,12,0,0
BRDA:69,12,1,0
BRDA:74,13,0,0
BRDA:74,13,1,0
BRDA:75,14,0,0
BRDA:75,14,1,0
BRDA:76,15,0,0
BRDA:76,15,1,0
BRDA:77,16,0,0
BRDA:77,16,1,0
BRDA:93,17,0,0
BRDA:93,17,1,0
BRDA:94,18,0,0
BRDA:94,18,1,0
BRDA:106,19,0,0
BRDA:106,19,1,0
BRDA:116,20,0,0
BRDA:116,20,1,0
BRDA:119,21,0,0
BRDA:119,21,1,0
BRDA:124,22,0,0
BRDA:124,22,1,0
BRDA:124,22,2,0
BRDA:133,23,0,0
BRDA:133,23,1,0
BRDA:134,24,0,0
BRDA:134,24,1,0
BRDA:135,25,0,0
BRDA:135,25,1,0
BRDA:136,26,0,0
BRDA:136,26,1,0
BRDA:137,27,0,0
BRDA:137,27,1,0
BRDA:138,28,0,0
BRDA:138,28,1,0
BRDA:139,29,0,0
BRDA:139,29,1,0
BRDA:140,30,0,0
BRDA:140,30,1,0
BRDA:141,31,0,0
BRDA:141,31,1,0
BRDA:142,32,0,0
BRDA:142,32,1,0
BRDA:143,33,0,0
BRDA:143,33,1,0
BRDA:161,34,0,0
BRDA:161,34,1,0
BRDA:164,35,0,0
BRDA:164,35,1,0
BRDA:165,36,0,0
BRDA:165,36,1,0
BRF:77
BRH:2
end_of_record
TN:
SF:app_api\services\thesportsdb.service.js
FN:6,(anonymous_0)
FN:10,(anonymous_1)
FN:22,(anonymous_2)
FN:39,(anonymous_3)
FN:45,(anonymous_4)
FN:49,(anonymous_5)
FN:53,(anonymous_6)
FN:59,(anonymous_7)
FN:72,(anonymous_8)
FN:74,(anonymous_9)
FN:96,(anonymous_10)
FN:139,(anonymous_11)
FN:168,(anonymous_12)
FN:187,(anonymous_13)
FN:197,(anonymous_14)
FN:199,(anonymous_15)
FN:213,(anonymous_16)
FN:228,(anonymous_17)
FN:231,(anonymous_18)
FN:246,(anonymous_19)
FN:252,(anonymous_20)
FN:269,(anonymous_21)
FN:284,(anonymous_22)
FN:301,(anonymous_23)
FN:311,(anonymous_24)
FN:313,(anonymous_25)
FN:326,(anonymous_26)
FN:331,(anonymous_27)
FN:337,(anonymous_28)
FN:348,(anonymous_29)
FN:353,(anonymous_30)
FN:359,(anonymous_31)
FN:366,(anonymous_32)
FN:371,(anonymous_33)
FN:378,(anonymous_34)
FN:385,(anonymous_35)
FN:393,(anonymous_36)
FN:402,(anonymous_37)
FNF:38
FNH:0
FNDA:0,(anonymous_0)
FNDA:0,(anonymous_1)
FNDA:0,(anonymous_2)
FNDA:0,(anonymous_3)
FNDA:0,(anonymous_4)
FNDA:0,(anonymous_5)
FNDA:0,(anonymous_6)
FNDA:0,(anonymous_7)
FNDA:0,(anonymous_8)
FNDA:0,(anonymous_9)
FNDA:0,(anonymous_10)
FNDA:0,(anonymous_11)
FNDA:0,(anonymous_12)
FNDA:0,(anonymous_13)
FNDA:0,(anonymous_14)
FNDA:0,(anonymous_15)
FNDA:0,(anonymous_16)
FNDA:0,(anonymous_17)
FNDA:0,(anonymous_18)
FNDA:0,(anonymous_19)
FNDA:0,(anonymous_20)
FNDA:0,(anonymous_21)
FNDA:0,(anonymous_22)
FNDA:0,(anonymous_23)
FNDA:0,(anonymous_24)
FNDA:0,(anonymous_25)
FNDA:0,(anonymous_26)
FNDA:0,(anonymous_27)
FNDA:0,(anonymous_28)
FNDA:0,(anonymous_29)
FNDA:0,(anonymous_30)
FNDA:0,(anonymous_31)
FNDA:0,(anonymous_32)
FNDA:0,(anonymous_33)
FNDA:0,(anonymous_34)
FNDA:0,(anonymous_35)
FNDA:0,(anonymous_36)
FNDA:0,(anonymous_37)
DA:1,3
DA:2,3
DA:6,3
DA:7,0
DA:10,3
DA:11,0
DA:12,0
DA:22,3
DA:23,0
DA:29,3
DA:36,3
DA:39,3
DA:40,0
DA:41,0
DA:45,3
DA:46,0
DA:49,3
DA:50,0
DA:53,3
DA:54,0
DA:59,3
DA:60,0
DA:61,0
DA:62,0
DA:65,0
DA:67,0
DA:68,0
DA:69,0
DA:72,0
DA:74,0
DA:91,0
DA:92,0
DA:96,3
DA:97,0
DA:98,0
DA:99,0
DA:101,0
DA:102,0
DA:103,0
DA:105,0
DA:134,0
DA:135,0
DA:139,3
DA:140,0
DA:141,0
DA:142,0
DA:144,0
DA:145,0
DA:146,0
DA:148,0
DA:163,0
DA:164,0
DA:168,3
DA:169,0
DA:170,0
DA:171,0
DA:173,0
DA:174,0
DA:175,0
DA:177,0
DA:182,0
DA:183,0
DA:187,3
DA:188,0
DA:189,0
DA:190,0
DA:192,0
DA:193,0
DA:194,0
DA:197,0
DA:199,0
DA:208,0
DA:209,0
DA:213,3
DA:214,0
DA:215,0
DA:216,0
DA:218,0
DA:220,0
DA:221,0
DA:222,0
DA:223,0
DA:225,0
DA:228,0
DA:229,0
DA:231,0
DA:241,0
DA:242,0
DA:246,3
DA:247,0
DA:248,0
DA:249,0
DA:250,0
DA:252,0
DA:264,0
DA:265,0
DA:269,3
DA:270,0
DA:271,0
DA:272,0
DA:274,0
DA:275,0
DA:276,0
DA:277,0
DA:278,0
DA:280,0
DA:282,0
DA:284,0
DA:296,0
DA:297,0
DA:301,3
DA:302,0
DA:303,0
DA:304,0
DA:306,0
DA:307,0
DA:308,0
DA:311,0
DA:313,0
DA:321,0
DA:322,0
DA:326,3
DA:327,0
DA:328,0
DA:329,0
DA:330,0
DA:331,0
DA:337,0
DA:338,0
DA:339,0
DA:340,0
DA:343,0
DA:344,0
DA:348,3
DA:349,0
DA:350,0
DA:351,0
DA:352,0
DA:353,0
DA:359,0
DA:361,0
DA:362,0
DA:366,3
DA:367,0
DA:368,0
DA:369,0
DA:370,0
DA:371,0
DA:378,0
DA:380,0
DA:381,0
DA:385,3
DA:386,0
DA:387,0
DA:388,0
DA:389,0
DA:390,0
DA:391,0
DA:393,0
DA:394,0
DA:395,0
DA:397,0
DA:398,0
DA:402,3
DA:403,0
DA:404,0
DA:405,0
DA:406,0
DA:407,0
DA:408,0
DA:409,0
DA:411,0
DA:412,0
DA:416,3
LF:174
LH:26
BRDA:7,0,0,0
BRDA:7,0,1,0
BRDA:11,1,0,0
BRDA:11,1,1,0
BRDA:11,1,2,0
BRDA:68,2,0,0
BRDA:68,2,1,0
BRDA:69,3,0,0
BRDA:69,3,1,0
BRDA:72,4,0,0
BRDA:72,4,1,0
BRDA:102,5,0,0
BRDA:102,5,1,0
BRDA:103,6,0,0
BRDA:103,6,1,0
BRDA:125,7,0,0
BRDA:125,7,1,0
BRDA:145,8,0,0
BRDA:145,8,1,0
BRDA:146,9,0,0
BRDA:146,9,1,0
BRDA:151,10,0,0
BRDA:151,10,1,0
BRDA:174,11,0,0
BRDA:174,11,1,0
BRDA:175,12,0,0
BRDA:175,12,1,0
BRDA:193,13,0,0
BRDA:193,13,1,0
BRDA:194,14,0,0
BRDA:194,14,1,0
BRDA:197,15,0,0
BRDA:197,15,1,0
BRDA:202,16,0,0
BRDA:202,16,1,0
BRDA:220,17,0,0
BRDA:220,17,1,0
BRDA:220,17,2,0
BRDA:221,18,0,0
BRDA:221,18,1,0
BRDA:225,19,0,0
BRDA:225,19,1,0
BRDA:228,20,0,0
BRDA:228,20,1,0
BRDA:250,21,0,0
BRDA:250,21,1,0
BRDA:250,21,2,0
BRDA:250,21,3,0
BRDA:275,22,0,0
BRDA:275,22,1,0
BRDA:275,22,2,0
BRDA:276,23,0,0
BRDA:276,23,1,0
BRDA:280,24,0,0
BRDA:280,24,1,0
BRDA:307,25,0,0
BRDA:307,25,1,0
BRDA:308,26,0,0
BRDA:308,26,1,0
BRDA:311,27,0,0
BRDA:311,27,1,0
BRDA:330,28,0,0
BRDA:330,28,1,0
BRDA:333,29,0,0
BRDA:333,29,1,0
BRDA:338,30,0,0
BRDA:338,30,1,0
BRDA:339,31,0,0
BRDA:339,31,1,0
BRDA:352,32,0,0
BRDA:352,32,1,0
BRDA:356,33,0,0
BRDA:356,33,1,0
BRDA:359,34,0,0
BRDA:359,34,1,0
BRDA:359,35,0,0
BRDA:359,35,1,0
BRDA:370,36,0,0
BRDA:370,36,1,0
BRDA:374,37,0,0
BRDA:374,37,1,0
BRDA:375,38,0,0
BRDA:375,38,1,0
BRDA:391,39,0,0
BRDA:391,39,1,0
BRDA:391,39,2,0
BRDA:391,39,3,0
BRDA:393,40,0,0
BRDA:393,40,1,0
BRDA:402,41,0,0
BRDA:407,42,0,0
BRDA:407,42,1,0
BRDA:407,42,2,0
BRF:93
BRH:0
end_of_record
TN:
SF:app_api\tests\utils\testfixtures\player.test.data.js
FNF:0
FNH:0
DA:1,2
DA:13,2
DA:20,2
DA:31,2
DA:36,2
LF:5
LH:5
BRF:0
BRH:0
end_of_record
TN:
SF:app_api\utils\jwt.util.js
FN:25,(anonymous_0)
FNF:1
FNH:1
FNDA:5,(anonymous_0)
DA:1,3
DA:2,3
DA:3,3
DA:6,3
DA:9,3
DA:10,3
DA:11,3
DA:12,3
DA:14,0
DA:17,0
DA:18,0
DA:19,0
DA:25,3
DA:26,5
DA:27,0
DA:29,5
DA:43,3
LF:17
LH:12
BRDA:10,0,0,3
BRDA:10,0,1,0
BRDA:25,1,0,0
BRDA:25,2,0,5
BRDA:26,3,0,0
BRDA:26,3,1,5
BRF:6
BRH:3
end_of_record
