TN:
SF:server.js
FN:29,(anonymous_0)
FN:38,(anonymous_1)
FN:43,(anonymous_2)
FNF:3
FNH:1
FNDA:0,(anonymous_0)
FNDA:1,(anonymous_1)
FNDA:0,(anonymous_2)
DA:1,3
DA:2,3
DA:3,3
DA:6,3
DA:8,3
DA:9,3
DA:10,3
DA:12,3
DA:13,3
DA:15,3
DA:16,3
DA:17,3
DA:20,3
DA:21,3
DA:24,3
DA:27,3
DA:29,3
DA:30,0
DA:37,3
DA:38,3
DA:39,1
DA:42,3
DA:43,0
DA:44,0
DA:48,3
LF:25
LH:22
BRDA:13,0,0,3
BRDA:13,0,1,0
BRDA:42,1,0,0
BRDA:42,1,1,3
BRF:4
BRH:2
end_of_record
TN:
SF:app_api\controllers\ai.js
FN:9,(anonymous_0)
FNF:1
FNH:0
FNDA:0,(anonymous_0)
DA:1,3
DA:2,3
DA:3,3
DA:9,3
DA:10,0
DA:12,0
DA:17,0
DA:19,0
DA:20,0
DA:26,0
DA:28,0
DA:40,0
DA:41,0
DA:47,3
LF:14
LH:5
BRDA:19,0,0,0
BRDA:19,0,1,0
BRDA:19,1,0,0
BRDA:19,1,1,0
BRF:4
BRH:0
end_of_record
TN:
SF:app_api\controllers\apiResult.js
FN:4,(anonymous_0)
FNF:1
FNH:1
FNDA:13,(anonymous_0)
DA:2,3
DA:4,3
DA:5,13
DA:17,3
LF:4
LH:4
BRDA:4,0,0,5
BRDA:9,1,0,10
BRDA:9,1,1,3
BRF:3
BRH:3
end_of_record
TN:
SF:app_api\controllers\auth.js
FN:11,(anonymous_0)
FNF:1
FNH:0
FNDA:0,(anonymous_0)
DA:1,3
DA:2,3
DA:3,3
DA:4,3
DA:5,3
DA:11,3
DA:12,0
DA:14,0
DA:15,0
DA:18,0
DA:23,0
DA:24,0
DA:26,0
DA:33,0
DA:34,0
DA:44,0
DA:46,0
DA:49,0
DA:51,0
DA:58,0
DA:61,0
DA:62,0
DA:63,0
DA:67,0
DA:69,0
DA:80,0
DA:81,0
DA:85,3
LF:28
LH:7
BRDA:14,0,0,0
BRDA:14,0,1,0
BRDA:23,1,0,0
BRDA:23,1,1,0
BRDA:23,2,0,0
BRDA:23,2,1,0
BRDA:37,3,0,0
BRDA:37,3,1,0
BRDA:38,4,0,0
BRDA:38,4,1,0
BRDA:46,5,0,0
BRDA:46,5,1,0
BRDA:56,6,0,0
BRDA:56,6,1,0
BRF:14
BRH:0
end_of_record
TN:
SF:app_api\controllers\comments.js
FN:6,(anonymous_0)
FN:25,(anonymous_1)
FN:44,(anonymous_2)
FN:66,(anonymous_3)
FNF:4
FNH:4
FNDA:1,(anonymous_0)
FNDA:1,(anonymous_1)
FNDA:1,(anonymous_2)
FNDA:1,(anonymous_3)
DA:1,3
DA:2,3
DA:3,3
DA:6,3
DA:7,1
DA:8,1
DA:9,1
DA:10,0
DA:13,1
DA:14,1
DA:15,1
DA:17,1
DA:20,0
DA:25,3
DA:26,1
DA:27,1
DA:28,1
DA:29,0
DA:32,1
DA:33,1
DA:34,0
DA:37,1
DA:39,0
DA:44,3
DA:45,1
DA:46,1
DA:47,1
DA:48,0
DA:51,1
DA:52,1
DA:53,0
DA:56,1
DA:57,1
DA:59,1
DA:61,0
DA:66,3
DA:67,1
DA:68,1
DA:69,1
DA:70,0
DA:73,1
DA:74,1
DA:75,0
DA:79,1
DA:80,1
DA:81,1
DA:83,1
DA:84,1
DA:86,0
DA:90,3
LF:50
LH:39
BRDA:9,0,0,0
BRDA:9,0,1,1
BRDA:28,1,0,0
BRDA:28,1,1,1
BRDA:33,2,0,0
BRDA:33,2,1,1
BRDA:47,3,0,0
BRDA:47,3,1,1
BRDA:52,4,0,0
BRDA:52,4,1,1
BRDA:69,5,0,0
BRDA:69,5,1,1
BRDA:74,6,0,0
BRDA:74,6,1,1
BRDA:79,7,0,1
BRDA:79,7,1,0
BRDA:80,8,0,1
BRDA:80,8,1,0
BRDA:81,9,0,0
BRDA:81,9,1,1
BRF:20
BRH:10
end_of_record
TN:
SF:app_api\controllers\external.controller.js
FN:8,(anonymous_0)
FNF:1
FNH:0
FNDA:0,(anonymous_0)
DA:1,3
DA:2,3
DA:8,3
DA:9,0
DA:10,0
DA:12,0
DA:13,0
DA:16,0
DA:19,0
DA:22,0
DA:23,0
DA:27,3
LF:12
LH:4
BRDA:12,0,0,0
BRDA:12,0,1,0
BRF:2
BRH:0
end_of_record
TN:
SF:app_api\controllers\players.js
FN:6,(anonymous_0)
FN:20,(anonymous_1)
FN:41,(anonymous_2)
FN:51,(anonymous_3)
FN:64,(anonymous_4)
FN:82,(anonymous_5)
FNF:6
FNH:5
FNDA:0,(anonymous_0)
FNDA:2,(anonymous_1)
FNDA:2,(anonymous_2)
FNDA:2,(anonymous_3)
FNDA:1,(anonymous_4)
FNDA:1,(anonymous_5)
DA:1,3
DA:2,3
DA:3,3
DA:6,3
DA:7,0
DA:9,0
DA:13,0
DA:15,0
DA:20,3
DA:21,2
DA:22,2
DA:23,2
DA:25,2
DA:26,0
DA:27,2
DA:28,0
DA:29,2
DA:30,0
DA:33,2
DA:34,2
DA:36,0
DA:41,3
DA:42,2
DA:43,2
DA:44,1
DA:46,1
DA:51,3
DA:52,2
DA:53,2
DA:54,2
DA:55,1
DA:57,1
DA:59,0
DA:64,3
DA:65,1
DA:66,1
DA:72,1
DA:73,0
DA:75,1
DA:77,0
DA:82,3
DA:83,1
DA:84,1
DA:85,1
DA:86,0
DA:88,1
DA:90,0
DA:94,3
LF:48
LH:35
BRDA:25,0,0,0
BRDA:25,0,1,2
BRDA:27,1,0,0
BRDA:27,1,1,2
BRDA:29,2,0,0
BRDA:29,2,1,2
BRDA:54,3,0,1
BRDA:54,3,1,1
BRDA:72,4,0,0
BRDA:72,4,1,1
BRDA:85,5,0,0
BRDA:85,5,1,1
BRF:12
BRH:7
end_of_record
TN:
SF:app_api\middleware\auth.middleware.js
FN:9,(anonymous_0)
FN:45,(anonymous_1)
FN:73,(anonymous_2)
FNF:3
FNH:2
FNDA:7,(anonymous_0)
FNDA:0,(anonymous_1)
FNDA:2,(anonymous_2)
DA:1,3
DA:2,3
DA:3,3
DA:9,3
DA:11,7
DA:12,7
DA:14,7
DA:15,7
DA:16,7
DA:24,7
DA:25,7
DA:29,0
DA:32,0
DA:33,0
DA:36,0
DA:38,0
DA:39,0
DA:42,0
DA:45,0
DA:46,0
DA:47,0
DA:50,0
DA:51,0
DA:57,0
DA:58,0
DA:61,0
DA:62,0
DA:64,0
DA:65,0
DA:73,3
DA:74,2
DA:75,2
DA:77,0
DA:80,3
LF:34
LH:15
BRDA:11,0,0,7
BRDA:11,0,1,0
BRDA:15,1,0,7
BRDA:15,1,1,0
BRDA:29,2,0,0
BRDA:29,2,1,0
BRDA:32,3,0,0
BRDA:32,3,1,0
BRDA:32,4,0,0
BRDA:32,4,1,0
BRDA:38,5,0,0
BRDA:38,5,1,0
BRDA:45,6,0,0
BRDA:45,6,1,0
BRDA:46,7,0,0
BRDA:46,7,1,0
BRDA:57,8,0,0
BRDA:57,8,1,0
BRDA:74,9,0,2
BRDA:74,9,1,0
BRDA:74,10,0,2
BRDA:74,10,1,2
BRF:22
BRH:5
end_of_record
TN:
SF:app_api\middleware\tracing.js
FN:7,(anonymous_0)
FN:19,(anonymous_1)
FN:24,(anonymous_2)
FNF:3
FNH:3
FNDA:13,(anonymous_0)
FNDA:2,(anonymous_1)
FNDA:13,(anonymous_2)
DA:1,3
DA:7,3
DA:8,13
DA:11,13
DA:14,13
DA:18,13
DA:19,13
DA:20,2
DA:24,13
DA:25,13
DA:28,13
DA:31,3
LF:12
LH:12
BRDA:8,0,0,13
BRDA:8,0,1,13
BRF:2
BRH:2
end_of_record
TN:
SF:app_api\models\db.js
FN:17,(anonymous_0)
FN:21,(anonymous_1)
FN:25,(anonymous_2)
FN:30,(anonymous_3)
FN:31,(anonymous_4)
FN:38,(anonymous_5)
FN:39,(anonymous_6)
FN:45,(anonymous_7)
FN:46,(anonymous_8)
FN:52,(anonymous_9)
FN:53,(anonymous_10)
FNF:11
FNH:2
FNDA:3,(anonymous_0)
FNDA:0,(anonymous_1)
FNDA:3,(anonymous_2)
FNDA:0,(anonymous_3)
FNDA:0,(anonymous_4)
FNDA:0,(anonymous_5)
FNDA:0,(anonymous_6)
FNDA:0,(anonymous_7)
FNDA:0,(anonymous_8)
FNDA:0,(anonymous_9)
FNDA:0,(anonymous_10)
DA:1,3
DA:4,3
DA:7,3
DA:8,3
DA:9,3
DA:10,3
DA:14,3
DA:17,3
DA:18,3
DA:21,3
DA:22,0
DA:25,3
DA:26,3
DA:30,3
DA:31,0
DA:32,0
DA:33,0
DA:38,3
DA:39,0
DA:40,0
DA:45,3
DA:46,0
DA:47,0
DA:52,3
DA:53,0
DA:54,0
DA:59,3
DA:60,3
LF:28
LH:18
BRDA:4,0,0,3
BRDA:4,0,1,0
BRDA:7,1,0,3
BRDA:7,1,1,0
BRDA:9,2,0,3
BRDA:9,2,1,0
BRF:6
BRH:3
end_of_record
TN:
SF:app_api\models\firebase.js
FNF:0
FNH:0
DA:1,3
DA:2,3
DA:4,3
DA:6,3
DA:7,3
DA:8,3
DA:9,0
DA:10,0
DA:13,0
DA:16,3
DA:17,0
DA:20,0
DA:22,3
DA:25,3
LF:14
LH:9
BRDA:7,0,0,3
BRDA:7,0,1,3
BRDA:8,1,0,0
BRDA:8,1,1,3
BRDA:16,2,0,0
BRDA:16,2,1,3
BRF:6
BRH:4
end_of_record
TN:
SF:app_api\models\players.js
FNF:0
FNH:0
DA:1,3
DA:4,3
DA:17,3
DA:33,3
LF:4
LH:4
BRF:0
BRH:0
end_of_record
TN:
SF:app_api\models\users.js
FNF:0
FNH:0
DA:1,3
DA:3,3
DA:41,3
LF:3
LH:3
BRF:0
BRH:0
end_of_record
TN:
SF:app_api\routes\api-docs.js
FNF:0
FNH:0
DA:1,3
DA:3,3
DA:56,3
DA:57,3
LF:4
LH:4
BRF:0
BRH:0
end_of_record
TN:
SF:app_api\routes\index.js
FN:68,(anonymous_0)
FNF:1
FNH:1
FNDA:2,(anonymous_0)
DA:1,3
DA:2,3
DA:3,3
DA:4,3
DA:5,3
DA:6,3
DA:7,3
DA:8,3
DA:11,3
DA:63,3
DA:65,3
DA:68,2
DA:115,3
DA:141,3
DA:202,3
DA:208,3
DA:211,3
DA:213,3
LF:18
LH:18
BRF:0
BRH:0
end_of_record
TN:
SF:app_api\services\ai.service.js
FN:7,(anonymous_0)
FN:56,(anonymous_1)
FN:69,(anonymous_2)
FNF:3
FNH:1
FNDA:3,(anonymous_0)
FNDA:0,(anonymous_1)
FNDA:0,(anonymous_2)
DA:1,3
DA:2,3
DA:3,3
DA:4,3
DA:8,3
DA:11,3
DA:12,0
DA:13,0
DA:14,0
DA:24,3
DA:35,3
DA:36,0
DA:58,0
DA:59,0
DA:68,0
DA:69,0
DA:70,0
DA:73,0
DA:75,0
DA:80,0
DA:81,0
DA:85,0
DA:88,0
DA:89,0
DA:90,0
DA:94,0
DA:95,0
DA:97,0
DA:98,0
DA:102,0
DA:103,0
DA:108,3
LF:32
LH:9
BRDA:11,0,0,0
BRDA:11,0,1,3
BRDA:13,1,0,0
BRDA:13,1,1,0
BRDA:35,2,0,0
BRDA:35,2,1,3
BRDA:58,3,0,0
BRDA:58,3,1,0
BRDA:70,4,0,0
BRDA:70,4,1,0
BRDA:70,5,0,0
BRDA:70,5,1,0
BRDA:80,6,0,0
BRDA:80,6,1,0
BRDA:89,7,0,0
BRDA:89,7,1,0
BRF:16
BRH:2
end_of_record
TN:
SF:app_api\services\football.service.js
FN:19,(anonymous_0)
FN:36,(anonymous_1)
FNF:2
FNH:0
FNDA:0,(anonymous_0)
FNDA:0,(anonymous_1)
DA:1,3
DA:7,3
DA:19,3
DA:20,0
DA:21,0
DA:22,0
DA:26,0
DA:30,0
DA:31,0
DA:33,0
DA:36,0
DA:49,0
DA:50,0
DA:54,3
LF:14
LH:4
BRDA:21,0,0,0
BRDA:21,0,1,0
BRDA:21,1,0,0
BRDA:21,1,1,0
BRDA:33,2,0,0
BRDA:33,2,1,0
BRF:6
BRH:0
end_of_record
TN:
SF:app_api\tests\utils\testfixtures\player.test.data.js
FNF:0
FNH:0
DA:1,2
DA:13,2
DA:20,2
DA:31,2
DA:36,2
LF:5
LH:5
BRF:0
BRH:0
end_of_record
TN:
SF:app_api\utils\jwt.util.js
FN:7,(anonymous_0)
FNF:1
FNH:1
FNDA:5,(anonymous_0)
DA:1,3
DA:7,3
DA:8,5
DA:20,3
LF:4
LH:4
BRDA:7,0,0,0
BRDA:13,1,0,5
BRDA:13,1,1,5
BRF:3
BRH:2
end_of_record
